2019-08-20 11:24:46 DEBUG UserDaoTest:13 - ---------------------
2019-08-20 11:24:46 DEBUG UserDaoTest:14 - Main
2019-08-20 11:24:46 DEBUG UserDaoTest:15 - ---------------------
2019-08-20 11:24:46 DEBUG StandardEnvironment:109 - Adding [systemProperties] PropertySource with lowest search precedence
2019-08-20 11:24:46 DEBUG StandardEnvironment:109 - Adding [systemEnvironment] PropertySource with lowest search precedence
2019-08-20 11:24:46 DEBUG StandardEnvironment:124 - Initialized StandardEnvironment with PropertySources [systemProperties,systemEnvironment]
2019-08-20 11:24:46 INFO  AnnotationConfigApplicationContext:583 - Refreshing org.springframework.context.annotation.AnnotationConfigApplicationContext@28ba21f3: startup date [Tue Aug 20 11:24:46 KST 2019]; root of context hierarchy
2019-08-20 11:24:46 DEBUG AnnotationConfigApplicationContext:617 - Bean factory for org.springframework.context.annotation.AnnotationConfigApplicationContext@28ba21f3: org.springframework.beans.factory.support.DefaultListableBeanFactory@2acf57e3: defining beans [org.springframework.context.annotation.internalConfigurationAnnotationProcessor,org.springframework.context.annotation.internalAutowiredAnnotationProcessor,org.springframework.context.annotation.internalRequiredAnnotationProcessor,org.springframework.context.annotation.internalCommonAnnotationProcessor,org.springframework.context.event.internalEventListenerProcessor,org.springframework.context.event.internalEventListenerFactory,daoFactory]; root of factory hierarchy
2019-08-20 11:24:46 DEBUG DefaultListableBeanFactory:221 - Creating shared instance of singleton bean 'org.springframework.context.annotation.internalConfigurationAnnotationProcessor'
2019-08-20 11:24:46 DEBUG DefaultListableBeanFactory:449 - Creating instance of bean 'org.springframework.context.annotation.internalConfigurationAnnotationProcessor'
2019-08-20 11:24:46 DEBUG DefaultListableBeanFactory:539 - Eagerly caching bean 'org.springframework.context.annotation.internalConfigurationAnnotationProcessor' to allow for resolving potential circular references
2019-08-20 11:24:46 DEBUG DefaultListableBeanFactory:485 - Finished creating instance of bean 'org.springframework.context.annotation.internalConfigurationAnnotationProcessor'
2019-08-20 11:24:46 DEBUG ConfigurationClassBeanDefinitionReader:262 - Registering bean definition for @Bean method com.ehr.DaoFactory.userDao()
2019-08-20 11:24:46 DEBUG ConfigurationClassBeanDefinitionReader:262 - Registering bean definition for @Bean method com.ehr.DaoFactory.connectionMaker()
2019-08-20 11:24:46 DEBUG ConfigurationClassEnhancer:112 - Successfully enhanced com.ehr.DaoFactory; enhanced class name is: com.ehr.DaoFactory$$EnhancerBySpringCGLIB$$3692c4c7
2019-08-20 11:24:46 DEBUG ConfigurationClassPostProcessor:396 - Replacing bean definition 'daoFactory' existing class 'com.ehr.DaoFactory' with enhanced class 'com.ehr.DaoFactory$$EnhancerBySpringCGLIB$$3692c4c7'
2019-08-20 11:24:46 DEBUG DefaultListableBeanFactory:221 - Creating shared instance of singleton bean 'org.springframework.context.annotation.internalAutowiredAnnotationProcessor'
2019-08-20 11:24:46 DEBUG DefaultListableBeanFactory:449 - Creating instance of bean 'org.springframework.context.annotation.internalAutowiredAnnotationProcessor'
2019-08-20 11:24:46 DEBUG DefaultListableBeanFactory:539 - Eagerly caching bean 'org.springframework.context.annotation.internalAutowiredAnnotationProcessor' to allow for resolving potential circular references
2019-08-20 11:24:46 DEBUG DefaultListableBeanFactory:485 - Finished creating instance of bean 'org.springframework.context.annotation.internalAutowiredAnnotationProcessor'
2019-08-20 11:24:46 DEBUG DefaultListableBeanFactory:221 - Creating shared instance of singleton bean 'org.springframework.context.annotation.internalRequiredAnnotationProcessor'
2019-08-20 11:24:46 DEBUG DefaultListableBeanFactory:449 - Creating instance of bean 'org.springframework.context.annotation.internalRequiredAnnotationProcessor'
2019-08-20 11:24:46 DEBUG DefaultListableBeanFactory:539 - Eagerly caching bean 'org.springframework.context.annotation.internalRequiredAnnotationProcessor' to allow for resolving potential circular references
2019-08-20 11:24:46 DEBUG DefaultListableBeanFactory:485 - Finished creating instance of bean 'org.springframework.context.annotation.internalRequiredAnnotationProcessor'
2019-08-20 11:24:46 DEBUG DefaultListableBeanFactory:221 - Creating shared instance of singleton bean 'org.springframework.context.annotation.internalCommonAnnotationProcessor'
2019-08-20 11:24:46 DEBUG DefaultListableBeanFactory:449 - Creating instance of bean 'org.springframework.context.annotation.internalCommonAnnotationProcessor'
2019-08-20 11:24:46 DEBUG DefaultListableBeanFactory:539 - Eagerly caching bean 'org.springframework.context.annotation.internalCommonAnnotationProcessor' to allow for resolving potential circular references
2019-08-20 11:24:46 DEBUG DefaultListableBeanFactory:485 - Finished creating instance of bean 'org.springframework.context.annotation.internalCommonAnnotationProcessor'
2019-08-20 11:24:46 DEBUG AnnotationConfigApplicationContext:734 - Unable to locate MessageSource with name 'messageSource': using default [org.springframework.context.support.DelegatingMessageSource@704921a5]
2019-08-20 11:24:46 DEBUG AnnotationConfigApplicationContext:758 - Unable to locate ApplicationEventMulticaster with name 'applicationEventMulticaster': using default [org.springframework.context.event.SimpleApplicationEventMulticaster@31f924f5]
2019-08-20 11:24:46 DEBUG DefaultListableBeanFactory:730 - Pre-instantiating singletons in org.springframework.beans.factory.support.DefaultListableBeanFactory@2acf57e3: defining beans [org.springframework.context.annotation.internalConfigurationAnnotationProcessor,org.springframework.context.annotation.internalAutowiredAnnotationProcessor,org.springframework.context.annotation.internalRequiredAnnotationProcessor,org.springframework.context.annotation.internalCommonAnnotationProcessor,org.springframework.context.event.internalEventListenerProcessor,org.springframework.context.event.internalEventListenerFactory,daoFactory,userDao,connectionMaker]; root of factory hierarchy
2019-08-20 11:24:46 DEBUG DefaultListableBeanFactory:251 - Returning cached instance of singleton bean 'org.springframework.context.annotation.internalConfigurationAnnotationProcessor'
2019-08-20 11:24:46 DEBUG DefaultListableBeanFactory:251 - Returning cached instance of singleton bean 'org.springframework.context.annotation.internalAutowiredAnnotationProcessor'
2019-08-20 11:24:46 DEBUG DefaultListableBeanFactory:251 - Returning cached instance of singleton bean 'org.springframework.context.annotation.internalRequiredAnnotationProcessor'
2019-08-20 11:24:46 DEBUG DefaultListableBeanFactory:251 - Returning cached instance of singleton bean 'org.springframework.context.annotation.internalCommonAnnotationProcessor'
2019-08-20 11:24:46 DEBUG DefaultListableBeanFactory:221 - Creating shared instance of singleton bean 'org.springframework.context.event.internalEventListenerProcessor'
2019-08-20 11:24:46 DEBUG DefaultListableBeanFactory:449 - Creating instance of bean 'org.springframework.context.event.internalEventListenerProcessor'
2019-08-20 11:24:46 DEBUG DefaultListableBeanFactory:539 - Eagerly caching bean 'org.springframework.context.event.internalEventListenerProcessor' to allow for resolving potential circular references
2019-08-20 11:24:46 DEBUG DefaultListableBeanFactory:485 - Finished creating instance of bean 'org.springframework.context.event.internalEventListenerProcessor'
2019-08-20 11:24:46 DEBUG DefaultListableBeanFactory:221 - Creating shared instance of singleton bean 'org.springframework.context.event.internalEventListenerFactory'
2019-08-20 11:24:46 DEBUG DefaultListableBeanFactory:449 - Creating instance of bean 'org.springframework.context.event.internalEventListenerFactory'
2019-08-20 11:24:46 DEBUG DefaultListableBeanFactory:539 - Eagerly caching bean 'org.springframework.context.event.internalEventListenerFactory' to allow for resolving potential circular references
2019-08-20 11:24:46 DEBUG DefaultListableBeanFactory:485 - Finished creating instance of bean 'org.springframework.context.event.internalEventListenerFactory'
2019-08-20 11:24:46 DEBUG DefaultListableBeanFactory:221 - Creating shared instance of singleton bean 'daoFactory'
2019-08-20 11:24:46 DEBUG DefaultListableBeanFactory:449 - Creating instance of bean 'daoFactory'
2019-08-20 11:24:46 DEBUG DefaultListableBeanFactory:539 - Eagerly caching bean 'daoFactory' to allow for resolving potential circular references
2019-08-20 11:24:46 DEBUG DefaultListableBeanFactory:485 - Finished creating instance of bean 'daoFactory'
2019-08-20 11:24:46 DEBUG DefaultListableBeanFactory:221 - Creating shared instance of singleton bean 'userDao'
2019-08-20 11:24:46 DEBUG DefaultListableBeanFactory:449 - Creating instance of bean 'userDao'
2019-08-20 11:24:46 DEBUG DefaultListableBeanFactory:251 - Returning cached instance of singleton bean 'daoFactory'
2019-08-20 11:24:46 DEBUG DefaultListableBeanFactory:221 - Creating shared instance of singleton bean 'connectionMaker'
2019-08-20 11:24:46 DEBUG DefaultListableBeanFactory:449 - Creating instance of bean 'connectionMaker'
2019-08-20 11:24:46 DEBUG DefaultListableBeanFactory:251 - Returning cached instance of singleton bean 'daoFactory'
2019-08-20 11:24:46 DEBUG DefaultListableBeanFactory:539 - Eagerly caching bean 'connectionMaker' to allow for resolving potential circular references
2019-08-20 11:24:46 DEBUG DefaultListableBeanFactory:485 - Finished creating instance of bean 'connectionMaker'
2019-08-20 11:24:46 DEBUG DefaultListableBeanFactory:539 - Eagerly caching bean 'userDao' to allow for resolving potential circular references
2019-08-20 11:24:46 DEBUG DefaultListableBeanFactory:485 - Finished creating instance of bean 'userDao'
2019-08-20 11:24:46 DEBUG DefaultListableBeanFactory:251 - Returning cached instance of singleton bean 'connectionMaker'
2019-08-20 11:24:46 DEBUG DefaultListableBeanFactory:251 - Returning cached instance of singleton bean 'org.springframework.context.event.internalEventListenerFactory'
2019-08-20 11:24:46 DEBUG AnnotationConfigApplicationContext:785 - Unable to locate LifecycleProcessor with name 'lifecycleProcessor': using default [org.springframework.context.support.DefaultLifecycleProcessor@2d127a61]
2019-08-20 11:24:46 DEBUG DefaultListableBeanFactory:251 - Returning cached instance of singleton bean 'lifecycleProcessor'
2019-08-20 11:24:46 DEBUG PropertySourcesPropertyResolver:91 - Could not find key 'spring.liveBeansView.mbeanDomain' in any property source
2019-08-20 11:24:46 DEBUG DefaultListableBeanFactory:251 - Returning cached instance of singleton bean 'userDao'
2019-08-20 11:24:46 DEBUG UserDaoTest:21 - =============================
2019-08-20 11:24:46 DEBUG UserDaoTest:22 - 00. UserDao=com.ehr.UserDao@76329302
2019-08-20 11:24:46 DEBUG UserDaoTest:23 - =============================
2019-08-20 11:25:47 DEBUG UserDaoTest:13 - ---------------------
2019-08-20 11:25:47 DEBUG UserDaoTest:14 - Main
2019-08-20 11:25:47 DEBUG UserDaoTest:15 - ---------------------
2019-08-20 11:25:47 DEBUG StandardEnvironment:109 - Adding [systemProperties] PropertySource with lowest search precedence
2019-08-20 11:25:47 DEBUG StandardEnvironment:109 - Adding [systemEnvironment] PropertySource with lowest search precedence
2019-08-20 11:25:47 DEBUG StandardEnvironment:124 - Initialized StandardEnvironment with PropertySources [systemProperties,systemEnvironment]
2019-08-20 11:25:47 INFO  AnnotationConfigApplicationContext:583 - Refreshing org.springframework.context.annotation.AnnotationConfigApplicationContext@28ba21f3: startup date [Tue Aug 20 11:25:47 KST 2019]; root of context hierarchy
2019-08-20 11:25:47 DEBUG AnnotationConfigApplicationContext:617 - Bean factory for org.springframework.context.annotation.AnnotationConfigApplicationContext@28ba21f3: org.springframework.beans.factory.support.DefaultListableBeanFactory@2acf57e3: defining beans [org.springframework.context.annotation.internalConfigurationAnnotationProcessor,org.springframework.context.annotation.internalAutowiredAnnotationProcessor,org.springframework.context.annotation.internalRequiredAnnotationProcessor,org.springframework.context.annotation.internalCommonAnnotationProcessor,org.springframework.context.event.internalEventListenerProcessor,org.springframework.context.event.internalEventListenerFactory,daoFactory]; root of factory hierarchy
2019-08-20 11:25:47 DEBUG DefaultListableBeanFactory:221 - Creating shared instance of singleton bean 'org.springframework.context.annotation.internalConfigurationAnnotationProcessor'
2019-08-20 11:25:47 DEBUG DefaultListableBeanFactory:449 - Creating instance of bean 'org.springframework.context.annotation.internalConfigurationAnnotationProcessor'
2019-08-20 11:25:47 DEBUG DefaultListableBeanFactory:539 - Eagerly caching bean 'org.springframework.context.annotation.internalConfigurationAnnotationProcessor' to allow for resolving potential circular references
2019-08-20 11:25:47 DEBUG DefaultListableBeanFactory:485 - Finished creating instance of bean 'org.springframework.context.annotation.internalConfigurationAnnotationProcessor'
2019-08-20 11:25:47 DEBUG ConfigurationClassBeanDefinitionReader:262 - Registering bean definition for @Bean method com.ehr.DaoFactory.userDao()
2019-08-20 11:25:47 DEBUG ConfigurationClassBeanDefinitionReader:262 - Registering bean definition for @Bean method com.ehr.DaoFactory.connectionMaker()
2019-08-20 11:25:47 DEBUG ConfigurationClassEnhancer:112 - Successfully enhanced com.ehr.DaoFactory; enhanced class name is: com.ehr.DaoFactory$$EnhancerBySpringCGLIB$$3692c4c7
2019-08-20 11:25:47 DEBUG ConfigurationClassPostProcessor:396 - Replacing bean definition 'daoFactory' existing class 'com.ehr.DaoFactory' with enhanced class 'com.ehr.DaoFactory$$EnhancerBySpringCGLIB$$3692c4c7'
2019-08-20 11:25:47 DEBUG DefaultListableBeanFactory:221 - Creating shared instance of singleton bean 'org.springframework.context.annotation.internalAutowiredAnnotationProcessor'
2019-08-20 11:25:47 DEBUG DefaultListableBeanFactory:449 - Creating instance of bean 'org.springframework.context.annotation.internalAutowiredAnnotationProcessor'
2019-08-20 11:25:47 DEBUG DefaultListableBeanFactory:539 - Eagerly caching bean 'org.springframework.context.annotation.internalAutowiredAnnotationProcessor' to allow for resolving potential circular references
2019-08-20 11:25:47 DEBUG DefaultListableBeanFactory:485 - Finished creating instance of bean 'org.springframework.context.annotation.internalAutowiredAnnotationProcessor'
2019-08-20 11:25:47 DEBUG DefaultListableBeanFactory:221 - Creating shared instance of singleton bean 'org.springframework.context.annotation.internalRequiredAnnotationProcessor'
2019-08-20 11:25:47 DEBUG DefaultListableBeanFactory:449 - Creating instance of bean 'org.springframework.context.annotation.internalRequiredAnnotationProcessor'
2019-08-20 11:25:47 DEBUG DefaultListableBeanFactory:539 - Eagerly caching bean 'org.springframework.context.annotation.internalRequiredAnnotationProcessor' to allow for resolving potential circular references
2019-08-20 11:25:47 DEBUG DefaultListableBeanFactory:485 - Finished creating instance of bean 'org.springframework.context.annotation.internalRequiredAnnotationProcessor'
2019-08-20 11:25:47 DEBUG DefaultListableBeanFactory:221 - Creating shared instance of singleton bean 'org.springframework.context.annotation.internalCommonAnnotationProcessor'
2019-08-20 11:25:47 DEBUG DefaultListableBeanFactory:449 - Creating instance of bean 'org.springframework.context.annotation.internalCommonAnnotationProcessor'
2019-08-20 11:25:47 DEBUG DefaultListableBeanFactory:539 - Eagerly caching bean 'org.springframework.context.annotation.internalCommonAnnotationProcessor' to allow for resolving potential circular references
2019-08-20 11:25:47 DEBUG DefaultListableBeanFactory:485 - Finished creating instance of bean 'org.springframework.context.annotation.internalCommonAnnotationProcessor'
2019-08-20 11:25:47 DEBUG AnnotationConfigApplicationContext:734 - Unable to locate MessageSource with name 'messageSource': using default [org.springframework.context.support.DelegatingMessageSource@704921a5]
2019-08-20 11:25:47 DEBUG AnnotationConfigApplicationContext:758 - Unable to locate ApplicationEventMulticaster with name 'applicationEventMulticaster': using default [org.springframework.context.event.SimpleApplicationEventMulticaster@31f924f5]
2019-08-20 11:25:47 DEBUG DefaultListableBeanFactory:730 - Pre-instantiating singletons in org.springframework.beans.factory.support.DefaultListableBeanFactory@2acf57e3: defining beans [org.springframework.context.annotation.internalConfigurationAnnotationProcessor,org.springframework.context.annotation.internalAutowiredAnnotationProcessor,org.springframework.context.annotation.internalRequiredAnnotationProcessor,org.springframework.context.annotation.internalCommonAnnotationProcessor,org.springframework.context.event.internalEventListenerProcessor,org.springframework.context.event.internalEventListenerFactory,daoFactory,userDao,connectionMaker]; root of factory hierarchy
2019-08-20 11:25:47 DEBUG DefaultListableBeanFactory:251 - Returning cached instance of singleton bean 'org.springframework.context.annotation.internalConfigurationAnnotationProcessor'
2019-08-20 11:25:47 DEBUG DefaultListableBeanFactory:251 - Returning cached instance of singleton bean 'org.springframework.context.annotation.internalAutowiredAnnotationProcessor'
2019-08-20 11:25:47 DEBUG DefaultListableBeanFactory:251 - Returning cached instance of singleton bean 'org.springframework.context.annotation.internalRequiredAnnotationProcessor'
2019-08-20 11:25:47 DEBUG DefaultListableBeanFactory:251 - Returning cached instance of singleton bean 'org.springframework.context.annotation.internalCommonAnnotationProcessor'
2019-08-20 11:25:47 DEBUG DefaultListableBeanFactory:221 - Creating shared instance of singleton bean 'org.springframework.context.event.internalEventListenerProcessor'
2019-08-20 11:25:47 DEBUG DefaultListableBeanFactory:449 - Creating instance of bean 'org.springframework.context.event.internalEventListenerProcessor'
2019-08-20 11:25:47 DEBUG DefaultListableBeanFactory:539 - Eagerly caching bean 'org.springframework.context.event.internalEventListenerProcessor' to allow for resolving potential circular references
2019-08-20 11:25:47 DEBUG DefaultListableBeanFactory:485 - Finished creating instance of bean 'org.springframework.context.event.internalEventListenerProcessor'
2019-08-20 11:25:47 DEBUG DefaultListableBeanFactory:221 - Creating shared instance of singleton bean 'org.springframework.context.event.internalEventListenerFactory'
2019-08-20 11:25:47 DEBUG DefaultListableBeanFactory:449 - Creating instance of bean 'org.springframework.context.event.internalEventListenerFactory'
2019-08-20 11:25:47 DEBUG DefaultListableBeanFactory:539 - Eagerly caching bean 'org.springframework.context.event.internalEventListenerFactory' to allow for resolving potential circular references
2019-08-20 11:25:47 DEBUG DefaultListableBeanFactory:485 - Finished creating instance of bean 'org.springframework.context.event.internalEventListenerFactory'
2019-08-20 11:25:47 DEBUG DefaultListableBeanFactory:221 - Creating shared instance of singleton bean 'daoFactory'
2019-08-20 11:25:47 DEBUG DefaultListableBeanFactory:449 - Creating instance of bean 'daoFactory'
2019-08-20 11:25:47 DEBUG DefaultListableBeanFactory:539 - Eagerly caching bean 'daoFactory' to allow for resolving potential circular references
2019-08-20 11:25:47 DEBUG DefaultListableBeanFactory:485 - Finished creating instance of bean 'daoFactory'
2019-08-20 11:25:47 DEBUG DefaultListableBeanFactory:221 - Creating shared instance of singleton bean 'userDao'
2019-08-20 11:25:47 DEBUG DefaultListableBeanFactory:449 - Creating instance of bean 'userDao'
2019-08-20 11:25:47 DEBUG DefaultListableBeanFactory:251 - Returning cached instance of singleton bean 'daoFactory'
2019-08-20 11:25:47 DEBUG DefaultListableBeanFactory:221 - Creating shared instance of singleton bean 'connectionMaker'
2019-08-20 11:25:47 DEBUG DefaultListableBeanFactory:449 - Creating instance of bean 'connectionMaker'
2019-08-20 11:25:47 DEBUG DefaultListableBeanFactory:251 - Returning cached instance of singleton bean 'daoFactory'
2019-08-20 11:25:47 DEBUG DefaultListableBeanFactory:539 - Eagerly caching bean 'connectionMaker' to allow for resolving potential circular references
2019-08-20 11:25:47 DEBUG DefaultListableBeanFactory:485 - Finished creating instance of bean 'connectionMaker'
2019-08-20 11:25:47 DEBUG DefaultListableBeanFactory:539 - Eagerly caching bean 'userDao' to allow for resolving potential circular references
2019-08-20 11:25:47 DEBUG DefaultListableBeanFactory:485 - Finished creating instance of bean 'userDao'
2019-08-20 11:25:47 DEBUG DefaultListableBeanFactory:251 - Returning cached instance of singleton bean 'connectionMaker'
2019-08-20 11:25:47 DEBUG DefaultListableBeanFactory:251 - Returning cached instance of singleton bean 'org.springframework.context.event.internalEventListenerFactory'
2019-08-20 11:25:47 DEBUG AnnotationConfigApplicationContext:785 - Unable to locate LifecycleProcessor with name 'lifecycleProcessor': using default [org.springframework.context.support.DefaultLifecycleProcessor@2d127a61]
2019-08-20 11:25:47 DEBUG DefaultListableBeanFactory:251 - Returning cached instance of singleton bean 'lifecycleProcessor'
2019-08-20 11:25:47 DEBUG PropertySourcesPropertyResolver:91 - Could not find key 'spring.liveBeansView.mbeanDomain' in any property source
2019-08-20 11:25:47 DEBUG DefaultListableBeanFactory:251 - Returning cached instance of singleton bean 'userDao'
2019-08-20 11:25:47 DEBUG UserDaoTest:21 - =============================
2019-08-20 11:25:47 DEBUG UserDaoTest:22 - 00. UserDao=com.ehr.UserDao@76329302
2019-08-20 11:25:47 DEBUG UserDaoTest:23 - =============================
2019-08-20 11:25:47 DEBUG UserDaoTest:28 - =============================
2019-08-20 11:25:47 DEBUG UserDaoTest:29 - 단건 등록
2019-08-20 11:25:47 DEBUG UserDaoTest:30 - =============================
2019-08-20 11:25:47 DEBUG DUserDao:21 - ---------------------
2019-08-20 11:25:47 DEBUG DUserDao:22 - 01. conn : oracle.jdbc.driver.T4CConnection@78b729e6
2019-08-20 11:25:47 DEBUG DUserDao:23 - ---------------------
2019-08-20 11:25:47 DEBUG UserDao:72 - =============================
2019-08-20 11:25:47 DEBUG UserDao:73 - 02. sql=
 INSERT INTO users (  
     u_id,            
     name,            
     passwd           
 ) VALUES (           
     ?,               
     ?,               
     ?                
 )                    

2019-08-20 11:25:47 DEBUG UserDao:74 - =============================
2019-08-20 11:25:47 DEBUG UserDao:83 - =============================
2019-08-20 11:25:47 DEBUG UserDao:84 - 03. param=User [u_id=j01_125, name=노명진, passwd=1234]
2019-08-20 11:25:47 DEBUG UserDao:85 - =============================
2019-08-20 11:25:47 DEBUG UserDao:91 - =============================
2019-08-20 11:25:47 DEBUG UserDao:92 - 03. Run flag=1
2019-08-20 11:25:47 DEBUG UserDao:93 - =============================
2019-08-20 11:25:47 DEBUG UserDaoTest:33 - =============================
2019-08-20 11:25:47 DEBUG UserDaoTest:34 - 01. add flag=1
2019-08-20 11:25:47 DEBUG UserDaoTest:35 - =============================
2019-08-20 11:25:47 DEBUG UserDaoTest:38 - =============================
2019-08-20 11:25:47 DEBUG UserDaoTest:39 - 등록 성공j01_125
2019-08-20 11:25:47 DEBUG UserDaoTest:40 - =============================
2019-08-20 11:25:47 DEBUG UserDaoTest:42 - =============================
2019-08-20 11:25:47 DEBUG UserDaoTest:43 - 단건 조회
2019-08-20 11:25:47 DEBUG UserDaoTest:44 - =============================
2019-08-20 11:25:47 DEBUG DUserDao:21 - ---------------------
2019-08-20 11:25:47 DEBUG DUserDao:22 - 01. conn : oracle.jdbc.driver.T4CConnection@477b4cdf
2019-08-20 11:25:47 DEBUG DUserDao:23 - ---------------------
2019-08-20 11:25:47 DEBUG UserDao:133 - =============================
2019-08-20 11:25:47 DEBUG UserDao:134 - 02. sql=
 SELECT         
     u_id,      
     name,      
     passwd     
 FROM users     
 WHERE u_id = ? 

2019-08-20 11:25:47 DEBUG UserDao:135 - =============================
2019-08-20 11:25:47 DEBUG UserDao:142 - =============================
2019-08-20 11:25:47 DEBUG UserDao:143 - 03. param=j01_125
2019-08-20 11:25:47 DEBUG UserDao:144 - =============================
2019-08-20 11:25:47 DEBUG UserDao:156 - =============================
2019-08-20 11:25:47 DEBUG UserDao:157 - 04. output=User [u_id=j01_125, name=노명진, passwd=1234]
2019-08-20 11:25:47 DEBUG UserDao:158 - =============================
2019-08-20 11:25:47 DEBUG UserDaoTest:51 - =============================
2019-08-20 11:25:47 DEBUG UserDaoTest:52 - 조회 성공User [u_id=j01_125, name=노명진, passwd=1234]
2019-08-20 11:25:47 DEBUG UserDaoTest:53 - =============================
2019-08-20 11:43:01 DEBUG UserDaoTest:13 - ---------------------
2019-08-20 11:43:01 DEBUG UserDaoTest:14 - Main
2019-08-20 11:43:01 DEBUG UserDaoTest:15 - ---------------------
2019-08-20 11:43:01 DEBUG StandardEnvironment:109 - Adding [systemProperties] PropertySource with lowest search precedence
2019-08-20 11:43:01 DEBUG StandardEnvironment:109 - Adding [systemEnvironment] PropertySource with lowest search precedence
2019-08-20 11:43:01 DEBUG StandardEnvironment:124 - Initialized StandardEnvironment with PropertySources [systemProperties,systemEnvironment]
2019-08-20 11:43:01 INFO  AnnotationConfigApplicationContext:583 - Refreshing org.springframework.context.annotation.AnnotationConfigApplicationContext@28ba21f3: startup date [Tue Aug 20 11:43:01 KST 2019]; root of context hierarchy
2019-08-20 11:43:01 DEBUG AnnotationConfigApplicationContext:617 - Bean factory for org.springframework.context.annotation.AnnotationConfigApplicationContext@28ba21f3: org.springframework.beans.factory.support.DefaultListableBeanFactory@2acf57e3: defining beans [org.springframework.context.annotation.internalConfigurationAnnotationProcessor,org.springframework.context.annotation.internalAutowiredAnnotationProcessor,org.springframework.context.annotation.internalRequiredAnnotationProcessor,org.springframework.context.annotation.internalCommonAnnotationProcessor,org.springframework.context.event.internalEventListenerProcessor,org.springframework.context.event.internalEventListenerFactory,daoFactory]; root of factory hierarchy
2019-08-20 11:43:01 DEBUG DefaultListableBeanFactory:221 - Creating shared instance of singleton bean 'org.springframework.context.annotation.internalConfigurationAnnotationProcessor'
2019-08-20 11:43:01 DEBUG DefaultListableBeanFactory:449 - Creating instance of bean 'org.springframework.context.annotation.internalConfigurationAnnotationProcessor'
2019-08-20 11:43:01 DEBUG DefaultListableBeanFactory:539 - Eagerly caching bean 'org.springframework.context.annotation.internalConfigurationAnnotationProcessor' to allow for resolving potential circular references
2019-08-20 11:43:01 DEBUG DefaultListableBeanFactory:485 - Finished creating instance of bean 'org.springframework.context.annotation.internalConfigurationAnnotationProcessor'
2019-08-20 11:43:01 DEBUG ConfigurationClassBeanDefinitionReader:262 - Registering bean definition for @Bean method com.ehr.DaoFactory.userDao()
2019-08-20 11:43:01 DEBUG ConfigurationClassBeanDefinitionReader:262 - Registering bean definition for @Bean method com.ehr.DaoFactory.connectionMaker()
2019-08-20 11:43:01 DEBUG ConfigurationClassEnhancer:112 - Successfully enhanced com.ehr.DaoFactory; enhanced class name is: com.ehr.DaoFactory$$EnhancerBySpringCGLIB$$3692c4c7
2019-08-20 11:43:01 DEBUG ConfigurationClassPostProcessor:396 - Replacing bean definition 'daoFactory' existing class 'com.ehr.DaoFactory' with enhanced class 'com.ehr.DaoFactory$$EnhancerBySpringCGLIB$$3692c4c7'
2019-08-20 11:43:01 DEBUG DefaultListableBeanFactory:221 - Creating shared instance of singleton bean 'org.springframework.context.annotation.internalAutowiredAnnotationProcessor'
2019-08-20 11:43:01 DEBUG DefaultListableBeanFactory:449 - Creating instance of bean 'org.springframework.context.annotation.internalAutowiredAnnotationProcessor'
2019-08-20 11:43:01 DEBUG DefaultListableBeanFactory:539 - Eagerly caching bean 'org.springframework.context.annotation.internalAutowiredAnnotationProcessor' to allow for resolving potential circular references
2019-08-20 11:43:01 DEBUG DefaultListableBeanFactory:485 - Finished creating instance of bean 'org.springframework.context.annotation.internalAutowiredAnnotationProcessor'
2019-08-20 11:43:01 DEBUG DefaultListableBeanFactory:221 - Creating shared instance of singleton bean 'org.springframework.context.annotation.internalRequiredAnnotationProcessor'
2019-08-20 11:43:01 DEBUG DefaultListableBeanFactory:449 - Creating instance of bean 'org.springframework.context.annotation.internalRequiredAnnotationProcessor'
2019-08-20 11:43:01 DEBUG DefaultListableBeanFactory:539 - Eagerly caching bean 'org.springframework.context.annotation.internalRequiredAnnotationProcessor' to allow for resolving potential circular references
2019-08-20 11:43:01 DEBUG DefaultListableBeanFactory:485 - Finished creating instance of bean 'org.springframework.context.annotation.internalRequiredAnnotationProcessor'
2019-08-20 11:43:01 DEBUG DefaultListableBeanFactory:221 - Creating shared instance of singleton bean 'org.springframework.context.annotation.internalCommonAnnotationProcessor'
2019-08-20 11:43:01 DEBUG DefaultListableBeanFactory:449 - Creating instance of bean 'org.springframework.context.annotation.internalCommonAnnotationProcessor'
2019-08-20 11:43:01 DEBUG DefaultListableBeanFactory:539 - Eagerly caching bean 'org.springframework.context.annotation.internalCommonAnnotationProcessor' to allow for resolving potential circular references
2019-08-20 11:43:01 DEBUG DefaultListableBeanFactory:485 - Finished creating instance of bean 'org.springframework.context.annotation.internalCommonAnnotationProcessor'
2019-08-20 11:43:01 DEBUG AnnotationConfigApplicationContext:734 - Unable to locate MessageSource with name 'messageSource': using default [org.springframework.context.support.DelegatingMessageSource@704921a5]
2019-08-20 11:43:01 DEBUG AnnotationConfigApplicationContext:758 - Unable to locate ApplicationEventMulticaster with name 'applicationEventMulticaster': using default [org.springframework.context.event.SimpleApplicationEventMulticaster@31f924f5]
2019-08-20 11:43:01 DEBUG DefaultListableBeanFactory:730 - Pre-instantiating singletons in org.springframework.beans.factory.support.DefaultListableBeanFactory@2acf57e3: defining beans [org.springframework.context.annotation.internalConfigurationAnnotationProcessor,org.springframework.context.annotation.internalAutowiredAnnotationProcessor,org.springframework.context.annotation.internalRequiredAnnotationProcessor,org.springframework.context.annotation.internalCommonAnnotationProcessor,org.springframework.context.event.internalEventListenerProcessor,org.springframework.context.event.internalEventListenerFactory,daoFactory,userDao,connectionMaker]; root of factory hierarchy
2019-08-20 11:43:01 DEBUG DefaultListableBeanFactory:251 - Returning cached instance of singleton bean 'org.springframework.context.annotation.internalConfigurationAnnotationProcessor'
2019-08-20 11:43:01 DEBUG DefaultListableBeanFactory:251 - Returning cached instance of singleton bean 'org.springframework.context.annotation.internalAutowiredAnnotationProcessor'
2019-08-20 11:43:01 DEBUG DefaultListableBeanFactory:251 - Returning cached instance of singleton bean 'org.springframework.context.annotation.internalRequiredAnnotationProcessor'
2019-08-20 11:43:01 DEBUG DefaultListableBeanFactory:251 - Returning cached instance of singleton bean 'org.springframework.context.annotation.internalCommonAnnotationProcessor'
2019-08-20 11:43:01 DEBUG DefaultListableBeanFactory:221 - Creating shared instance of singleton bean 'org.springframework.context.event.internalEventListenerProcessor'
2019-08-20 11:43:01 DEBUG DefaultListableBeanFactory:449 - Creating instance of bean 'org.springframework.context.event.internalEventListenerProcessor'
2019-08-20 11:43:01 DEBUG DefaultListableBeanFactory:539 - Eagerly caching bean 'org.springframework.context.event.internalEventListenerProcessor' to allow for resolving potential circular references
2019-08-20 11:43:01 DEBUG DefaultListableBeanFactory:485 - Finished creating instance of bean 'org.springframework.context.event.internalEventListenerProcessor'
2019-08-20 11:43:01 DEBUG DefaultListableBeanFactory:221 - Creating shared instance of singleton bean 'org.springframework.context.event.internalEventListenerFactory'
2019-08-20 11:43:01 DEBUG DefaultListableBeanFactory:449 - Creating instance of bean 'org.springframework.context.event.internalEventListenerFactory'
2019-08-20 11:43:01 DEBUG DefaultListableBeanFactory:539 - Eagerly caching bean 'org.springframework.context.event.internalEventListenerFactory' to allow for resolving potential circular references
2019-08-20 11:43:01 DEBUG DefaultListableBeanFactory:485 - Finished creating instance of bean 'org.springframework.context.event.internalEventListenerFactory'
2019-08-20 11:43:01 DEBUG DefaultListableBeanFactory:221 - Creating shared instance of singleton bean 'daoFactory'
2019-08-20 11:43:01 DEBUG DefaultListableBeanFactory:449 - Creating instance of bean 'daoFactory'
2019-08-20 11:43:01 DEBUG DefaultListableBeanFactory:539 - Eagerly caching bean 'daoFactory' to allow for resolving potential circular references
2019-08-20 11:43:01 DEBUG DefaultListableBeanFactory:485 - Finished creating instance of bean 'daoFactory'
2019-08-20 11:43:01 DEBUG DefaultListableBeanFactory:221 - Creating shared instance of singleton bean 'userDao'
2019-08-20 11:43:01 DEBUG DefaultListableBeanFactory:449 - Creating instance of bean 'userDao'
2019-08-20 11:43:01 DEBUG DefaultListableBeanFactory:251 - Returning cached instance of singleton bean 'daoFactory'
2019-08-20 11:43:01 DEBUG DefaultListableBeanFactory:221 - Creating shared instance of singleton bean 'connectionMaker'
2019-08-20 11:43:01 DEBUG DefaultListableBeanFactory:449 - Creating instance of bean 'connectionMaker'
2019-08-20 11:43:01 DEBUG DefaultListableBeanFactory:251 - Returning cached instance of singleton bean 'daoFactory'
2019-08-20 11:43:01 DEBUG DefaultListableBeanFactory:539 - Eagerly caching bean 'connectionMaker' to allow for resolving potential circular references
2019-08-20 11:43:01 DEBUG DefaultListableBeanFactory:485 - Finished creating instance of bean 'connectionMaker'
2019-08-20 11:43:01 DEBUG DefaultListableBeanFactory:539 - Eagerly caching bean 'userDao' to allow for resolving potential circular references
2019-08-20 11:43:01 DEBUG DefaultListableBeanFactory:485 - Finished creating instance of bean 'userDao'
2019-08-20 11:43:01 DEBUG DefaultListableBeanFactory:251 - Returning cached instance of singleton bean 'connectionMaker'
2019-08-20 11:43:01 DEBUG DefaultListableBeanFactory:251 - Returning cached instance of singleton bean 'org.springframework.context.event.internalEventListenerFactory'
2019-08-20 11:43:01 DEBUG AnnotationConfigApplicationContext:785 - Unable to locate LifecycleProcessor with name 'lifecycleProcessor': using default [org.springframework.context.support.DefaultLifecycleProcessor@2d127a61]
2019-08-20 11:43:01 DEBUG DefaultListableBeanFactory:251 - Returning cached instance of singleton bean 'lifecycleProcessor'
2019-08-20 11:43:01 DEBUG PropertySourcesPropertyResolver:91 - Could not find key 'spring.liveBeansView.mbeanDomain' in any property source
2019-08-20 11:43:01 DEBUG DefaultListableBeanFactory:251 - Returning cached instance of singleton bean 'userDao'
2019-08-20 11:43:01 DEBUG DefaultListableBeanFactory:251 - Returning cached instance of singleton bean 'userDao'
2019-08-20 11:43:01 DEBUG DefaultListableBeanFactory:251 - Returning cached instance of singleton bean 'userDao'
2019-08-20 11:43:01 DEBUG UserDaoTest:23 - =============================
2019-08-20 11:43:01 DEBUG UserDaoTest:24 - 00. UserDao=com.ehr.UserDao@76329302
2019-08-20 11:43:01 DEBUG UserDaoTest:25 - 00. UserDao2=com.ehr.UserDao@76329302
2019-08-20 11:43:01 DEBUG UserDaoTest:26 - 00. UserDao3=com.ehr.UserDao@76329302
2019-08-20 11:43:01 DEBUG UserDaoTest:27 - =============================
2019-08-20 14:25:28 DEBUG UserDaoXMLTest:16 - ---------------------
2019-08-20 14:25:28 DEBUG UserDaoXMLTest:17 - Main
2019-08-20 14:25:28 DEBUG UserDaoXMLTest:18 - ---------------------
2019-08-20 14:25:28 DEBUG StandardEnvironment:109 - Adding [systemProperties] PropertySource with lowest search precedence
2019-08-20 14:25:28 DEBUG StandardEnvironment:109 - Adding [systemEnvironment] PropertySource with lowest search precedence
2019-08-20 14:25:28 DEBUG StandardEnvironment:124 - Initialized StandardEnvironment with PropertySources [systemProperties,systemEnvironment]
2019-08-20 14:25:28 INFO  XmlBeanDefinitionReader:317 - Loading XML bean definitions from class path resource [applicationContext.xml]
2019-08-20 14:25:28 DEBUG DefaultDocumentLoader:73 - Using JAXP provider [com.sun.org.apache.xerces.internal.jaxp.DocumentBuilderFactoryImpl]
2019-08-20 14:25:28 DEBUG PluggableSchemaResolver:141 - Loading schema mappings from [META-INF/spring.schemas]
2019-08-20 14:25:28 DEBUG PluggableSchemaResolver:147 - Loaded schema mappings: {http://www.springframework.org/schema/cache/spring-cache-4.2.xsd=org/springframework/cache/config/spring-cache-4.2.xsd, http://www.springframework.org/schema/aop/spring-aop-4.1.xsd=org/springframework/aop/config/spring-aop-4.1.xsd, http://www.springframework.org/schema/context/spring-context-3.1.xsd=org/springframework/context/config/spring-context-3.1.xsd, http://www.springframework.org/schema/util/spring-util-3.0.xsd=org/springframework/beans/factory/xml/spring-util-3.0.xsd, http://www.springframework.org/schema/tool/spring-tool.xsd=org/springframework/beans/factory/xml/spring-tool-4.3.xsd, http://www.springframework.org/schema/aop/spring-aop-3.2.xsd=org/springframework/aop/config/spring-aop-3.2.xsd, http://www.springframework.org/schema/lang/spring-lang-4.1.xsd=org/springframework/scripting/config/spring-lang-4.1.xsd, http://www.springframework.org/schema/context/spring-context-4.0.xsd=org/springframework/context/config/spring-context-4.0.xsd, http://www.springframework.org/schema/beans/spring-beans-4.2.xsd=org/springframework/beans/factory/xml/spring-beans-4.2.xsd, http://www.springframework.org/schema/tool/spring-tool-4.1.xsd=org/springframework/beans/factory/xml/spring-tool-4.1.xsd, http://www.springframework.org/schema/lang/spring-lang-3.2.xsd=org/springframework/scripting/config/spring-lang-3.2.xsd, http://www.springframework.org/schema/cache/spring-cache-3.2.xsd=org/springframework/cache/config/spring-cache-3.2.xsd, http://www.springframework.org/schema/jee/spring-jee-4.1.xsd=org/springframework/ejb/config/spring-jee-4.1.xsd, http://www.springframework.org/schema/util/spring-util-2.0.xsd=org/springframework/beans/factory/xml/spring-util-2.0.xsd, http://www.springframework.org/schema/task/spring-task-4.2.xsd=org/springframework/scheduling/config/spring-task-4.2.xsd, http://www.springframework.org/schema/tool/spring-tool-3.2.xsd=org/springframework/beans/factory/xml/spring-tool-3.2.xsd, http://www.springframework.org/schema/context/spring-context.xsd=org/springframework/context/config/spring-context-4.3.xsd, http://www.springframework.org/schema/cache/spring-cache-4.1.xsd=org/springframework/cache/config/spring-cache-4.1.xsd, http://www.springframework.org/schema/aop/spring-aop-4.0.xsd=org/springframework/aop/config/spring-aop-4.0.xsd, http://www.springframework.org/schema/jee/spring-jee-3.2.xsd=org/springframework/ejb/config/spring-jee-3.2.xsd, http://www.springframework.org/schema/context/spring-context-3.0.xsd=org/springframework/context/config/spring-context-3.0.xsd, http://www.springframework.org/schema/util/spring-util-4.3.xsd=org/springframework/beans/factory/xml/spring-util-4.3.xsd, http://www.springframework.org/schema/util/spring-util-2.5.xsd=org/springframework/beans/factory/xml/spring-util-2.5.xsd, http://www.springframework.org/schema/beans/spring-beans-3.2.xsd=org/springframework/beans/factory/xml/spring-beans-3.2.xsd, http://www.springframework.org/schema/aop/spring-aop-3.1.xsd=org/springframework/aop/config/spring-aop-3.1.xsd, http://www.springframework.org/schema/lang/spring-lang-4.0.xsd=org/springframework/scripting/config/spring-lang-4.0.xsd, http://www.springframework.org/schema/beans/spring-beans-4.1.xsd=org/springframework/beans/factory/xml/spring-beans-4.1.xsd, http://www.springframework.org/schema/tool/spring-tool-4.0.xsd=org/springframework/beans/factory/xml/spring-tool-4.0.xsd, http://www.springframework.org/schema/lang/spring-lang-3.1.xsd=org/springframework/scripting/config/spring-lang-3.1.xsd, http://www.springframework.org/schema/cache/spring-cache-3.1.xsd=org/springframework/cache/config/spring-cache-3.1.xsd, http://www.springframework.org/schema/jee/spring-jee-4.0.xsd=org/springframework/ejb/config/spring-jee-4.0.xsd, http://www.springframework.org/schema/task/spring-task-4.1.xsd=org/springframework/scheduling/config/spring-task-4.1.xsd, http://www.springframework.org/schema/tool/spring-tool-3.1.xsd=org/springframework/beans/factory/xml/spring-tool-3.1.xsd, http://www.springframework.org/schema/cache/spring-cache-4.0.xsd=org/springframework/cache/config/spring-cache-4.0.xsd, http://www.springframework.org/schema/jee/spring-jee-3.1.xsd=org/springframework/ejb/config/spring-jee-3.1.xsd, http://www.springframework.org/schema/util/spring-util-4.2.xsd=org/springframework/beans/factory/xml/spring-util-4.2.xsd, http://www.springframework.org/schema/task/spring-task-3.2.xsd=org/springframework/scheduling/config/spring-task-3.2.xsd, http://www.springframework.org/schema/beans/spring-beans-3.1.xsd=org/springframework/beans/factory/xml/spring-beans-3.1.xsd, http://www.springframework.org/schema/util/spring-util.xsd=org/springframework/beans/factory/xml/spring-util-4.3.xsd, http://www.springframework.org/schema/aop/spring-aop-3.0.xsd=org/springframework/aop/config/spring-aop-3.0.xsd, http://www.springframework.org/schema/beans/spring-beans-4.0.xsd=org/springframework/beans/factory/xml/spring-beans-4.0.xsd, http://www.springframework.org/schema/beans/spring-beans.xsd=org/springframework/beans/factory/xml/spring-beans-4.3.xsd, http://www.springframework.org/schema/lang/spring-lang-3.0.xsd=org/springframework/scripting/config/spring-lang-3.0.xsd, http://www.springframework.org/schema/context/spring-context-2.5.xsd=org/springframework/context/config/spring-context-2.5.xsd, http://www.springframework.org/schema/context/spring-context-4.3.xsd=org/springframework/context/config/spring-context-4.3.xsd, http://www.springframework.org/schema/task/spring-task-4.0.xsd=org/springframework/scheduling/config/spring-task-4.0.xsd, http://www.springframework.org/schema/tool/spring-tool-3.0.xsd=org/springframework/beans/factory/xml/spring-tool-3.0.xsd, http://www.springframework.org/schema/aop/spring-aop-2.0.xsd=org/springframework/aop/config/spring-aop-2.0.xsd, http://www.springframework.org/schema/jee/spring-jee-3.0.xsd=org/springframework/ejb/config/spring-jee-3.0.xsd, http://www.springframework.org/schema/util/spring-util-4.1.xsd=org/springframework/beans/factory/xml/spring-util-4.1.xsd, http://www.springframework.org/schema/task/spring-task-3.1.xsd=org/springframework/scheduling/config/spring-task-3.1.xsd, http://www.springframework.org/schema/beans/spring-beans-3.0.xsd=org/springframework/beans/factory/xml/spring-beans-3.0.xsd, http://www.springframework.org/schema/jee/spring-jee.xsd=org/springframework/ejb/config/spring-jee-4.3.xsd, http://www.springframework.org/schema/aop/spring-aop-2.5.xsd=org/springframework/aop/config/spring-aop-2.5.xsd, http://www.springframework.org/schema/aop/spring-aop-4.3.xsd=org/springframework/aop/config/spring-aop-4.3.xsd, http://www.springframework.org/schema/lang/spring-lang-2.0.xsd=org/springframework/scripting/config/spring-lang-2.0.xsd, http://www.springframework.org/schema/util/spring-util-3.2.xsd=org/springframework/beans/factory/xml/spring-util-3.2.xsd, http://www.springframework.org/schema/task/spring-task.xsd=org/springframework/scheduling/config/spring-task-4.3.xsd, http://www.springframework.org/schema/tool/spring-tool-2.0.xsd=org/springframework/beans/factory/xml/spring-tool-2.0.xsd, http://www.springframework.org/schema/lang/spring-lang-2.5.xsd=org/springframework/scripting/config/spring-lang-2.5.xsd, http://www.springframework.org/schema/lang/spring-lang-4.3.xsd=org/springframework/scripting/config/spring-lang-4.3.xsd, http://www.springframework.org/schema/context/spring-context-4.2.xsd=org/springframework/context/config/spring-context-4.2.xsd, http://www.springframework.org/schema/jee/spring-jee-2.0.xsd=org/springframework/ejb/config/spring-jee-2.0.xsd, http://www.springframework.org/schema/tool/spring-tool-4.3.xsd=org/springframework/beans/factory/xml/spring-tool-4.3.xsd, http://www.springframework.org/schema/tool/spring-tool-2.5.xsd=org/springframework/beans/factory/xml/spring-tool-2.5.xsd, http://www.springframework.org/schema/jee/spring-jee-4.3.xsd=org/springframework/ejb/config/spring-jee-4.3.xsd, http://www.springframework.org/schema/jee/spring-jee-2.5.xsd=org/springframework/ejb/config/spring-jee-2.5.xsd, http://www.springframework.org/schema/util/spring-util-4.0.xsd=org/springframework/beans/factory/xml/spring-util-4.0.xsd, http://www.springframework.org/schema/task/spring-task-3.0.xsd=org/springframework/scheduling/config/spring-task-3.0.xsd, http://www.springframework.org/schema/cache/spring-cache-4.3.xsd=org/springframework/cache/config/spring-cache-4.3.xsd, http://www.springframework.org/schema/aop/spring-aop-4.2.xsd=org/springframework/aop/config/spring-aop-4.2.xsd, http://www.springframework.org/schema/lang/spring-lang.xsd=org/springframework/scripting/config/spring-lang-4.3.xsd, http://www.springframework.org/schema/context/spring-context-3.2.xsd=org/springframework/context/config/spring-context-3.2.xsd, http://www.springframework.org/schema/util/spring-util-3.1.xsd=org/springframework/beans/factory/xml/spring-util-3.1.xsd, http://www.springframework.org/schema/beans/spring-beans-2.0.xsd=org/springframework/beans/factory/xml/spring-beans-2.0.xsd, http://www.springframework.org/schema/cache/spring-cache.xsd=org/springframework/cache/config/spring-cache-4.3.xsd, http://www.springframework.org/schema/lang/spring-lang-4.2.xsd=org/springframework/scripting/config/spring-lang-4.2.xsd, http://www.springframework.org/schema/context/spring-context-4.1.xsd=org/springframework/context/config/spring-context-4.1.xsd, http://www.springframework.org/schema/beans/spring-beans-2.5.xsd=org/springframework/beans/factory/xml/spring-beans-2.5.xsd, http://www.springframework.org/schema/beans/spring-beans-4.3.xsd=org/springframework/beans/factory/xml/spring-beans-4.3.xsd, http://www.springframework.org/schema/tool/spring-tool-4.2.xsd=org/springframework/beans/factory/xml/spring-tool-4.2.xsd, http://www.springframework.org/schema/jee/spring-jee-4.2.xsd=org/springframework/ejb/config/spring-jee-4.2.xsd, http://www.springframework.org/schema/task/spring-task-4.3.xsd=org/springframework/scheduling/config/spring-task-4.3.xsd, http://www.springframework.org/schema/aop/spring-aop.xsd=org/springframework/aop/config/spring-aop-4.3.xsd}
2019-08-20 14:25:28 DEBUG PluggableSchemaResolver:119 - Found XML schema [http://www.springframework.org/schema/beans/spring-beans.xsd] in classpath: org/springframework/beans/factory/xml/spring-beans-4.3.xsd
2019-08-20 14:25:28 DEBUG DefaultBeanDefinitionDocumentReader:92 - Loading bean definitions
2019-08-20 14:25:28 DEBUG XmlBeanDefinitionReader:224 - Loaded 2 bean definitions from location pattern [applicationContext.xml]
2019-08-20 14:25:28 INFO  GenericXmlApplicationContext:583 - Refreshing org.springframework.context.support.GenericXmlApplicationContext@1b4fb997: startup date [Tue Aug 20 14:25:28 KST 2019]; root of context hierarchy
2019-08-20 14:25:28 DEBUG GenericXmlApplicationContext:617 - Bean factory for org.springframework.context.support.GenericXmlApplicationContext@1b4fb997: org.springframework.beans.factory.support.DefaultListableBeanFactory@2c8d66b2: defining beans [dUserDao,userDao]; root of factory hierarchy
2019-08-20 14:25:28 DEBUG GenericXmlApplicationContext:734 - Unable to locate MessageSource with name 'messageSource': using default [org.springframework.context.support.DelegatingMessageSource@50f8360d]
2019-08-20 14:25:28 DEBUG GenericXmlApplicationContext:758 - Unable to locate ApplicationEventMulticaster with name 'applicationEventMulticaster': using default [org.springframework.context.event.SimpleApplicationEventMulticaster@7946e1f4]
2019-08-20 14:25:28 DEBUG DefaultListableBeanFactory:730 - Pre-instantiating singletons in org.springframework.beans.factory.support.DefaultListableBeanFactory@2c8d66b2: defining beans [dUserDao,userDao]; root of factory hierarchy
2019-08-20 14:25:28 DEBUG DefaultListableBeanFactory:221 - Creating shared instance of singleton bean 'dUserDao'
2019-08-20 14:25:28 DEBUG DefaultListableBeanFactory:449 - Creating instance of bean 'dUserDao'
2019-08-20 14:25:28 DEBUG DefaultListableBeanFactory:539 - Eagerly caching bean 'dUserDao' to allow for resolving potential circular references
2019-08-20 14:25:28 DEBUG DefaultListableBeanFactory:485 - Finished creating instance of bean 'dUserDao'
2019-08-20 14:25:28 DEBUG DefaultListableBeanFactory:221 - Creating shared instance of singleton bean 'userDao'
2019-08-20 14:25:28 DEBUG DefaultListableBeanFactory:449 - Creating instance of bean 'userDao'
2019-08-20 14:25:28 DEBUG DefaultListableBeanFactory:539 - Eagerly caching bean 'userDao' to allow for resolving potential circular references
2019-08-20 14:25:28 DEBUG DefaultListableBeanFactory:251 - Returning cached instance of singleton bean 'dUserDao'
2019-08-20 14:25:28 DEBUG DefaultListableBeanFactory:485 - Finished creating instance of bean 'userDao'
2019-08-20 14:25:28 DEBUG GenericXmlApplicationContext:785 - Unable to locate LifecycleProcessor with name 'lifecycleProcessor': using default [org.springframework.context.support.DefaultLifecycleProcessor@3c0ecd4b]
2019-08-20 14:25:28 DEBUG DefaultListableBeanFactory:251 - Returning cached instance of singleton bean 'lifecycleProcessor'
2019-08-20 14:25:28 DEBUG PropertySourcesPropertyResolver:91 - Could not find key 'spring.liveBeansView.mbeanDomain' in any property source
2019-08-20 14:25:28 DEBUG UserDaoXMLTest:23 - =============================
2019-08-20 14:25:28 DEBUG UserDaoXMLTest:24 - 01. AbstractApplicationContext=org.springframework.context.support.GenericXmlApplicationContext@1b4fb997: startup date [Tue Aug 20 14:25:28 KST 2019]; root of context hierarchy
2019-08-20 14:25:28 DEBUG UserDaoXMLTest:25 - =============================
2019-08-20 14:29:56 DEBUG UserDaoXMLTest:16 - ---------------------
2019-08-20 14:29:56 DEBUG UserDaoXMLTest:17 - Main
2019-08-20 14:29:56 DEBUG UserDaoXMLTest:18 - ---------------------
2019-08-20 14:29:56 DEBUG StandardEnvironment:109 - Adding [systemProperties] PropertySource with lowest search precedence
2019-08-20 14:29:56 DEBUG StandardEnvironment:109 - Adding [systemEnvironment] PropertySource with lowest search precedence
2019-08-20 14:29:56 DEBUG StandardEnvironment:124 - Initialized StandardEnvironment with PropertySources [systemProperties,systemEnvironment]
2019-08-20 14:29:56 INFO  XmlBeanDefinitionReader:317 - Loading XML bean definitions from class path resource [applicationContext.xml]
2019-08-20 14:29:56 DEBUG DefaultDocumentLoader:73 - Using JAXP provider [com.sun.org.apache.xerces.internal.jaxp.DocumentBuilderFactoryImpl]
2019-08-20 14:29:56 DEBUG PluggableSchemaResolver:141 - Loading schema mappings from [META-INF/spring.schemas]
2019-08-20 14:29:56 DEBUG PluggableSchemaResolver:147 - Loaded schema mappings: {http://www.springframework.org/schema/cache/spring-cache-4.2.xsd=org/springframework/cache/config/spring-cache-4.2.xsd, http://www.springframework.org/schema/aop/spring-aop-4.1.xsd=org/springframework/aop/config/spring-aop-4.1.xsd, http://www.springframework.org/schema/context/spring-context-3.1.xsd=org/springframework/context/config/spring-context-3.1.xsd, http://www.springframework.org/schema/util/spring-util-3.0.xsd=org/springframework/beans/factory/xml/spring-util-3.0.xsd, http://www.springframework.org/schema/tool/spring-tool.xsd=org/springframework/beans/factory/xml/spring-tool-4.3.xsd, http://www.springframework.org/schema/aop/spring-aop-3.2.xsd=org/springframework/aop/config/spring-aop-3.2.xsd, http://www.springframework.org/schema/lang/spring-lang-4.1.xsd=org/springframework/scripting/config/spring-lang-4.1.xsd, http://www.springframework.org/schema/context/spring-context-4.0.xsd=org/springframework/context/config/spring-context-4.0.xsd, http://www.springframework.org/schema/beans/spring-beans-4.2.xsd=org/springframework/beans/factory/xml/spring-beans-4.2.xsd, http://www.springframework.org/schema/tool/spring-tool-4.1.xsd=org/springframework/beans/factory/xml/spring-tool-4.1.xsd, http://www.springframework.org/schema/lang/spring-lang-3.2.xsd=org/springframework/scripting/config/spring-lang-3.2.xsd, http://www.springframework.org/schema/cache/spring-cache-3.2.xsd=org/springframework/cache/config/spring-cache-3.2.xsd, http://www.springframework.org/schema/jee/spring-jee-4.1.xsd=org/springframework/ejb/config/spring-jee-4.1.xsd, http://www.springframework.org/schema/util/spring-util-2.0.xsd=org/springframework/beans/factory/xml/spring-util-2.0.xsd, http://www.springframework.org/schema/task/spring-task-4.2.xsd=org/springframework/scheduling/config/spring-task-4.2.xsd, http://www.springframework.org/schema/tool/spring-tool-3.2.xsd=org/springframework/beans/factory/xml/spring-tool-3.2.xsd, http://www.springframework.org/schema/context/spring-context.xsd=org/springframework/context/config/spring-context-4.3.xsd, http://www.springframework.org/schema/cache/spring-cache-4.1.xsd=org/springframework/cache/config/spring-cache-4.1.xsd, http://www.springframework.org/schema/aop/spring-aop-4.0.xsd=org/springframework/aop/config/spring-aop-4.0.xsd, http://www.springframework.org/schema/jee/spring-jee-3.2.xsd=org/springframework/ejb/config/spring-jee-3.2.xsd, http://www.springframework.org/schema/context/spring-context-3.0.xsd=org/springframework/context/config/spring-context-3.0.xsd, http://www.springframework.org/schema/util/spring-util-4.3.xsd=org/springframework/beans/factory/xml/spring-util-4.3.xsd, http://www.springframework.org/schema/util/spring-util-2.5.xsd=org/springframework/beans/factory/xml/spring-util-2.5.xsd, http://www.springframework.org/schema/beans/spring-beans-3.2.xsd=org/springframework/beans/factory/xml/spring-beans-3.2.xsd, http://www.springframework.org/schema/aop/spring-aop-3.1.xsd=org/springframework/aop/config/spring-aop-3.1.xsd, http://www.springframework.org/schema/lang/spring-lang-4.0.xsd=org/springframework/scripting/config/spring-lang-4.0.xsd, http://www.springframework.org/schema/beans/spring-beans-4.1.xsd=org/springframework/beans/factory/xml/spring-beans-4.1.xsd, http://www.springframework.org/schema/tool/spring-tool-4.0.xsd=org/springframework/beans/factory/xml/spring-tool-4.0.xsd, http://www.springframework.org/schema/lang/spring-lang-3.1.xsd=org/springframework/scripting/config/spring-lang-3.1.xsd, http://www.springframework.org/schema/cache/spring-cache-3.1.xsd=org/springframework/cache/config/spring-cache-3.1.xsd, http://www.springframework.org/schema/jee/spring-jee-4.0.xsd=org/springframework/ejb/config/spring-jee-4.0.xsd, http://www.springframework.org/schema/task/spring-task-4.1.xsd=org/springframework/scheduling/config/spring-task-4.1.xsd, http://www.springframework.org/schema/tool/spring-tool-3.1.xsd=org/springframework/beans/factory/xml/spring-tool-3.1.xsd, http://www.springframework.org/schema/cache/spring-cache-4.0.xsd=org/springframework/cache/config/spring-cache-4.0.xsd, http://www.springframework.org/schema/jee/spring-jee-3.1.xsd=org/springframework/ejb/config/spring-jee-3.1.xsd, http://www.springframework.org/schema/util/spring-util-4.2.xsd=org/springframework/beans/factory/xml/spring-util-4.2.xsd, http://www.springframework.org/schema/task/spring-task-3.2.xsd=org/springframework/scheduling/config/spring-task-3.2.xsd, http://www.springframework.org/schema/beans/spring-beans-3.1.xsd=org/springframework/beans/factory/xml/spring-beans-3.1.xsd, http://www.springframework.org/schema/util/spring-util.xsd=org/springframework/beans/factory/xml/spring-util-4.3.xsd, http://www.springframework.org/schema/aop/spring-aop-3.0.xsd=org/springframework/aop/config/spring-aop-3.0.xsd, http://www.springframework.org/schema/beans/spring-beans-4.0.xsd=org/springframework/beans/factory/xml/spring-beans-4.0.xsd, http://www.springframework.org/schema/beans/spring-beans.xsd=org/springframework/beans/factory/xml/spring-beans-4.3.xsd, http://www.springframework.org/schema/lang/spring-lang-3.0.xsd=org/springframework/scripting/config/spring-lang-3.0.xsd, http://www.springframework.org/schema/context/spring-context-2.5.xsd=org/springframework/context/config/spring-context-2.5.xsd, http://www.springframework.org/schema/context/spring-context-4.3.xsd=org/springframework/context/config/spring-context-4.3.xsd, http://www.springframework.org/schema/task/spring-task-4.0.xsd=org/springframework/scheduling/config/spring-task-4.0.xsd, http://www.springframework.org/schema/tool/spring-tool-3.0.xsd=org/springframework/beans/factory/xml/spring-tool-3.0.xsd, http://www.springframework.org/schema/aop/spring-aop-2.0.xsd=org/springframework/aop/config/spring-aop-2.0.xsd, http://www.springframework.org/schema/jee/spring-jee-3.0.xsd=org/springframework/ejb/config/spring-jee-3.0.xsd, http://www.springframework.org/schema/util/spring-util-4.1.xsd=org/springframework/beans/factory/xml/spring-util-4.1.xsd, http://www.springframework.org/schema/task/spring-task-3.1.xsd=org/springframework/scheduling/config/spring-task-3.1.xsd, http://www.springframework.org/schema/beans/spring-beans-3.0.xsd=org/springframework/beans/factory/xml/spring-beans-3.0.xsd, http://www.springframework.org/schema/jee/spring-jee.xsd=org/springframework/ejb/config/spring-jee-4.3.xsd, http://www.springframework.org/schema/aop/spring-aop-2.5.xsd=org/springframework/aop/config/spring-aop-2.5.xsd, http://www.springframework.org/schema/aop/spring-aop-4.3.xsd=org/springframework/aop/config/spring-aop-4.3.xsd, http://www.springframework.org/schema/lang/spring-lang-2.0.xsd=org/springframework/scripting/config/spring-lang-2.0.xsd, http://www.springframework.org/schema/util/spring-util-3.2.xsd=org/springframework/beans/factory/xml/spring-util-3.2.xsd, http://www.springframework.org/schema/task/spring-task.xsd=org/springframework/scheduling/config/spring-task-4.3.xsd, http://www.springframework.org/schema/tool/spring-tool-2.0.xsd=org/springframework/beans/factory/xml/spring-tool-2.0.xsd, http://www.springframework.org/schema/lang/spring-lang-2.5.xsd=org/springframework/scripting/config/spring-lang-2.5.xsd, http://www.springframework.org/schema/lang/spring-lang-4.3.xsd=org/springframework/scripting/config/spring-lang-4.3.xsd, http://www.springframework.org/schema/context/spring-context-4.2.xsd=org/springframework/context/config/spring-context-4.2.xsd, http://www.springframework.org/schema/jee/spring-jee-2.0.xsd=org/springframework/ejb/config/spring-jee-2.0.xsd, http://www.springframework.org/schema/tool/spring-tool-4.3.xsd=org/springframework/beans/factory/xml/spring-tool-4.3.xsd, http://www.springframework.org/schema/tool/spring-tool-2.5.xsd=org/springframework/beans/factory/xml/spring-tool-2.5.xsd, http://www.springframework.org/schema/jee/spring-jee-4.3.xsd=org/springframework/ejb/config/spring-jee-4.3.xsd, http://www.springframework.org/schema/jee/spring-jee-2.5.xsd=org/springframework/ejb/config/spring-jee-2.5.xsd, http://www.springframework.org/schema/util/spring-util-4.0.xsd=org/springframework/beans/factory/xml/spring-util-4.0.xsd, http://www.springframework.org/schema/task/spring-task-3.0.xsd=org/springframework/scheduling/config/spring-task-3.0.xsd, http://www.springframework.org/schema/cache/spring-cache-4.3.xsd=org/springframework/cache/config/spring-cache-4.3.xsd, http://www.springframework.org/schema/aop/spring-aop-4.2.xsd=org/springframework/aop/config/spring-aop-4.2.xsd, http://www.springframework.org/schema/lang/spring-lang.xsd=org/springframework/scripting/config/spring-lang-4.3.xsd, http://www.springframework.org/schema/context/spring-context-3.2.xsd=org/springframework/context/config/spring-context-3.2.xsd, http://www.springframework.org/schema/util/spring-util-3.1.xsd=org/springframework/beans/factory/xml/spring-util-3.1.xsd, http://www.springframework.org/schema/beans/spring-beans-2.0.xsd=org/springframework/beans/factory/xml/spring-beans-2.0.xsd, http://www.springframework.org/schema/cache/spring-cache.xsd=org/springframework/cache/config/spring-cache-4.3.xsd, http://www.springframework.org/schema/lang/spring-lang-4.2.xsd=org/springframework/scripting/config/spring-lang-4.2.xsd, http://www.springframework.org/schema/context/spring-context-4.1.xsd=org/springframework/context/config/spring-context-4.1.xsd, http://www.springframework.org/schema/beans/spring-beans-2.5.xsd=org/springframework/beans/factory/xml/spring-beans-2.5.xsd, http://www.springframework.org/schema/beans/spring-beans-4.3.xsd=org/springframework/beans/factory/xml/spring-beans-4.3.xsd, http://www.springframework.org/schema/tool/spring-tool-4.2.xsd=org/springframework/beans/factory/xml/spring-tool-4.2.xsd, http://www.springframework.org/schema/jee/spring-jee-4.2.xsd=org/springframework/ejb/config/spring-jee-4.2.xsd, http://www.springframework.org/schema/task/spring-task-4.3.xsd=org/springframework/scheduling/config/spring-task-4.3.xsd, http://www.springframework.org/schema/aop/spring-aop.xsd=org/springframework/aop/config/spring-aop-4.3.xsd}
2019-08-20 14:29:56 DEBUG PluggableSchemaResolver:119 - Found XML schema [http://www.springframework.org/schema/beans/spring-beans.xsd] in classpath: org/springframework/beans/factory/xml/spring-beans-4.3.xsd
2019-08-20 14:29:56 DEBUG DefaultBeanDefinitionDocumentReader:92 - Loading bean definitions
2019-08-20 14:29:56 DEBUG XmlBeanDefinitionReader:224 - Loaded 2 bean definitions from location pattern [applicationContext.xml]
2019-08-20 14:29:56 INFO  GenericXmlApplicationContext:583 - Refreshing org.springframework.context.support.GenericXmlApplicationContext@1b4fb997: startup date [Tue Aug 20 14:29:56 KST 2019]; root of context hierarchy
2019-08-20 14:29:56 DEBUG GenericXmlApplicationContext:617 - Bean factory for org.springframework.context.support.GenericXmlApplicationContext@1b4fb997: org.springframework.beans.factory.support.DefaultListableBeanFactory@2c8d66b2: defining beans [dUserDao,userDao]; root of factory hierarchy
2019-08-20 14:29:56 DEBUG GenericXmlApplicationContext:734 - Unable to locate MessageSource with name 'messageSource': using default [org.springframework.context.support.DelegatingMessageSource@50f8360d]
2019-08-20 14:29:56 DEBUG GenericXmlApplicationContext:758 - Unable to locate ApplicationEventMulticaster with name 'applicationEventMulticaster': using default [org.springframework.context.event.SimpleApplicationEventMulticaster@7946e1f4]
2019-08-20 14:29:56 DEBUG DefaultListableBeanFactory:730 - Pre-instantiating singletons in org.springframework.beans.factory.support.DefaultListableBeanFactory@2c8d66b2: defining beans [dUserDao,userDao]; root of factory hierarchy
2019-08-20 14:29:56 DEBUG DefaultListableBeanFactory:221 - Creating shared instance of singleton bean 'dUserDao'
2019-08-20 14:29:56 DEBUG DefaultListableBeanFactory:449 - Creating instance of bean 'dUserDao'
2019-08-20 14:29:56 DEBUG DefaultListableBeanFactory:539 - Eagerly caching bean 'dUserDao' to allow for resolving potential circular references
2019-08-20 14:29:56 DEBUG DefaultListableBeanFactory:485 - Finished creating instance of bean 'dUserDao'
2019-08-20 14:29:56 DEBUG DefaultListableBeanFactory:221 - Creating shared instance of singleton bean 'userDao'
2019-08-20 14:29:56 DEBUG DefaultListableBeanFactory:449 - Creating instance of bean 'userDao'
2019-08-20 14:29:56 DEBUG DefaultListableBeanFactory:539 - Eagerly caching bean 'userDao' to allow for resolving potential circular references
2019-08-20 14:29:56 DEBUG DefaultListableBeanFactory:251 - Returning cached instance of singleton bean 'dUserDao'
2019-08-20 14:29:56 DEBUG DefaultListableBeanFactory:485 - Finished creating instance of bean 'userDao'
2019-08-20 14:29:56 DEBUG GenericXmlApplicationContext:785 - Unable to locate LifecycleProcessor with name 'lifecycleProcessor': using default [org.springframework.context.support.DefaultLifecycleProcessor@3c0ecd4b]
2019-08-20 14:29:56 DEBUG DefaultListableBeanFactory:251 - Returning cached instance of singleton bean 'lifecycleProcessor'
2019-08-20 14:29:56 DEBUG PropertySourcesPropertyResolver:91 - Could not find key 'spring.liveBeansView.mbeanDomain' in any property source
2019-08-20 14:29:56 DEBUG UserDaoXMLTest:23 - =============================
2019-08-20 14:29:56 DEBUG UserDaoXMLTest:24 - 01. AbstractApplicationContext=org.springframework.context.support.GenericXmlApplicationContext@1b4fb997: startup date [Tue Aug 20 14:29:56 KST 2019]; root of context hierarchy
2019-08-20 14:29:56 DEBUG UserDaoXMLTest:25 - =============================
2019-08-20 14:29:56 DEBUG DefaultListableBeanFactory:251 - Returning cached instance of singleton bean 'userDao'
2019-08-20 14:29:56 DEBUG DefaultListableBeanFactory:251 - Returning cached instance of singleton bean 'userDao'
2019-08-20 14:29:56 DEBUG DefaultListableBeanFactory:251 - Returning cached instance of singleton bean 'userDao'
2019-08-20 14:29:56 DEBUG UserDaoXMLTest:30 - =============================
2019-08-20 14:29:56 DEBUG UserDaoXMLTest:31 - 00. UserDao=com.ehr.UserDao@3fee9989
2019-08-20 14:29:56 DEBUG UserDaoXMLTest:32 - 00. UserDao2=com.ehr.UserDao@3fee9989
2019-08-20 14:29:56 DEBUG UserDaoXMLTest:33 - 00. UserDao3=com.ehr.UserDao@3fee9989
2019-08-20 14:29:56 DEBUG UserDaoXMLTest:34 - =============================
2019-08-20 14:30:33 DEBUG UserDaoXMLTest:16 - ---------------------
2019-08-20 14:30:33 DEBUG UserDaoXMLTest:17 - Main
2019-08-20 14:30:33 DEBUG UserDaoXMLTest:18 - ---------------------
2019-08-20 14:30:33 DEBUG StandardEnvironment:109 - Adding [systemProperties] PropertySource with lowest search precedence
2019-08-20 14:30:33 DEBUG StandardEnvironment:109 - Adding [systemEnvironment] PropertySource with lowest search precedence
2019-08-20 14:30:33 DEBUG StandardEnvironment:124 - Initialized StandardEnvironment with PropertySources [systemProperties,systemEnvironment]
2019-08-20 14:30:33 INFO  XmlBeanDefinitionReader:317 - Loading XML bean definitions from class path resource [applicationContext.xml]
2019-08-20 14:30:33 DEBUG DefaultDocumentLoader:73 - Using JAXP provider [com.sun.org.apache.xerces.internal.jaxp.DocumentBuilderFactoryImpl]
2019-08-20 14:30:33 DEBUG PluggableSchemaResolver:141 - Loading schema mappings from [META-INF/spring.schemas]
2019-08-20 14:30:33 DEBUG PluggableSchemaResolver:147 - Loaded schema mappings: {http://www.springframework.org/schema/cache/spring-cache-4.2.xsd=org/springframework/cache/config/spring-cache-4.2.xsd, http://www.springframework.org/schema/aop/spring-aop-4.1.xsd=org/springframework/aop/config/spring-aop-4.1.xsd, http://www.springframework.org/schema/context/spring-context-3.1.xsd=org/springframework/context/config/spring-context-3.1.xsd, http://www.springframework.org/schema/util/spring-util-3.0.xsd=org/springframework/beans/factory/xml/spring-util-3.0.xsd, http://www.springframework.org/schema/tool/spring-tool.xsd=org/springframework/beans/factory/xml/spring-tool-4.3.xsd, http://www.springframework.org/schema/aop/spring-aop-3.2.xsd=org/springframework/aop/config/spring-aop-3.2.xsd, http://www.springframework.org/schema/lang/spring-lang-4.1.xsd=org/springframework/scripting/config/spring-lang-4.1.xsd, http://www.springframework.org/schema/context/spring-context-4.0.xsd=org/springframework/context/config/spring-context-4.0.xsd, http://www.springframework.org/schema/beans/spring-beans-4.2.xsd=org/springframework/beans/factory/xml/spring-beans-4.2.xsd, http://www.springframework.org/schema/tool/spring-tool-4.1.xsd=org/springframework/beans/factory/xml/spring-tool-4.1.xsd, http://www.springframework.org/schema/lang/spring-lang-3.2.xsd=org/springframework/scripting/config/spring-lang-3.2.xsd, http://www.springframework.org/schema/cache/spring-cache-3.2.xsd=org/springframework/cache/config/spring-cache-3.2.xsd, http://www.springframework.org/schema/jee/spring-jee-4.1.xsd=org/springframework/ejb/config/spring-jee-4.1.xsd, http://www.springframework.org/schema/util/spring-util-2.0.xsd=org/springframework/beans/factory/xml/spring-util-2.0.xsd, http://www.springframework.org/schema/task/spring-task-4.2.xsd=org/springframework/scheduling/config/spring-task-4.2.xsd, http://www.springframework.org/schema/tool/spring-tool-3.2.xsd=org/springframework/beans/factory/xml/spring-tool-3.2.xsd, http://www.springframework.org/schema/context/spring-context.xsd=org/springframework/context/config/spring-context-4.3.xsd, http://www.springframework.org/schema/cache/spring-cache-4.1.xsd=org/springframework/cache/config/spring-cache-4.1.xsd, http://www.springframework.org/schema/aop/spring-aop-4.0.xsd=org/springframework/aop/config/spring-aop-4.0.xsd, http://www.springframework.org/schema/jee/spring-jee-3.2.xsd=org/springframework/ejb/config/spring-jee-3.2.xsd, http://www.springframework.org/schema/context/spring-context-3.0.xsd=org/springframework/context/config/spring-context-3.0.xsd, http://www.springframework.org/schema/util/spring-util-4.3.xsd=org/springframework/beans/factory/xml/spring-util-4.3.xsd, http://www.springframework.org/schema/util/spring-util-2.5.xsd=org/springframework/beans/factory/xml/spring-util-2.5.xsd, http://www.springframework.org/schema/beans/spring-beans-3.2.xsd=org/springframework/beans/factory/xml/spring-beans-3.2.xsd, http://www.springframework.org/schema/aop/spring-aop-3.1.xsd=org/springframework/aop/config/spring-aop-3.1.xsd, http://www.springframework.org/schema/lang/spring-lang-4.0.xsd=org/springframework/scripting/config/spring-lang-4.0.xsd, http://www.springframework.org/schema/beans/spring-beans-4.1.xsd=org/springframework/beans/factory/xml/spring-beans-4.1.xsd, http://www.springframework.org/schema/tool/spring-tool-4.0.xsd=org/springframework/beans/factory/xml/spring-tool-4.0.xsd, http://www.springframework.org/schema/lang/spring-lang-3.1.xsd=org/springframework/scripting/config/spring-lang-3.1.xsd, http://www.springframework.org/schema/cache/spring-cache-3.1.xsd=org/springframework/cache/config/spring-cache-3.1.xsd, http://www.springframework.org/schema/jee/spring-jee-4.0.xsd=org/springframework/ejb/config/spring-jee-4.0.xsd, http://www.springframework.org/schema/task/spring-task-4.1.xsd=org/springframework/scheduling/config/spring-task-4.1.xsd, http://www.springframework.org/schema/tool/spring-tool-3.1.xsd=org/springframework/beans/factory/xml/spring-tool-3.1.xsd, http://www.springframework.org/schema/cache/spring-cache-4.0.xsd=org/springframework/cache/config/spring-cache-4.0.xsd, http://www.springframework.org/schema/jee/spring-jee-3.1.xsd=org/springframework/ejb/config/spring-jee-3.1.xsd, http://www.springframework.org/schema/util/spring-util-4.2.xsd=org/springframework/beans/factory/xml/spring-util-4.2.xsd, http://www.springframework.org/schema/task/spring-task-3.2.xsd=org/springframework/scheduling/config/spring-task-3.2.xsd, http://www.springframework.org/schema/beans/spring-beans-3.1.xsd=org/springframework/beans/factory/xml/spring-beans-3.1.xsd, http://www.springframework.org/schema/util/spring-util.xsd=org/springframework/beans/factory/xml/spring-util-4.3.xsd, http://www.springframework.org/schema/aop/spring-aop-3.0.xsd=org/springframework/aop/config/spring-aop-3.0.xsd, http://www.springframework.org/schema/beans/spring-beans-4.0.xsd=org/springframework/beans/factory/xml/spring-beans-4.0.xsd, http://www.springframework.org/schema/beans/spring-beans.xsd=org/springframework/beans/factory/xml/spring-beans-4.3.xsd, http://www.springframework.org/schema/lang/spring-lang-3.0.xsd=org/springframework/scripting/config/spring-lang-3.0.xsd, http://www.springframework.org/schema/context/spring-context-2.5.xsd=org/springframework/context/config/spring-context-2.5.xsd, http://www.springframework.org/schema/context/spring-context-4.3.xsd=org/springframework/context/config/spring-context-4.3.xsd, http://www.springframework.org/schema/task/spring-task-4.0.xsd=org/springframework/scheduling/config/spring-task-4.0.xsd, http://www.springframework.org/schema/tool/spring-tool-3.0.xsd=org/springframework/beans/factory/xml/spring-tool-3.0.xsd, http://www.springframework.org/schema/aop/spring-aop-2.0.xsd=org/springframework/aop/config/spring-aop-2.0.xsd, http://www.springframework.org/schema/jee/spring-jee-3.0.xsd=org/springframework/ejb/config/spring-jee-3.0.xsd, http://www.springframework.org/schema/util/spring-util-4.1.xsd=org/springframework/beans/factory/xml/spring-util-4.1.xsd, http://www.springframework.org/schema/task/spring-task-3.1.xsd=org/springframework/scheduling/config/spring-task-3.1.xsd, http://www.springframework.org/schema/beans/spring-beans-3.0.xsd=org/springframework/beans/factory/xml/spring-beans-3.0.xsd, http://www.springframework.org/schema/jee/spring-jee.xsd=org/springframework/ejb/config/spring-jee-4.3.xsd, http://www.springframework.org/schema/aop/spring-aop-2.5.xsd=org/springframework/aop/config/spring-aop-2.5.xsd, http://www.springframework.org/schema/aop/spring-aop-4.3.xsd=org/springframework/aop/config/spring-aop-4.3.xsd, http://www.springframework.org/schema/lang/spring-lang-2.0.xsd=org/springframework/scripting/config/spring-lang-2.0.xsd, http://www.springframework.org/schema/util/spring-util-3.2.xsd=org/springframework/beans/factory/xml/spring-util-3.2.xsd, http://www.springframework.org/schema/task/spring-task.xsd=org/springframework/scheduling/config/spring-task-4.3.xsd, http://www.springframework.org/schema/tool/spring-tool-2.0.xsd=org/springframework/beans/factory/xml/spring-tool-2.0.xsd, http://www.springframework.org/schema/lang/spring-lang-2.5.xsd=org/springframework/scripting/config/spring-lang-2.5.xsd, http://www.springframework.org/schema/lang/spring-lang-4.3.xsd=org/springframework/scripting/config/spring-lang-4.3.xsd, http://www.springframework.org/schema/context/spring-context-4.2.xsd=org/springframework/context/config/spring-context-4.2.xsd, http://www.springframework.org/schema/jee/spring-jee-2.0.xsd=org/springframework/ejb/config/spring-jee-2.0.xsd, http://www.springframework.org/schema/tool/spring-tool-4.3.xsd=org/springframework/beans/factory/xml/spring-tool-4.3.xsd, http://www.springframework.org/schema/tool/spring-tool-2.5.xsd=org/springframework/beans/factory/xml/spring-tool-2.5.xsd, http://www.springframework.org/schema/jee/spring-jee-4.3.xsd=org/springframework/ejb/config/spring-jee-4.3.xsd, http://www.springframework.org/schema/jee/spring-jee-2.5.xsd=org/springframework/ejb/config/spring-jee-2.5.xsd, http://www.springframework.org/schema/util/spring-util-4.0.xsd=org/springframework/beans/factory/xml/spring-util-4.0.xsd, http://www.springframework.org/schema/task/spring-task-3.0.xsd=org/springframework/scheduling/config/spring-task-3.0.xsd, http://www.springframework.org/schema/cache/spring-cache-4.3.xsd=org/springframework/cache/config/spring-cache-4.3.xsd, http://www.springframework.org/schema/aop/spring-aop-4.2.xsd=org/springframework/aop/config/spring-aop-4.2.xsd, http://www.springframework.org/schema/lang/spring-lang.xsd=org/springframework/scripting/config/spring-lang-4.3.xsd, http://www.springframework.org/schema/context/spring-context-3.2.xsd=org/springframework/context/config/spring-context-3.2.xsd, http://www.springframework.org/schema/util/spring-util-3.1.xsd=org/springframework/beans/factory/xml/spring-util-3.1.xsd, http://www.springframework.org/schema/beans/spring-beans-2.0.xsd=org/springframework/beans/factory/xml/spring-beans-2.0.xsd, http://www.springframework.org/schema/cache/spring-cache.xsd=org/springframework/cache/config/spring-cache-4.3.xsd, http://www.springframework.org/schema/lang/spring-lang-4.2.xsd=org/springframework/scripting/config/spring-lang-4.2.xsd, http://www.springframework.org/schema/context/spring-context-4.1.xsd=org/springframework/context/config/spring-context-4.1.xsd, http://www.springframework.org/schema/beans/spring-beans-2.5.xsd=org/springframework/beans/factory/xml/spring-beans-2.5.xsd, http://www.springframework.org/schema/beans/spring-beans-4.3.xsd=org/springframework/beans/factory/xml/spring-beans-4.3.xsd, http://www.springframework.org/schema/tool/spring-tool-4.2.xsd=org/springframework/beans/factory/xml/spring-tool-4.2.xsd, http://www.springframework.org/schema/jee/spring-jee-4.2.xsd=org/springframework/ejb/config/spring-jee-4.2.xsd, http://www.springframework.org/schema/task/spring-task-4.3.xsd=org/springframework/scheduling/config/spring-task-4.3.xsd, http://www.springframework.org/schema/aop/spring-aop.xsd=org/springframework/aop/config/spring-aop-4.3.xsd}
2019-08-20 14:30:33 DEBUG PluggableSchemaResolver:119 - Found XML schema [http://www.springframework.org/schema/beans/spring-beans.xsd] in classpath: org/springframework/beans/factory/xml/spring-beans-4.3.xsd
2019-08-20 14:30:33 DEBUG DefaultBeanDefinitionDocumentReader:92 - Loading bean definitions
2019-08-20 14:30:33 DEBUG XmlBeanDefinitionReader:224 - Loaded 2 bean definitions from location pattern [applicationContext.xml]
2019-08-20 14:30:33 INFO  GenericXmlApplicationContext:583 - Refreshing org.springframework.context.support.GenericXmlApplicationContext@1b4fb997: startup date [Tue Aug 20 14:30:33 KST 2019]; root of context hierarchy
2019-08-20 14:30:33 DEBUG GenericXmlApplicationContext:617 - Bean factory for org.springframework.context.support.GenericXmlApplicationContext@1b4fb997: org.springframework.beans.factory.support.DefaultListableBeanFactory@2c8d66b2: defining beans [dUserDao,userDao]; root of factory hierarchy
2019-08-20 14:30:33 DEBUG GenericXmlApplicationContext:734 - Unable to locate MessageSource with name 'messageSource': using default [org.springframework.context.support.DelegatingMessageSource@50f8360d]
2019-08-20 14:30:33 DEBUG GenericXmlApplicationContext:758 - Unable to locate ApplicationEventMulticaster with name 'applicationEventMulticaster': using default [org.springframework.context.event.SimpleApplicationEventMulticaster@7946e1f4]
2019-08-20 14:30:33 DEBUG DefaultListableBeanFactory:730 - Pre-instantiating singletons in org.springframework.beans.factory.support.DefaultListableBeanFactory@2c8d66b2: defining beans [dUserDao,userDao]; root of factory hierarchy
2019-08-20 14:30:33 DEBUG DefaultListableBeanFactory:221 - Creating shared instance of singleton bean 'dUserDao'
2019-08-20 14:30:33 DEBUG DefaultListableBeanFactory:449 - Creating instance of bean 'dUserDao'
2019-08-20 14:30:33 DEBUG DefaultListableBeanFactory:539 - Eagerly caching bean 'dUserDao' to allow for resolving potential circular references
2019-08-20 14:30:33 DEBUG DefaultListableBeanFactory:485 - Finished creating instance of bean 'dUserDao'
2019-08-20 14:30:33 DEBUG DefaultListableBeanFactory:221 - Creating shared instance of singleton bean 'userDao'
2019-08-20 14:30:33 DEBUG DefaultListableBeanFactory:449 - Creating instance of bean 'userDao'
2019-08-20 14:30:33 DEBUG DefaultListableBeanFactory:539 - Eagerly caching bean 'userDao' to allow for resolving potential circular references
2019-08-20 14:30:33 DEBUG DefaultListableBeanFactory:251 - Returning cached instance of singleton bean 'dUserDao'
2019-08-20 14:30:33 DEBUG DefaultListableBeanFactory:485 - Finished creating instance of bean 'userDao'
2019-08-20 14:30:33 DEBUG GenericXmlApplicationContext:785 - Unable to locate LifecycleProcessor with name 'lifecycleProcessor': using default [org.springframework.context.support.DefaultLifecycleProcessor@3c0ecd4b]
2019-08-20 14:30:33 DEBUG DefaultListableBeanFactory:251 - Returning cached instance of singleton bean 'lifecycleProcessor'
2019-08-20 14:30:33 DEBUG PropertySourcesPropertyResolver:91 - Could not find key 'spring.liveBeansView.mbeanDomain' in any property source
2019-08-20 14:30:33 DEBUG UserDaoXMLTest:23 - =============================
2019-08-20 14:30:33 DEBUG UserDaoXMLTest:24 - 01. AbstractApplicationContext=org.springframework.context.support.GenericXmlApplicationContext@1b4fb997: startup date [Tue Aug 20 14:30:33 KST 2019]; root of context hierarchy
2019-08-20 14:30:33 DEBUG UserDaoXMLTest:25 - =============================
2019-08-20 14:30:33 DEBUG DefaultListableBeanFactory:251 - Returning cached instance of singleton bean 'userDao'
2019-08-20 14:30:33 DEBUG UserDaoXMLTest:31 - 00. UserDao=com.ehr.UserDao@3fee9989
2019-08-20 14:30:33 DEBUG UserDaoXMLTest:39 - =============================
2019-08-20 14:30:33 DEBUG UserDaoXMLTest:40 - 단건 등록
2019-08-20 14:30:33 DEBUG UserDaoXMLTest:41 - =============================
2019-08-20 14:30:34 DEBUG DUserDao:21 - ---------------------
2019-08-20 14:30:34 DEBUG DUserDao:22 - 01. conn : oracle.jdbc.driver.T4CConnection@4abdb505
2019-08-20 14:30:34 DEBUG DUserDao:23 - ---------------------
2019-08-20 14:30:34 DEBUG UserDao:76 - =============================
2019-08-20 14:30:34 DEBUG UserDao:77 - 02. sql=
 INSERT INTO users (  
     u_id,            
     name,            
     passwd           
 ) VALUES (           
     ?,               
     ?,               
     ?                
 )                    

2019-08-20 14:30:34 DEBUG UserDao:78 - =============================
2019-08-20 14:30:34 DEBUG UserDao:87 - =============================
2019-08-20 14:30:34 DEBUG UserDao:88 - 03. param=User [u_id=j01_125, name=노명진, passwd=1234]
2019-08-20 14:30:34 DEBUG UserDao:89 - =============================
2019-08-20 14:30:34 DEBUG UserDao:95 - =============================
2019-08-20 14:30:34 DEBUG UserDao:96 - 03. Run flag=1
2019-08-20 14:30:34 DEBUG UserDao:97 - =============================
2019-08-20 14:30:34 DEBUG UserDaoXMLTest:44 - =============================
2019-08-20 14:30:34 DEBUG UserDaoXMLTest:45 - 01. add flag=1
2019-08-20 14:30:34 DEBUG UserDaoXMLTest:46 - =============================
2019-08-20 14:30:34 DEBUG UserDaoXMLTest:49 - =============================
2019-08-20 14:30:34 DEBUG UserDaoXMLTest:50 - 등록 성공j01_125
2019-08-20 14:30:34 DEBUG UserDaoXMLTest:51 - =============================
2019-08-20 14:30:34 DEBUG UserDaoXMLTest:53 - =============================
2019-08-20 14:30:34 DEBUG UserDaoXMLTest:54 - 단건 조회
2019-08-20 14:30:34 DEBUG UserDaoXMLTest:55 - =============================
2019-08-20 14:30:34 DEBUG DUserDao:21 - ---------------------
2019-08-20 14:30:34 DEBUG DUserDao:22 - 01. conn : oracle.jdbc.driver.T4CConnection@7d3a22a9
2019-08-20 14:30:34 DEBUG DUserDao:23 - ---------------------
2019-08-20 14:30:34 DEBUG UserDao:137 - =============================
2019-08-20 14:30:34 DEBUG UserDao:138 - 02. sql=
 SELECT         
     u_id,      
     name,      
     passwd     
 FROM users     
 WHERE u_id = ? 

2019-08-20 14:30:34 DEBUG UserDao:139 - =============================
2019-08-20 14:30:34 DEBUG UserDao:146 - =============================
2019-08-20 14:30:34 DEBUG UserDao:147 - 03. param=j01_125
2019-08-20 14:30:34 DEBUG UserDao:148 - =============================
2019-08-20 14:30:34 DEBUG UserDao:160 - =============================
2019-08-20 14:30:34 DEBUG UserDao:161 - 04. output=User [u_id=j01_125, name=노명진, passwd=1234]
2019-08-20 14:30:34 DEBUG UserDao:162 - =============================
2019-08-20 14:30:34 DEBUG UserDaoXMLTest:62 - =============================
2019-08-20 14:30:34 DEBUG UserDaoXMLTest:63 - 조회 성공User [u_id=j01_125, name=노명진, passwd=1234]
2019-08-20 14:30:34 DEBUG UserDaoXMLTest:64 - =============================
