2019-08-20 09:46:14 DEBUG UserDaoTest:11 - ---------------------
2019-08-20 09:46:14 DEBUG UserDaoTest:12 - Main
2019-08-20 09:46:14 DEBUG UserDaoTest:13 - ---------------------
2019-08-20 09:46:14 DEBUG UserDaoTest:20 - =============================
2019-08-20 09:46:14 DEBUG UserDaoTest:21 - 단건 등록
2019-08-20 09:46:14 DEBUG UserDaoTest:22 - =============================
2019-08-20 09:46:14 DEBUG DUserDao:21 - ---------------------
2019-08-20 09:46:15 DEBUG DUserDao:22 - 01. conn : oracle.jdbc.driver.T4CConnection@1f89ab83
2019-08-20 09:46:15 DEBUG DUserDao:23 - ---------------------
2019-08-20 09:46:15 DEBUG UserDao:77 - =============================
2019-08-20 09:46:15 DEBUG UserDao:78 - 02. sql=
 INSERT INTO users (  
     u_id,            
     name,            
     passwd           
 ) VALUES (           
     ?,               
     ?,               
     ?                
 )                    

2019-08-20 09:46:15 DEBUG UserDao:79 - =============================
2019-08-20 09:46:15 DEBUG UserDao:88 - =============================
2019-08-20 09:46:15 DEBUG UserDao:89 - 03. param=User [u_id=j01_125, name=노명진, passwd=1234]
2019-08-20 09:46:15 DEBUG UserDao:90 - =============================
2019-08-20 09:46:15 DEBUG UserDao:96 - =============================
2019-08-20 09:46:15 DEBUG UserDao:97 - 03. Run flag=1
2019-08-20 09:46:15 DEBUG UserDao:98 - =============================
2019-08-20 09:46:15 DEBUG UserDaoTest:25 - =============================
2019-08-20 09:46:15 DEBUG UserDaoTest:26 - 01. add flag=1
2019-08-20 09:46:15 DEBUG UserDaoTest:27 - =============================
2019-08-20 09:46:15 DEBUG UserDaoTest:30 - =============================
2019-08-20 09:46:15 DEBUG UserDaoTest:31 - 등록 성공j01_125
2019-08-20 09:46:15 DEBUG UserDaoTest:32 - =============================
2019-08-20 09:46:15 DEBUG UserDaoTest:34 - =============================
2019-08-20 09:46:15 DEBUG UserDaoTest:35 - 단건 조회
2019-08-20 09:46:15 DEBUG UserDaoTest:36 - =============================
2019-08-20 09:46:15 DEBUG DUserDao:21 - ---------------------
2019-08-20 09:46:15 DEBUG DUserDao:22 - 01. conn : oracle.jdbc.driver.T4CConnection@5025a98f
2019-08-20 09:46:15 DEBUG DUserDao:23 - ---------------------
2019-08-20 09:46:15 DEBUG UserDao:138 - =============================
2019-08-20 09:46:15 DEBUG UserDao:139 - 02. sql=
 SELECT         
     u_id,      
     name,      
     passwd     
 FROM users     
 WHERE u_id = ? 

2019-08-20 09:46:15 DEBUG UserDao:140 - =============================
2019-08-20 09:46:15 DEBUG UserDao:147 - =============================
2019-08-20 09:46:15 DEBUG UserDao:148 - 03. param=j01_125
2019-08-20 09:46:15 DEBUG UserDao:149 - =============================
2019-08-20 09:46:15 DEBUG UserDao:161 - =============================
2019-08-20 09:46:15 DEBUG UserDao:162 - 04. output=User [u_id=j01_125, name=노명진, passwd=1234]
2019-08-20 09:46:15 DEBUG UserDao:163 - =============================
2019-08-20 09:46:15 DEBUG UserDaoTest:43 - =============================
2019-08-20 09:46:15 DEBUG UserDaoTest:44 - 조회 성공User [u_id=j01_125, name=노명진, passwd=1234]
2019-08-20 09:46:15 DEBUG UserDaoTest:45 - =============================
