2019-08-19 11:39:23 DEBUG UserDao:37 - ---------------------
2019-08-19 11:39:23 DEBUG UserDao:38 - Main
2019-08-19 11:39:23 DEBUG UserDao:39 - ---------------------
2019-08-19 11:47:43 DEBUG UserDao:79 - ---------------------
2019-08-19 11:47:43 DEBUG UserDao:80 - Main
2019-08-19 11:47:43 DEBUG UserDao:81 - ---------------------
2019-08-19 11:47:44 DEBUG UserDao:49 - ---------------------
2019-08-19 11:47:44 DEBUG UserDao:50 - conn : oracle.jdbc.driver.T4CConnection@1f89ab83
2019-08-19 11:47:44 DEBUG UserDao:51 - ---------------------
2019-08-19 14:22:58 DEBUG UserDao:125 - ---------------------
2019-08-19 14:22:58 DEBUG UserDao:126 - Main
2019-08-19 14:22:58 DEBUG UserDao:127 - ---------------------
2019-08-19 14:22:59 DEBUG UserDao:51 - ---------------------
2019-08-19 14:22:59 DEBUG UserDao:52 - conn : oracle.jdbc.driver.T4CConnection@1f89ab83
2019-08-19 14:22:59 DEBUG UserDao:53 - ---------------------
2019-08-19 14:22:59 DEBUG UserDao:69 - =============================
2019-08-19 14:22:59 DEBUG UserDao:70 - 02. sql=
 INSERT INTO users (  
     u_id,            
     name,            
     passwd           
 ) VALUES (           
     ?,               
     ?,               
     ?                
 )                    

2019-08-19 14:22:59 DEBUG UserDao:71 - =============================
2019-08-19 14:22:59 DEBUG UserDao:80 - =============================
2019-08-19 14:22:59 DEBUG UserDao:81 - 03. param=
User [u_id=j01_125, name=노명진, passwd=1234]
2019-08-19 14:22:59 DEBUG UserDao:82 - =============================
2019-08-19 14:22:59 DEBUG UserDao:88 - =============================
2019-08-19 14:22:59 DEBUG UserDao:89 - 03. Run flag=1
2019-08-19 14:22:59 DEBUG UserDao:90 - =============================
2019-08-19 14:22:59 DEBUG UserDao:133 - =============================
2019-08-19 14:22:59 DEBUG UserDao:134 - 01. add flag=1
2019-08-19 14:22:59 DEBUG UserDao:135 - =============================
2019-08-19 14:46:33 DEBUG UserDao:181 - ---------------------
2019-08-19 14:46:33 DEBUG UserDao:182 - Main
2019-08-19 14:46:33 DEBUG UserDao:183 - ---------------------
2019-08-19 14:46:33 DEBUG UserDao:188 - =============================
2019-08-19 14:46:33 DEBUG UserDao:189 - 단건 등록
2019-08-19 14:46:33 DEBUG UserDao:190 - =============================
2019-08-19 14:46:35 DEBUG UserDao:52 - ---------------------
2019-08-19 14:46:35 DEBUG UserDao:53 - conn : oracle.jdbc.driver.T4CConnection@1f89ab83
2019-08-19 14:46:35 DEBUG UserDao:54 - ---------------------
2019-08-19 14:46:35 DEBUG UserDao:70 - =============================
2019-08-19 14:46:35 DEBUG UserDao:71 - 02. sql=
 INSERT INTO users (  
     u_id,            
     name,            
     passwd           
 ) VALUES (           
     ?,               
     ?,               
     ?                
 )                    

2019-08-19 14:46:35 DEBUG UserDao:72 - =============================
2019-08-19 14:46:35 DEBUG UserDao:81 - =============================
2019-08-19 14:46:35 DEBUG UserDao:82 - 03. param=User [u_id=j01_125, name=노명진, passwd=1234]
2019-08-19 14:46:35 DEBUG UserDao:83 - =============================
2019-08-19 14:46:35 DEBUG UserDao:89 - =============================
2019-08-19 14:46:35 DEBUG UserDao:90 - 03. Run flag=1
2019-08-19 14:46:35 DEBUG UserDao:91 - =============================
2019-08-19 14:46:35 DEBUG UserDao:193 - =============================
2019-08-19 14:46:35 DEBUG UserDao:194 - 01. add flag=1
2019-08-19 14:46:35 DEBUG UserDao:195 - =============================
2019-08-19 14:46:35 DEBUG UserDao:202 - =============================
2019-08-19 14:46:35 DEBUG UserDao:203 - 단건 조회
2019-08-19 14:46:35 DEBUG UserDao:204 - =============================
2019-08-19 14:46:35 DEBUG UserDao:120 - ---------------------
2019-08-19 14:46:35 DEBUG UserDao:121 - conn : oracle.jdbc.driver.T4CConnection@5025a98f
2019-08-19 14:46:35 DEBUG UserDao:122 - ---------------------
2019-08-19 14:46:35 DEBUG UserDao:135 - =============================
2019-08-19 14:46:35 DEBUG UserDao:136 - 02. sql=
 SELECT         
     u_id,      
     name,      
     passwd     
 FROM users     
 WHERE u_id = ? 

2019-08-19 14:46:35 DEBUG UserDao:137 - =============================
2019-08-19 14:46:35 DEBUG UserDao:144 - =============================
2019-08-19 14:46:35 DEBUG UserDao:145 - 03. param=j01_125
2019-08-19 14:46:35 DEBUG UserDao:146 - =============================
2019-08-19 14:46:35 DEBUG UserDao:158 - =============================
2019-08-19 14:46:35 DEBUG UserDao:159 - 04. output=User [u_id=j01_125, name=노명진, passwd=1234]
2019-08-19 14:46:35 DEBUG UserDao:160 - =============================
2019-08-19 14:46:35 DEBUG UserDao:211 - =============================
2019-08-19 14:46:35 DEBUG UserDao:212 - 조회 성공User [u_id=j01_125, name=노명진, passwd=1234]
2019-08-19 14:46:35 DEBUG UserDao:213 - =============================
