2019-08-20 17:18:57,317 INFO  [main] xml.XmlBeanDefinitionReader (XmlBeanDefinitionReader.java:317)     - Loading XML bean definitions from class path resource [applicationContext.xml]
2019-08-20 17:19:25,321 INFO  [main] xml.XmlBeanDefinitionReader (XmlBeanDefinitionReader.java:317)     - Loading XML bean definitions from class path resource [applicationContext.xml]
2019-08-20 17:19:25,392 INFO  [main] support.GenericXmlApplicationContext (AbstractApplicationContext.java:583)     - Refreshing org.springframework.context.support.GenericXmlApplicationContext@78e03bb5: startup date [Tue Aug 20 17:19:25 KST 2019]; root of context hierarchy
2019-08-20 17:20:08,345 INFO  [main] xml.XmlBeanDefinitionReader (XmlBeanDefinitionReader.java:317)     - Loading XML bean definitions from class path resource [applicationContext.xml]
2019-08-20 17:20:08,418 INFO  [main] support.GenericXmlApplicationContext (AbstractApplicationContext.java:583)     - Refreshing org.springframework.context.support.GenericXmlApplicationContext@78e03bb5: startup date [Tue Aug 20 17:20:08 KST 2019]; root of context hierarchy
2019-08-20 17:20:19,459 INFO  [main] xml.XmlBeanDefinitionReader (XmlBeanDefinitionReader.java:317)     - Loading XML bean definitions from class path resource [applicationContext.xml]
2019-08-20 17:20:19,531 INFO  [main] support.GenericXmlApplicationContext (AbstractApplicationContext.java:583)     - Refreshing org.springframework.context.support.GenericXmlApplicationContext@78e03bb5: startup date [Tue Aug 20 17:20:19 KST 2019]; root of context hierarchy
2019-08-20 17:20:50,632 INFO  [main] xml.XmlBeanDefinitionReader (XmlBeanDefinitionReader.java:317)     - Loading XML bean definitions from class path resource [applicationContext.xml]
2019-08-20 17:20:50,702 INFO  [main] support.GenericXmlApplicationContext (AbstractApplicationContext.java:583)     - Refreshing org.springframework.context.support.GenericXmlApplicationContext@78e03bb5: startup date [Tue Aug 20 17:20:50 KST 2019]; root of context hierarchy
2019-08-20 17:21:21,766 DEBUG [main] ehr.UserDaoTest   (UserDaoTest.java:14)     - ---------------------
2019-08-20 17:21:21,768 DEBUG [main] ehr.UserDaoTest   (UserDaoTest.java:15)     - Main
2019-08-20 17:21:21,768 DEBUG [main] ehr.UserDaoTest   (UserDaoTest.java:16)     - ---------------------
2019-08-20 17:21:21,828 DEBUG [main] env.StandardEnvironment (MutablePropertySources.java:109)     - Adding [systemProperties] PropertySource with lowest search precedence
2019-08-20 17:21:21,830 DEBUG [main] env.StandardEnvironment (MutablePropertySources.java:109)     - Adding [systemEnvironment] PropertySource with lowest search precedence
2019-08-20 17:21:21,830 DEBUG [main] env.StandardEnvironment (AbstractEnvironment.java:124)     - Initialized StandardEnvironment with PropertySources [systemProperties,systemEnvironment]
2019-08-20 17:21:21,835 INFO  [main] xml.XmlBeanDefinitionReader (XmlBeanDefinitionReader.java:317)     - Loading XML bean definitions from class path resource [applicationContext.xml]
2019-08-20 17:21:21,848 DEBUG [main] xml.DefaultDocumentLoader (DefaultDocumentLoader.java:73)     - Using JAXP provider [com.sun.org.apache.xerces.internal.jaxp.DocumentBuilderFactoryImpl]
2019-08-20 17:21:21,867 DEBUG [main] xml.PluggableSchemaResolver (PluggableSchemaResolver.java:141)     - Loading schema mappings from [META-INF/spring.schemas]
2019-08-20 17:21:21,869 DEBUG [main] xml.PluggableSchemaResolver (PluggableSchemaResolver.java:147)     - Loaded schema mappings: {http://www.springframework.org/schema/cache/spring-cache-4.2.xsd=org/springframework/cache/config/spring-cache-4.2.xsd, http://www.springframework.org/schema/aop/spring-aop-4.1.xsd=org/springframework/aop/config/spring-aop-4.1.xsd, http://www.springframework.org/schema/context/spring-context-3.1.xsd=org/springframework/context/config/spring-context-3.1.xsd, http://www.springframework.org/schema/util/spring-util-3.0.xsd=org/springframework/beans/factory/xml/spring-util-3.0.xsd, http://www.springframework.org/schema/tool/spring-tool.xsd=org/springframework/beans/factory/xml/spring-tool-4.3.xsd, http://www.springframework.org/schema/aop/spring-aop-3.2.xsd=org/springframework/aop/config/spring-aop-3.2.xsd, http://www.springframework.org/schema/lang/spring-lang-4.1.xsd=org/springframework/scripting/config/spring-lang-4.1.xsd, http://www.springframework.org/schema/context/spring-context-4.0.xsd=org/springframework/context/config/spring-context-4.0.xsd, http://www.springframework.org/schema/beans/spring-beans-4.2.xsd=org/springframework/beans/factory/xml/spring-beans-4.2.xsd, http://www.springframework.org/schema/tool/spring-tool-4.1.xsd=org/springframework/beans/factory/xml/spring-tool-4.1.xsd, http://www.springframework.org/schema/lang/spring-lang-3.2.xsd=org/springframework/scripting/config/spring-lang-3.2.xsd, http://www.springframework.org/schema/cache/spring-cache-3.2.xsd=org/springframework/cache/config/spring-cache-3.2.xsd, http://www.springframework.org/schema/jee/spring-jee-4.1.xsd=org/springframework/ejb/config/spring-jee-4.1.xsd, http://www.springframework.org/schema/util/spring-util-2.0.xsd=org/springframework/beans/factory/xml/spring-util-2.0.xsd, http://www.springframework.org/schema/task/spring-task-4.2.xsd=org/springframework/scheduling/config/spring-task-4.2.xsd, http://www.springframework.org/schema/tool/spring-tool-3.2.xsd=org/springframework/beans/factory/xml/spring-tool-3.2.xsd, http://www.springframework.org/schema/context/spring-context.xsd=org/springframework/context/config/spring-context-4.3.xsd, http://www.springframework.org/schema/cache/spring-cache-4.1.xsd=org/springframework/cache/config/spring-cache-4.1.xsd, http://www.springframework.org/schema/aop/spring-aop-4.0.xsd=org/springframework/aop/config/spring-aop-4.0.xsd, http://www.springframework.org/schema/jee/spring-jee-3.2.xsd=org/springframework/ejb/config/spring-jee-3.2.xsd, http://www.springframework.org/schema/context/spring-context-3.0.xsd=org/springframework/context/config/spring-context-3.0.xsd, http://www.springframework.org/schema/util/spring-util-4.3.xsd=org/springframework/beans/factory/xml/spring-util-4.3.xsd, http://www.springframework.org/schema/util/spring-util-2.5.xsd=org/springframework/beans/factory/xml/spring-util-2.5.xsd, http://www.springframework.org/schema/beans/spring-beans-3.2.xsd=org/springframework/beans/factory/xml/spring-beans-3.2.xsd, http://www.springframework.org/schema/aop/spring-aop-3.1.xsd=org/springframework/aop/config/spring-aop-3.1.xsd, http://www.springframework.org/schema/lang/spring-lang-4.0.xsd=org/springframework/scripting/config/spring-lang-4.0.xsd, http://www.springframework.org/schema/beans/spring-beans-4.1.xsd=org/springframework/beans/factory/xml/spring-beans-4.1.xsd, http://www.springframework.org/schema/tool/spring-tool-4.0.xsd=org/springframework/beans/factory/xml/spring-tool-4.0.xsd, http://www.springframework.org/schema/lang/spring-lang-3.1.xsd=org/springframework/scripting/config/spring-lang-3.1.xsd, http://www.springframework.org/schema/cache/spring-cache-3.1.xsd=org/springframework/cache/config/spring-cache-3.1.xsd, http://www.springframework.org/schema/jee/spring-jee-4.0.xsd=org/springframework/ejb/config/spring-jee-4.0.xsd, http://www.springframework.org/schema/task/spring-task-4.1.xsd=org/springframework/scheduling/config/spring-task-4.1.xsd, http://www.springframework.org/schema/tool/spring-tool-3.1.xsd=org/springframework/beans/factory/xml/spring-tool-3.1.xsd, http://www.springframework.org/schema/cache/spring-cache-4.0.xsd=org/springframework/cache/config/spring-cache-4.0.xsd, http://www.springframework.org/schema/jee/spring-jee-3.1.xsd=org/springframework/ejb/config/spring-jee-3.1.xsd, http://www.springframework.org/schema/util/spring-util-4.2.xsd=org/springframework/beans/factory/xml/spring-util-4.2.xsd, http://www.springframework.org/schema/task/spring-task-3.2.xsd=org/springframework/scheduling/config/spring-task-3.2.xsd, http://www.springframework.org/schema/beans/spring-beans-3.1.xsd=org/springframework/beans/factory/xml/spring-beans-3.1.xsd, http://www.springframework.org/schema/util/spring-util.xsd=org/springframework/beans/factory/xml/spring-util-4.3.xsd, http://www.springframework.org/schema/aop/spring-aop-3.0.xsd=org/springframework/aop/config/spring-aop-3.0.xsd, http://www.springframework.org/schema/beans/spring-beans-4.0.xsd=org/springframework/beans/factory/xml/spring-beans-4.0.xsd, http://www.springframework.org/schema/beans/spring-beans.xsd=org/springframework/beans/factory/xml/spring-beans-4.3.xsd, http://www.springframework.org/schema/lang/spring-lang-3.0.xsd=org/springframework/scripting/config/spring-lang-3.0.xsd, http://www.springframework.org/schema/context/spring-context-2.5.xsd=org/springframework/context/config/spring-context-2.5.xsd, http://www.springframework.org/schema/context/spring-context-4.3.xsd=org/springframework/context/config/spring-context-4.3.xsd, http://www.springframework.org/schema/task/spring-task-4.0.xsd=org/springframework/scheduling/config/spring-task-4.0.xsd, http://www.springframework.org/schema/tool/spring-tool-3.0.xsd=org/springframework/beans/factory/xml/spring-tool-3.0.xsd, http://www.springframework.org/schema/aop/spring-aop-2.0.xsd=org/springframework/aop/config/spring-aop-2.0.xsd, http://www.springframework.org/schema/jee/spring-jee-3.0.xsd=org/springframework/ejb/config/spring-jee-3.0.xsd, http://www.springframework.org/schema/util/spring-util-4.1.xsd=org/springframework/beans/factory/xml/spring-util-4.1.xsd, http://www.springframework.org/schema/task/spring-task-3.1.xsd=org/springframework/scheduling/config/spring-task-3.1.xsd, http://www.springframework.org/schema/beans/spring-beans-3.0.xsd=org/springframework/beans/factory/xml/spring-beans-3.0.xsd, http://www.springframework.org/schema/jee/spring-jee.xsd=org/springframework/ejb/config/spring-jee-4.3.xsd, http://www.springframework.org/schema/aop/spring-aop-2.5.xsd=org/springframework/aop/config/spring-aop-2.5.xsd, http://www.springframework.org/schema/aop/spring-aop-4.3.xsd=org/springframework/aop/config/spring-aop-4.3.xsd, http://www.springframework.org/schema/lang/spring-lang-2.0.xsd=org/springframework/scripting/config/spring-lang-2.0.xsd, http://www.springframework.org/schema/util/spring-util-3.2.xsd=org/springframework/beans/factory/xml/spring-util-3.2.xsd, http://www.springframework.org/schema/task/spring-task.xsd=org/springframework/scheduling/config/spring-task-4.3.xsd, http://www.springframework.org/schema/tool/spring-tool-2.0.xsd=org/springframework/beans/factory/xml/spring-tool-2.0.xsd, http://www.springframework.org/schema/lang/spring-lang-2.5.xsd=org/springframework/scripting/config/spring-lang-2.5.xsd, http://www.springframework.org/schema/lang/spring-lang-4.3.xsd=org/springframework/scripting/config/spring-lang-4.3.xsd, http://www.springframework.org/schema/context/spring-context-4.2.xsd=org/springframework/context/config/spring-context-4.2.xsd, http://www.springframework.org/schema/jee/spring-jee-2.0.xsd=org/springframework/ejb/config/spring-jee-2.0.xsd, http://www.springframework.org/schema/tool/spring-tool-4.3.xsd=org/springframework/beans/factory/xml/spring-tool-4.3.xsd, http://www.springframework.org/schema/tool/spring-tool-2.5.xsd=org/springframework/beans/factory/xml/spring-tool-2.5.xsd, http://www.springframework.org/schema/jee/spring-jee-4.3.xsd=org/springframework/ejb/config/spring-jee-4.3.xsd, http://www.springframework.org/schema/jee/spring-jee-2.5.xsd=org/springframework/ejb/config/spring-jee-2.5.xsd, http://www.springframework.org/schema/util/spring-util-4.0.xsd=org/springframework/beans/factory/xml/spring-util-4.0.xsd, http://www.springframework.org/schema/task/spring-task-3.0.xsd=org/springframework/scheduling/config/spring-task-3.0.xsd, http://www.springframework.org/schema/cache/spring-cache-4.3.xsd=org/springframework/cache/config/spring-cache-4.3.xsd, http://www.springframework.org/schema/aop/spring-aop-4.2.xsd=org/springframework/aop/config/spring-aop-4.2.xsd, http://www.springframework.org/schema/lang/spring-lang.xsd=org/springframework/scripting/config/spring-lang-4.3.xsd, http://www.springframework.org/schema/context/spring-context-3.2.xsd=org/springframework/context/config/spring-context-3.2.xsd, http://www.springframework.org/schema/util/spring-util-3.1.xsd=org/springframework/beans/factory/xml/spring-util-3.1.xsd, http://www.springframework.org/schema/beans/spring-beans-2.0.xsd=org/springframework/beans/factory/xml/spring-beans-2.0.xsd, http://www.springframework.org/schema/cache/spring-cache.xsd=org/springframework/cache/config/spring-cache-4.3.xsd, http://www.springframework.org/schema/lang/spring-lang-4.2.xsd=org/springframework/scripting/config/spring-lang-4.2.xsd, http://www.springframework.org/schema/context/spring-context-4.1.xsd=org/springframework/context/config/spring-context-4.1.xsd, http://www.springframework.org/schema/beans/spring-beans-2.5.xsd=org/springframework/beans/factory/xml/spring-beans-2.5.xsd, http://www.springframework.org/schema/beans/spring-beans-4.3.xsd=org/springframework/beans/factory/xml/spring-beans-4.3.xsd, http://www.springframework.org/schema/tool/spring-tool-4.2.xsd=org/springframework/beans/factory/xml/spring-tool-4.2.xsd, http://www.springframework.org/schema/jee/spring-jee-4.2.xsd=org/springframework/ejb/config/spring-jee-4.2.xsd, http://www.springframework.org/schema/task/spring-task-4.3.xsd=org/springframework/scheduling/config/spring-task-4.3.xsd, http://www.springframework.org/schema/aop/spring-aop.xsd=org/springframework/aop/config/spring-aop-4.3.xsd}
2019-08-20 17:21:21,870 DEBUG [main] xml.PluggableSchemaResolver (PluggableSchemaResolver.java:119)     - Found XML schema [http://www.springframework.org/schema/beans/spring-beans.xsd] in classpath: org/springframework/beans/factory/xml/spring-beans-4.3.xsd
2019-08-20 17:21:21,896 DEBUG [main] xml.DefaultBeanDefinitionDocumentReader (DefaultBeanDefinitionDocumentReader.java:92)     - Loading bean definitions
2019-08-20 17:21:21,905 DEBUG [main] xml.XmlBeanDefinitionReader (AbstractBeanDefinitionReader.java:224)     - Loaded 2 bean definitions from location pattern [applicationContext.xml]
2019-08-20 17:21:21,907 INFO  [main] support.GenericXmlApplicationContext (AbstractApplicationContext.java:583)     - Refreshing org.springframework.context.support.GenericXmlApplicationContext@1b4fb997: startup date [Tue Aug 20 17:21:21 KST 2019]; root of context hierarchy
2019-08-20 17:21:21,907 DEBUG [main] support.GenericXmlApplicationContext (AbstractApplicationContext.java:617)     - Bean factory for org.springframework.context.support.GenericXmlApplicationContext@1b4fb997: org.springframework.beans.factory.support.DefaultListableBeanFactory@2c8d66b2: defining beans [dUserDao,userDao]; root of factory hierarchy
2019-08-20 17:21:21,926 DEBUG [main] support.GenericXmlApplicationContext (AbstractApplicationContext.java:734)     - Unable to locate MessageSource with name 'messageSource': using default [org.springframework.context.support.DelegatingMessageSource@50f8360d]
2019-08-20 17:21:21,930 DEBUG [main] support.GenericXmlApplicationContext (AbstractApplicationContext.java:758)     - Unable to locate ApplicationEventMulticaster with name 'applicationEventMulticaster': using default [org.springframework.context.event.SimpleApplicationEventMulticaster@7946e1f4]
2019-08-20 17:21:21,931 DEBUG [main] support.DefaultListableBeanFactory (DefaultListableBeanFactory.java:730)     - Pre-instantiating singletons in org.springframework.beans.factory.support.DefaultListableBeanFactory@2c8d66b2: defining beans [dUserDao,userDao]; root of factory hierarchy
2019-08-20 17:21:21,931 DEBUG [main] support.DefaultListableBeanFactory (DefaultSingletonBeanRegistry.java:221)     - Creating shared instance of singleton bean 'dUserDao'
2019-08-20 17:21:21,932 DEBUG [main] support.DefaultListableBeanFactory (AbstractAutowireCapableBeanFactory.java:449)     - Creating instance of bean 'dUserDao'
2019-08-20 17:21:21,939 DEBUG [main] support.DefaultListableBeanFactory (AbstractAutowireCapableBeanFactory.java:539)     - Eagerly caching bean 'dUserDao' to allow for resolving potential circular references
2019-08-20 17:21:21,941 DEBUG [main] support.DefaultListableBeanFactory (AbstractAutowireCapableBeanFactory.java:485)     - Finished creating instance of bean 'dUserDao'
2019-08-20 17:21:21,941 DEBUG [main] support.DefaultListableBeanFactory (DefaultSingletonBeanRegistry.java:221)     - Creating shared instance of singleton bean 'userDao'
2019-08-20 17:21:21,941 DEBUG [main] support.DefaultListableBeanFactory (AbstractAutowireCapableBeanFactory.java:449)     - Creating instance of bean 'userDao'
2019-08-20 17:21:21,941 DEBUG [main] support.DefaultListableBeanFactory (AbstractAutowireCapableBeanFactory.java:539)     - Eagerly caching bean 'userDao' to allow for resolving potential circular references
2019-08-20 17:21:21,942 DEBUG [main] support.DefaultListableBeanFactory (AbstractBeanFactory.java:251)     - Returning cached instance of singleton bean 'dUserDao'
2019-08-20 17:21:21,955 DEBUG [main] support.DefaultListableBeanFactory (AbstractAutowireCapableBeanFactory.java:485)     - Finished creating instance of bean 'userDao'
2019-08-20 17:21:21,955 DEBUG [main] support.GenericXmlApplicationContext (AbstractApplicationContext.java:785)     - Unable to locate LifecycleProcessor with name 'lifecycleProcessor': using default [org.springframework.context.support.DefaultLifecycleProcessor@3c0ecd4b]
2019-08-20 17:21:21,956 DEBUG [main] support.DefaultListableBeanFactory (AbstractBeanFactory.java:251)     - Returning cached instance of singleton bean 'lifecycleProcessor'
2019-08-20 17:21:21,957 DEBUG [main] env.PropertySourcesPropertyResolver (PropertySourcesPropertyResolver.java:91)     - Could not find key 'spring.liveBeansView.mbeanDomain' in any property source
2019-08-20 17:21:21,957 DEBUG [main] support.DefaultListableBeanFactory (AbstractBeanFactory.java:251)     - Returning cached instance of singleton bean 'userDao'
2019-08-20 17:21:21,958 DEBUG [main] ehr.UserDaoTest   (UserDaoTest.java:26)     - =============================
2019-08-20 17:21:21,958 DEBUG [main] ehr.UserDaoTest   (UserDaoTest.java:27)     - 단건 등록
2019-08-20 17:21:21,958 DEBUG [main] ehr.UserDaoTest   (UserDaoTest.java:28)     - =============================
2019-08-20 17:21:22,188 DEBUG [main] ehr.DUserDao      (DUserDao.java:21)     - ---------------------
2019-08-20 17:21:22,188 DEBUG [main] ehr.DUserDao      (DUserDao.java:22)     - 01. conn : oracle.jdbc.driver.T4CConnection@26a7b76d
2019-08-20 17:21:22,188 DEBUG [main] ehr.DUserDao      (DUserDao.java:23)     - ---------------------
2019-08-20 17:21:22,188 DEBUG [main] ehr.UserDao       ( UserDao.java:75)     - =============================
2019-08-20 17:21:22,189 DEBUG [main] ehr.UserDao       ( UserDao.java:76)     - 02. sql=
 INSERT INTO users (  
     u_id,            
     name,            
     passwd           
 ) VALUES (           
     ?,               
     ?,               
     ?                
 )                    

2019-08-20 17:21:22,189 DEBUG [main] ehr.UserDao       ( UserDao.java:77)     - =============================
2019-08-20 17:21:22,238 DEBUG [main] ehr.UserDao       ( UserDao.java:86)     - =============================
2019-08-20 17:21:22,238 DEBUG [main] ehr.UserDao       ( UserDao.java:87)     - 03. param=User [u_id=j01_125, name=노명진, passwd=1234]
2019-08-20 17:21:22,238 DEBUG [main] ehr.UserDao       ( UserDao.java:88)     - =============================
2019-08-20 17:21:22,242 DEBUG [main] ehr.UserDao       ( UserDao.java:94)     - =============================
2019-08-20 17:21:22,243 DEBUG [main] ehr.UserDao       ( UserDao.java:95)     - 03. Run flag=1
2019-08-20 17:21:22,243 DEBUG [main] ehr.UserDao       ( UserDao.java:96)     - =============================
2019-08-20 17:21:22,245 DEBUG [main] ehr.UserDaoTest   (UserDaoTest.java:31)     - =============================
2019-08-20 17:21:22,245 DEBUG [main] ehr.UserDaoTest   (UserDaoTest.java:32)     - 01. add flag=1
2019-08-20 17:21:22,245 DEBUG [main] ehr.UserDaoTest   (UserDaoTest.java:33)     - =============================
2019-08-20 17:21:22,246 DEBUG [main] ehr.UserDaoTest   (UserDaoTest.java:36)     - =============================
2019-08-20 17:21:22,252 DEBUG [main] ehr.UserDaoTest   (UserDaoTest.java:37)     - 등록 성공j01_125
2019-08-20 17:21:22,252 DEBUG [main] ehr.UserDaoTest   (UserDaoTest.java:38)     - =============================
2019-08-20 17:21:22,253 DEBUG [main] ehr.UserDaoTest   (UserDaoTest.java:40)     - =============================
2019-08-20 17:21:22,253 DEBUG [main] ehr.UserDaoTest   (UserDaoTest.java:41)     - 단건 조회
2019-08-20 17:21:22,253 DEBUG [main] ehr.UserDaoTest   (UserDaoTest.java:42)     - =============================
2019-08-20 17:21:22,283 DEBUG [main] ehr.DUserDao      (DUserDao.java:21)     - ---------------------
2019-08-20 17:21:22,284 DEBUG [main] ehr.DUserDao      (DUserDao.java:22)     - 01. conn : oracle.jdbc.driver.T4CConnection@1e730495
2019-08-20 17:21:22,284 DEBUG [main] ehr.DUserDao      (DUserDao.java:23)     - ---------------------
2019-08-20 17:21:22,284 DEBUG [main] ehr.UserDao       ( UserDao.java:136)     - =============================
2019-08-20 17:21:22,285 DEBUG [main] ehr.UserDao       ( UserDao.java:137)     - 02. sql=
 SELECT         
     u_id,      
     name,      
     passwd     
 FROM users     
 WHERE u_id = ? 

2019-08-20 17:21:22,285 DEBUG [main] ehr.UserDao       ( UserDao.java:138)     - =============================
2019-08-20 17:21:22,286 DEBUG [main] ehr.UserDao       ( UserDao.java:145)     - =============================
2019-08-20 17:21:22,286 DEBUG [main] ehr.UserDao       ( UserDao.java:146)     - 03. param=j01_125
2019-08-20 17:21:22,286 DEBUG [main] ehr.UserDao       ( UserDao.java:147)     - =============================
2019-08-20 17:21:22,296 DEBUG [main] ehr.UserDao       ( UserDao.java:159)     - =============================
2019-08-20 17:21:22,296 DEBUG [main] ehr.UserDao       ( UserDao.java:160)     - 04. output=User [u_id=j01_125, name=노명진, passwd=1234]
2019-08-20 17:21:22,296 DEBUG [main] ehr.UserDao       ( UserDao.java:161)     - =============================
2019-08-20 17:21:22,300 DEBUG [main] ehr.UserDaoTest   (UserDaoTest.java:49)     - =============================
2019-08-20 17:21:22,300 DEBUG [main] ehr.UserDaoTest   (UserDaoTest.java:50)     - 조회 성공User [u_id=j01_125, name=노명진, passwd=1234]
2019-08-20 17:21:22,301 DEBUG [main] ehr.UserDaoTest   (UserDaoTest.java:51)     - =============================
2019-08-20 17:46:29,386 DEBUG [main] env.StandardEnvironment (MutablePropertySources.java:109)     - Adding [systemProperties] PropertySource with lowest search precedence
2019-08-20 17:46:29,389 DEBUG [main] env.StandardEnvironment (MutablePropertySources.java:109)     - Adding [systemEnvironment] PropertySource with lowest search precedence
2019-08-20 17:46:29,390 DEBUG [main] env.StandardEnvironment (AbstractEnvironment.java:124)     - Initialized StandardEnvironment with PropertySources [systemProperties,systemEnvironment]
2019-08-20 17:46:29,395 INFO  [main] xml.XmlBeanDefinitionReader (XmlBeanDefinitionReader.java:317)     - Loading XML bean definitions from class path resource [applicationContext.xml]
2019-08-20 17:46:29,407 DEBUG [main] xml.DefaultDocumentLoader (DefaultDocumentLoader.java:73)     - Using JAXP provider [com.sun.org.apache.xerces.internal.jaxp.DocumentBuilderFactoryImpl]
2019-08-20 17:46:29,427 DEBUG [main] xml.PluggableSchemaResolver (PluggableSchemaResolver.java:141)     - Loading schema mappings from [META-INF/spring.schemas]
2019-08-20 17:46:29,429 DEBUG [main] xml.PluggableSchemaResolver (PluggableSchemaResolver.java:147)     - Loaded schema mappings: {http://www.springframework.org/schema/cache/spring-cache-4.2.xsd=org/springframework/cache/config/spring-cache-4.2.xsd, http://www.springframework.org/schema/aop/spring-aop-4.1.xsd=org/springframework/aop/config/spring-aop-4.1.xsd, http://www.springframework.org/schema/context/spring-context-3.1.xsd=org/springframework/context/config/spring-context-3.1.xsd, http://www.springframework.org/schema/util/spring-util-3.0.xsd=org/springframework/beans/factory/xml/spring-util-3.0.xsd, http://www.springframework.org/schema/tool/spring-tool.xsd=org/springframework/beans/factory/xml/spring-tool-4.3.xsd, http://www.springframework.org/schema/aop/spring-aop-3.2.xsd=org/springframework/aop/config/spring-aop-3.2.xsd, http://www.springframework.org/schema/lang/spring-lang-4.1.xsd=org/springframework/scripting/config/spring-lang-4.1.xsd, http://www.springframework.org/schema/context/spring-context-4.0.xsd=org/springframework/context/config/spring-context-4.0.xsd, http://www.springframework.org/schema/beans/spring-beans-4.2.xsd=org/springframework/beans/factory/xml/spring-beans-4.2.xsd, http://www.springframework.org/schema/tool/spring-tool-4.1.xsd=org/springframework/beans/factory/xml/spring-tool-4.1.xsd, http://www.springframework.org/schema/lang/spring-lang-3.2.xsd=org/springframework/scripting/config/spring-lang-3.2.xsd, http://www.springframework.org/schema/cache/spring-cache-3.2.xsd=org/springframework/cache/config/spring-cache-3.2.xsd, http://www.springframework.org/schema/jee/spring-jee-4.1.xsd=org/springframework/ejb/config/spring-jee-4.1.xsd, http://www.springframework.org/schema/util/spring-util-2.0.xsd=org/springframework/beans/factory/xml/spring-util-2.0.xsd, http://www.springframework.org/schema/task/spring-task-4.2.xsd=org/springframework/scheduling/config/spring-task-4.2.xsd, http://www.springframework.org/schema/tool/spring-tool-3.2.xsd=org/springframework/beans/factory/xml/spring-tool-3.2.xsd, http://www.springframework.org/schema/context/spring-context.xsd=org/springframework/context/config/spring-context-4.3.xsd, http://www.springframework.org/schema/cache/spring-cache-4.1.xsd=org/springframework/cache/config/spring-cache-4.1.xsd, http://www.springframework.org/schema/aop/spring-aop-4.0.xsd=org/springframework/aop/config/spring-aop-4.0.xsd, http://www.springframework.org/schema/jee/spring-jee-3.2.xsd=org/springframework/ejb/config/spring-jee-3.2.xsd, http://www.springframework.org/schema/context/spring-context-3.0.xsd=org/springframework/context/config/spring-context-3.0.xsd, http://www.springframework.org/schema/util/spring-util-4.3.xsd=org/springframework/beans/factory/xml/spring-util-4.3.xsd, http://www.springframework.org/schema/util/spring-util-2.5.xsd=org/springframework/beans/factory/xml/spring-util-2.5.xsd, http://www.springframework.org/schema/beans/spring-beans-3.2.xsd=org/springframework/beans/factory/xml/spring-beans-3.2.xsd, http://www.springframework.org/schema/aop/spring-aop-3.1.xsd=org/springframework/aop/config/spring-aop-3.1.xsd, http://www.springframework.org/schema/lang/spring-lang-4.0.xsd=org/springframework/scripting/config/spring-lang-4.0.xsd, http://www.springframework.org/schema/beans/spring-beans-4.1.xsd=org/springframework/beans/factory/xml/spring-beans-4.1.xsd, http://www.springframework.org/schema/tool/spring-tool-4.0.xsd=org/springframework/beans/factory/xml/spring-tool-4.0.xsd, http://www.springframework.org/schema/lang/spring-lang-3.1.xsd=org/springframework/scripting/config/spring-lang-3.1.xsd, http://www.springframework.org/schema/cache/spring-cache-3.1.xsd=org/springframework/cache/config/spring-cache-3.1.xsd, http://www.springframework.org/schema/jee/spring-jee-4.0.xsd=org/springframework/ejb/config/spring-jee-4.0.xsd, http://www.springframework.org/schema/task/spring-task-4.1.xsd=org/springframework/scheduling/config/spring-task-4.1.xsd, http://www.springframework.org/schema/tool/spring-tool-3.1.xsd=org/springframework/beans/factory/xml/spring-tool-3.1.xsd, http://www.springframework.org/schema/cache/spring-cache-4.0.xsd=org/springframework/cache/config/spring-cache-4.0.xsd, http://www.springframework.org/schema/jee/spring-jee-3.1.xsd=org/springframework/ejb/config/spring-jee-3.1.xsd, http://www.springframework.org/schema/util/spring-util-4.2.xsd=org/springframework/beans/factory/xml/spring-util-4.2.xsd, http://www.springframework.org/schema/task/spring-task-3.2.xsd=org/springframework/scheduling/config/spring-task-3.2.xsd, http://www.springframework.org/schema/beans/spring-beans-3.1.xsd=org/springframework/beans/factory/xml/spring-beans-3.1.xsd, http://www.springframework.org/schema/util/spring-util.xsd=org/springframework/beans/factory/xml/spring-util-4.3.xsd, http://www.springframework.org/schema/aop/spring-aop-3.0.xsd=org/springframework/aop/config/spring-aop-3.0.xsd, http://www.springframework.org/schema/beans/spring-beans-4.0.xsd=org/springframework/beans/factory/xml/spring-beans-4.0.xsd, http://www.springframework.org/schema/beans/spring-beans.xsd=org/springframework/beans/factory/xml/spring-beans-4.3.xsd, http://www.springframework.org/schema/lang/spring-lang-3.0.xsd=org/springframework/scripting/config/spring-lang-3.0.xsd, http://www.springframework.org/schema/context/spring-context-2.5.xsd=org/springframework/context/config/spring-context-2.5.xsd, http://www.springframework.org/schema/context/spring-context-4.3.xsd=org/springframework/context/config/spring-context-4.3.xsd, http://www.springframework.org/schema/task/spring-task-4.0.xsd=org/springframework/scheduling/config/spring-task-4.0.xsd, http://www.springframework.org/schema/tool/spring-tool-3.0.xsd=org/springframework/beans/factory/xml/spring-tool-3.0.xsd, http://www.springframework.org/schema/aop/spring-aop-2.0.xsd=org/springframework/aop/config/spring-aop-2.0.xsd, http://www.springframework.org/schema/jee/spring-jee-3.0.xsd=org/springframework/ejb/config/spring-jee-3.0.xsd, http://www.springframework.org/schema/util/spring-util-4.1.xsd=org/springframework/beans/factory/xml/spring-util-4.1.xsd, http://www.springframework.org/schema/task/spring-task-3.1.xsd=org/springframework/scheduling/config/spring-task-3.1.xsd, http://www.springframework.org/schema/beans/spring-beans-3.0.xsd=org/springframework/beans/factory/xml/spring-beans-3.0.xsd, http://www.springframework.org/schema/jee/spring-jee.xsd=org/springframework/ejb/config/spring-jee-4.3.xsd, http://www.springframework.org/schema/aop/spring-aop-2.5.xsd=org/springframework/aop/config/spring-aop-2.5.xsd, http://www.springframework.org/schema/aop/spring-aop-4.3.xsd=org/springframework/aop/config/spring-aop-4.3.xsd, http://www.springframework.org/schema/lang/spring-lang-2.0.xsd=org/springframework/scripting/config/spring-lang-2.0.xsd, http://www.springframework.org/schema/util/spring-util-3.2.xsd=org/springframework/beans/factory/xml/spring-util-3.2.xsd, http://www.springframework.org/schema/task/spring-task.xsd=org/springframework/scheduling/config/spring-task-4.3.xsd, http://www.springframework.org/schema/tool/spring-tool-2.0.xsd=org/springframework/beans/factory/xml/spring-tool-2.0.xsd, http://www.springframework.org/schema/lang/spring-lang-2.5.xsd=org/springframework/scripting/config/spring-lang-2.5.xsd, http://www.springframework.org/schema/lang/spring-lang-4.3.xsd=org/springframework/scripting/config/spring-lang-4.3.xsd, http://www.springframework.org/schema/context/spring-context-4.2.xsd=org/springframework/context/config/spring-context-4.2.xsd, http://www.springframework.org/schema/jee/spring-jee-2.0.xsd=org/springframework/ejb/config/spring-jee-2.0.xsd, http://www.springframework.org/schema/tool/spring-tool-4.3.xsd=org/springframework/beans/factory/xml/spring-tool-4.3.xsd, http://www.springframework.org/schema/tool/spring-tool-2.5.xsd=org/springframework/beans/factory/xml/spring-tool-2.5.xsd, http://www.springframework.org/schema/jee/spring-jee-4.3.xsd=org/springframework/ejb/config/spring-jee-4.3.xsd, http://www.springframework.org/schema/jee/spring-jee-2.5.xsd=org/springframework/ejb/config/spring-jee-2.5.xsd, http://www.springframework.org/schema/util/spring-util-4.0.xsd=org/springframework/beans/factory/xml/spring-util-4.0.xsd, http://www.springframework.org/schema/task/spring-task-3.0.xsd=org/springframework/scheduling/config/spring-task-3.0.xsd, http://www.springframework.org/schema/cache/spring-cache-4.3.xsd=org/springframework/cache/config/spring-cache-4.3.xsd, http://www.springframework.org/schema/aop/spring-aop-4.2.xsd=org/springframework/aop/config/spring-aop-4.2.xsd, http://www.springframework.org/schema/lang/spring-lang.xsd=org/springframework/scripting/config/spring-lang-4.3.xsd, http://www.springframework.org/schema/context/spring-context-3.2.xsd=org/springframework/context/config/spring-context-3.2.xsd, http://www.springframework.org/schema/util/spring-util-3.1.xsd=org/springframework/beans/factory/xml/spring-util-3.1.xsd, http://www.springframework.org/schema/beans/spring-beans-2.0.xsd=org/springframework/beans/factory/xml/spring-beans-2.0.xsd, http://www.springframework.org/schema/cache/spring-cache.xsd=org/springframework/cache/config/spring-cache-4.3.xsd, http://www.springframework.org/schema/lang/spring-lang-4.2.xsd=org/springframework/scripting/config/spring-lang-4.2.xsd, http://www.springframework.org/schema/context/spring-context-4.1.xsd=org/springframework/context/config/spring-context-4.1.xsd, http://www.springframework.org/schema/beans/spring-beans-2.5.xsd=org/springframework/beans/factory/xml/spring-beans-2.5.xsd, http://www.springframework.org/schema/beans/spring-beans-4.3.xsd=org/springframework/beans/factory/xml/spring-beans-4.3.xsd, http://www.springframework.org/schema/tool/spring-tool-4.2.xsd=org/springframework/beans/factory/xml/spring-tool-4.2.xsd, http://www.springframework.org/schema/jee/spring-jee-4.2.xsd=org/springframework/ejb/config/spring-jee-4.2.xsd, http://www.springframework.org/schema/task/spring-task-4.3.xsd=org/springframework/scheduling/config/spring-task-4.3.xsd, http://www.springframework.org/schema/aop/spring-aop.xsd=org/springframework/aop/config/spring-aop-4.3.xsd}
2019-08-20 17:46:29,430 DEBUG [main] xml.PluggableSchemaResolver (PluggableSchemaResolver.java:119)     - Found XML schema [http://www.springframework.org/schema/beans/spring-beans.xsd] in classpath: org/springframework/beans/factory/xml/spring-beans-4.3.xsd
2019-08-20 17:46:29,456 DEBUG [main] xml.DefaultBeanDefinitionDocumentReader (DefaultBeanDefinitionDocumentReader.java:92)     - Loading bean definitions
2019-08-20 17:46:29,464 DEBUG [main] xml.XmlBeanDefinitionReader (AbstractBeanDefinitionReader.java:224)     - Loaded 2 bean definitions from location pattern [applicationContext.xml]
2019-08-20 17:46:29,466 INFO  [main] support.GenericXmlApplicationContext (AbstractApplicationContext.java:583)     - Refreshing org.springframework.context.support.GenericXmlApplicationContext@78e03bb5: startup date [Tue Aug 20 17:46:29 KST 2019]; root of context hierarchy
2019-08-20 17:46:29,466 DEBUG [main] support.GenericXmlApplicationContext (AbstractApplicationContext.java:617)     - Bean factory for org.springframework.context.support.GenericXmlApplicationContext@78e03bb5: org.springframework.beans.factory.support.DefaultListableBeanFactory@2c8d66b2: defining beans [dUserDao,userDao]; root of factory hierarchy
2019-08-20 17:46:29,487 DEBUG [main] support.GenericXmlApplicationContext (AbstractApplicationContext.java:734)     - Unable to locate MessageSource with name 'messageSource': using default [org.springframework.context.support.DelegatingMessageSource@50f8360d]
2019-08-20 17:46:29,491 DEBUG [main] support.GenericXmlApplicationContext (AbstractApplicationContext.java:758)     - Unable to locate ApplicationEventMulticaster with name 'applicationEventMulticaster': using default [org.springframework.context.event.SimpleApplicationEventMulticaster@59e84876]
2019-08-20 17:46:29,491 DEBUG [main] support.DefaultListableBeanFactory (DefaultListableBeanFactory.java:730)     - Pre-instantiating singletons in org.springframework.beans.factory.support.DefaultListableBeanFactory@2c8d66b2: defining beans [dUserDao,userDao]; root of factory hierarchy
2019-08-20 17:46:29,492 DEBUG [main] support.DefaultListableBeanFactory (DefaultSingletonBeanRegistry.java:221)     - Creating shared instance of singleton bean 'dUserDao'
2019-08-20 17:46:29,492 DEBUG [main] support.DefaultListableBeanFactory (AbstractAutowireCapableBeanFactory.java:449)     - Creating instance of bean 'dUserDao'
2019-08-20 17:46:29,500 DEBUG [main] support.DefaultListableBeanFactory (AbstractAutowireCapableBeanFactory.java:539)     - Eagerly caching bean 'dUserDao' to allow for resolving potential circular references
2019-08-20 17:46:29,501 DEBUG [main] support.DefaultListableBeanFactory (AbstractAutowireCapableBeanFactory.java:485)     - Finished creating instance of bean 'dUserDao'
2019-08-20 17:46:29,501 DEBUG [main] support.DefaultListableBeanFactory (DefaultSingletonBeanRegistry.java:221)     - Creating shared instance of singleton bean 'userDao'
2019-08-20 17:46:29,501 DEBUG [main] support.DefaultListableBeanFactory (AbstractAutowireCapableBeanFactory.java:449)     - Creating instance of bean 'userDao'
2019-08-20 17:46:29,501 DEBUG [main] support.DefaultListableBeanFactory (AbstractAutowireCapableBeanFactory.java:539)     - Eagerly caching bean 'userDao' to allow for resolving potential circular references
2019-08-20 17:46:29,502 DEBUG [main] support.DefaultListableBeanFactory (AbstractBeanFactory.java:251)     - Returning cached instance of singleton bean 'dUserDao'
2019-08-20 17:46:29,514 DEBUG [main] support.DefaultListableBeanFactory (AbstractAutowireCapableBeanFactory.java:485)     - Finished creating instance of bean 'userDao'
2019-08-20 17:46:29,515 DEBUG [main] support.GenericXmlApplicationContext (AbstractApplicationContext.java:785)     - Unable to locate LifecycleProcessor with name 'lifecycleProcessor': using default [org.springframework.context.support.DefaultLifecycleProcessor@3c0ecd4b]
2019-08-20 17:46:29,515 DEBUG [main] support.DefaultListableBeanFactory (AbstractBeanFactory.java:251)     - Returning cached instance of singleton bean 'lifecycleProcessor'
2019-08-20 17:46:29,516 DEBUG [main] env.PropertySourcesPropertyResolver (PropertySourcesPropertyResolver.java:91)     - Could not find key 'spring.liveBeansView.mbeanDomain' in any property source
2019-08-20 17:46:29,517 DEBUG [main] support.DefaultListableBeanFactory (AbstractBeanFactory.java:251)     - Returning cached instance of singleton bean 'userDao'
2019-08-20 17:46:29,770 DEBUG [main] ehr.DUserDao      (DUserDao.java:21)     - ---------------------
2019-08-20 17:46:29,770 DEBUG [main] ehr.DUserDao      (DUserDao.java:22)     - 01. conn : oracle.jdbc.driver.T4CConnection@26a7b76d
2019-08-20 17:46:29,770 DEBUG [main] ehr.DUserDao      (DUserDao.java:23)     - ---------------------
2019-08-20 17:46:29,771 DEBUG [main] ehr.UserDao       ( UserDao.java:41)     - ========================================
2019-08-20 17:46:29,771 DEBUG [main] ehr.UserDao       ( UserDao.java:42)     - oracle.jdbc.driver.T4CConnection@26a7b76d 연결 완료
2019-08-20 17:46:29,771 DEBUG [main] ehr.UserDao       ( UserDao.java:43)     - ========================================
2019-08-20 17:46:29,771 DEBUG [main] ehr.UserDao       ( UserDao.java:45)     - ========================================
2019-08-20 17:46:29,772 DEBUG [main] ehr.UserDao       ( UserDao.java:46)     - User [u_id=j01_125, name=노명진, passwd=1234] 추가 완료
2019-08-20 17:46:29,772 DEBUG [main] ehr.UserDao       ( UserDao.java:47)     - ========================================
2019-08-20 17:46:29,772 DEBUG [main] ehr.UserDaoTest   (UserDaoTest.java:21)     - =============================
2019-08-20 17:46:29,772 DEBUG [main] ehr.UserDaoTest   (UserDaoTest.java:22)     - 01. add flag=0
2019-08-20 17:46:29,772 DEBUG [main] ehr.UserDaoTest   (UserDaoTest.java:23)     - =============================
