2019-08-19 15:10:09 DEBUG UserDao:181 - ---------------------
2019-08-19 15:10:09 DEBUG UserDao:182 - Main
2019-08-19 15:10:09 DEBUG UserDao:183 - ---------------------
2019-08-19 15:10:09 DEBUG UserDao:188 - =============================
2019-08-19 15:10:09 DEBUG UserDao:189 - 단건 등록
2019-08-19 15:10:09 DEBUG UserDao:190 - =============================
2019-08-19 15:10:09 DEBUG UserDao:52 - ---------------------
2019-08-19 15:10:09 DEBUG UserDao:53 - conn : oracle.jdbc.driver.T4CConnection@1f89ab83
2019-08-19 15:10:09 DEBUG UserDao:54 - ---------------------
2019-08-19 15:10:09 DEBUG UserDao:70 - =============================
2019-08-19 15:10:09 DEBUG UserDao:71 - 02. sql=
 INSERT INTO users (  
     u_id,            
     name,            
     passwd           
 ) VALUES (           
     ?,               
     ?,               
     ?                
 )                    

2019-08-19 15:10:09 DEBUG UserDao:72 - =============================
2019-08-19 15:10:09 DEBUG UserDao:81 - =============================
2019-08-19 15:10:09 DEBUG UserDao:82 - 03. param=User [u_id=j01_125, name=노명진, passwd=1234]
2019-08-19 15:10:09 DEBUG UserDao:83 - =============================
2019-08-19 15:10:09 DEBUG UserDao:89 - =============================
2019-08-19 15:10:09 DEBUG UserDao:90 - 03. Run flag=1
2019-08-19 15:10:09 DEBUG UserDao:91 - =============================
2019-08-19 15:10:09 DEBUG UserDao:193 - =============================
2019-08-19 15:10:09 DEBUG UserDao:194 - 01. add flag=1
2019-08-19 15:10:09 DEBUG UserDao:195 - =============================
2019-08-19 15:10:09 DEBUG UserDao:198 - =============================
2019-08-19 15:10:09 DEBUG UserDao:199 - 등록 성공j01_125
2019-08-19 15:10:09 DEBUG UserDao:200 - =============================
2019-08-19 15:10:09 DEBUG UserDao:202 - =============================
2019-08-19 15:10:09 DEBUG UserDao:203 - 단건 조회
2019-08-19 15:10:09 DEBUG UserDao:204 - =============================
2019-08-19 15:10:09 DEBUG UserDao:120 - ---------------------
2019-08-19 15:10:09 DEBUG UserDao:121 - conn : oracle.jdbc.driver.T4CConnection@5025a98f
2019-08-19 15:10:09 DEBUG UserDao:122 - ---------------------
2019-08-19 15:10:09 DEBUG UserDao:135 - =============================
2019-08-19 15:10:09 DEBUG UserDao:136 - 02. sql=
 SELECT         
     u_id,      
     name,      
     passwd     
 FROM users     
 WHERE u_id = ? 

2019-08-19 15:10:09 DEBUG UserDao:137 - =============================
2019-08-19 15:10:09 DEBUG UserDao:144 - =============================
2019-08-19 15:10:09 DEBUG UserDao:145 - 03. param=j01_125
2019-08-19 15:10:09 DEBUG UserDao:146 - =============================
2019-08-19 15:10:09 DEBUG UserDao:158 - =============================
2019-08-19 15:10:09 DEBUG UserDao:159 - 04. output=User [u_id=j01_125, name=노명진, passwd=1234]
2019-08-19 15:10:09 DEBUG UserDao:160 - =============================
2019-08-19 15:10:09 DEBUG UserDao:211 - =============================
2019-08-19 15:10:09 DEBUG UserDao:212 - 조회 성공User [u_id=j01_125, name=노명진, passwd=1234]
2019-08-19 15:10:09 DEBUG UserDao:213 - =============================
2019-08-19 15:17:01 DEBUG UserDao:189 - ---------------------
2019-08-19 15:17:01 DEBUG UserDao:190 - Main
2019-08-19 15:17:01 DEBUG UserDao:191 - ---------------------
2019-08-19 15:17:01 DEBUG UserDao:196 - =============================
2019-08-19 15:17:01 DEBUG UserDao:197 - 단건 등록
2019-08-19 15:17:01 DEBUG UserDao:198 - =============================
2019-08-19 15:17:02 DEBUG UserDao:45 - ---------------------
2019-08-19 15:17:02 DEBUG UserDao:46 - 01. conn : oracle.jdbc.driver.T4CConnection@1f89ab83
2019-08-19 15:17:02 DEBUG UserDao:47 - ---------------------
2019-08-19 15:17:02 DEBUG UserDao:82 - =============================
2019-08-19 15:17:02 DEBUG UserDao:83 - 02. sql=
 INSERT INTO users (  
     u_id,            
     name,            
     passwd           
 ) VALUES (           
     ?,               
     ?,               
     ?                
 )                    

2019-08-19 15:17:02 DEBUG UserDao:84 - =============================
2019-08-19 15:17:02 DEBUG UserDao:93 - =============================
2019-08-19 15:17:02 DEBUG UserDao:94 - 03. param=User [u_id=j01_125, name=노명진, passwd=1234]
2019-08-19 15:17:02 DEBUG UserDao:95 - =============================
2019-08-19 15:17:02 DEBUG UserDao:101 - =============================
2019-08-19 15:17:02 DEBUG UserDao:102 - 03. Run flag=1
2019-08-19 15:17:02 DEBUG UserDao:103 - =============================
2019-08-19 15:17:02 DEBUG UserDao:201 - =============================
2019-08-19 15:17:02 DEBUG UserDao:202 - 01. add flag=1
2019-08-19 15:17:02 DEBUG UserDao:203 - =============================
2019-08-19 15:17:02 DEBUG UserDao:206 - =============================
2019-08-19 15:17:02 DEBUG UserDao:207 - 등록 성공j01_125
2019-08-19 15:17:02 DEBUG UserDao:208 - =============================
2019-08-19 15:17:02 DEBUG UserDao:210 - =============================
2019-08-19 15:17:02 DEBUG UserDao:211 - 단건 조회
2019-08-19 15:17:02 DEBUG UserDao:212 - =============================
2019-08-19 15:17:02 DEBUG UserDao:45 - ---------------------
2019-08-19 15:17:02 DEBUG UserDao:46 - 01. conn : oracle.jdbc.driver.T4CConnection@5025a98f
2019-08-19 15:17:02 DEBUG UserDao:47 - ---------------------
2019-08-19 15:17:02 DEBUG UserDao:143 - =============================
2019-08-19 15:17:02 DEBUG UserDao:144 - 02. sql=
 SELECT         
     u_id,      
     name,      
     passwd     
 FROM users     
 WHERE u_id = ? 

2019-08-19 15:17:02 DEBUG UserDao:145 - =============================
2019-08-19 15:17:02 DEBUG UserDao:152 - =============================
2019-08-19 15:17:02 DEBUG UserDao:153 - 03. param=j01_125
2019-08-19 15:17:02 DEBUG UserDao:154 - =============================
2019-08-19 15:17:02 DEBUG UserDao:166 - =============================
2019-08-19 15:17:02 DEBUG UserDao:167 - 04. output=User [u_id=j01_125, name=노명진, passwd=1234]
2019-08-19 15:17:02 DEBUG UserDao:168 - =============================
2019-08-19 15:17:02 DEBUG UserDao:219 - =============================
2019-08-19 15:17:02 DEBUG UserDao:220 - 조회 성공User [u_id=j01_125, name=노명진, passwd=1234]
2019-08-19 15:17:02 DEBUG UserDao:221 - =============================
