2019-08-19 15:10:09,424 DEBUG [main] ehr.UserDao       ( UserDao.java:181)     - ---------------------
2019-08-19 15:10:09,425 DEBUG [main] ehr.UserDao       ( UserDao.java:182)     - Main
2019-08-19 15:10:09,426 DEBUG [main] ehr.UserDao       ( UserDao.java:183)     - ---------------------
2019-08-19 15:10:09,426 DEBUG [main] ehr.UserDao       ( UserDao.java:188)     - =============================
2019-08-19 15:10:09,426 DEBUG [main] ehr.UserDao       ( UserDao.java:189)     - 단건 등록
2019-08-19 15:10:09,426 DEBUG [main] ehr.UserDao       ( UserDao.java:190)     - =============================
2019-08-19 15:10:09,693 DEBUG [main] ehr.UserDao       ( UserDao.java:52)     - ---------------------
2019-08-19 15:10:09,693 DEBUG [main] ehr.UserDao       ( UserDao.java:53)     - conn : oracle.jdbc.driver.T4CConnection@1f89ab83
2019-08-19 15:10:09,697 DEBUG [main] ehr.UserDao       ( UserDao.java:54)     - ---------------------
2019-08-19 15:10:09,697 DEBUG [main] ehr.UserDao       ( UserDao.java:70)     - =============================
2019-08-19 15:10:09,697 DEBUG [main] ehr.UserDao       ( UserDao.java:71)     - 02. sql=
 INSERT INTO users (  
     u_id,            
     name,            
     passwd           
 ) VALUES (           
     ?,               
     ?,               
     ?                
 )                    

2019-08-19 15:10:09,698 DEBUG [main] ehr.UserDao       ( UserDao.java:72)     - =============================
2019-08-19 15:10:09,753 DEBUG [main] ehr.UserDao       ( UserDao.java:81)     - =============================
2019-08-19 15:10:09,753 DEBUG [main] ehr.UserDao       ( UserDao.java:82)     - 03. param=User [u_id=j01_125, name=노명진, passwd=1234]
2019-08-19 15:10:09,753 DEBUG [main] ehr.UserDao       ( UserDao.java:83)     - =============================
2019-08-19 15:10:09,759 DEBUG [main] ehr.UserDao       ( UserDao.java:89)     - =============================
2019-08-19 15:10:09,759 DEBUG [main] ehr.UserDao       ( UserDao.java:90)     - 03. Run flag=1
2019-08-19 15:10:09,759 DEBUG [main] ehr.UserDao       ( UserDao.java:91)     - =============================
2019-08-19 15:10:09,762 DEBUG [main] ehr.UserDao       ( UserDao.java:193)     - =============================
2019-08-19 15:10:09,762 DEBUG [main] ehr.UserDao       ( UserDao.java:194)     - 01. add flag=1
2019-08-19 15:10:09,762 DEBUG [main] ehr.UserDao       ( UserDao.java:195)     - =============================
2019-08-19 15:10:09,762 DEBUG [main] ehr.UserDao       ( UserDao.java:198)     - =============================
2019-08-19 15:10:09,762 DEBUG [main] ehr.UserDao       ( UserDao.java:199)     - 등록 성공j01_125
2019-08-19 15:10:09,762 DEBUG [main] ehr.UserDao       ( UserDao.java:200)     - =============================
2019-08-19 15:10:09,762 DEBUG [main] ehr.UserDao       ( UserDao.java:202)     - =============================
2019-08-19 15:10:09,762 DEBUG [main] ehr.UserDao       ( UserDao.java:203)     - 단건 조회
2019-08-19 15:10:09,763 DEBUG [main] ehr.UserDao       ( UserDao.java:204)     - =============================
2019-08-19 15:10:09,794 DEBUG [main] ehr.UserDao       ( UserDao.java:120)     - ---------------------
2019-08-19 15:10:09,794 DEBUG [main] ehr.UserDao       ( UserDao.java:121)     - conn : oracle.jdbc.driver.T4CConnection@5025a98f
2019-08-19 15:10:09,795 DEBUG [main] ehr.UserDao       ( UserDao.java:122)     - ---------------------
2019-08-19 15:10:09,795 DEBUG [main] ehr.UserDao       ( UserDao.java:135)     - =============================
2019-08-19 15:10:09,795 DEBUG [main] ehr.UserDao       ( UserDao.java:136)     - 02. sql=
 SELECT         
     u_id,      
     name,      
     passwd     
 FROM users     
 WHERE u_id = ? 

2019-08-19 15:10:09,795 DEBUG [main] ehr.UserDao       ( UserDao.java:137)     - =============================
2019-08-19 15:10:09,796 DEBUG [main] ehr.UserDao       ( UserDao.java:144)     - =============================
2019-08-19 15:10:09,796 DEBUG [main] ehr.UserDao       ( UserDao.java:145)     - 03. param=j01_125
2019-08-19 15:10:09,796 DEBUG [main] ehr.UserDao       ( UserDao.java:146)     - =============================
2019-08-19 15:10:09,808 DEBUG [main] ehr.UserDao       ( UserDao.java:158)     - =============================
2019-08-19 15:10:09,808 DEBUG [main] ehr.UserDao       ( UserDao.java:159)     - 04. output=User [u_id=j01_125, name=노명진, passwd=1234]
2019-08-19 15:10:09,808 DEBUG [main] ehr.UserDao       ( UserDao.java:160)     - =============================
2019-08-19 15:10:09,811 DEBUG [main] ehr.UserDao       ( UserDao.java:211)     - =============================
2019-08-19 15:10:09,812 DEBUG [main] ehr.UserDao       ( UserDao.java:212)     - 조회 성공User [u_id=j01_125, name=노명진, passwd=1234]
2019-08-19 15:10:09,812 DEBUG [main] ehr.UserDao       ( UserDao.java:213)     - =============================
2019-08-19 15:17:01,902 DEBUG [main] ehr.UserDao       ( UserDao.java:189)     - ---------------------
2019-08-19 15:17:01,903 DEBUG [main] ehr.UserDao       ( UserDao.java:190)     - Main
2019-08-19 15:17:01,903 DEBUG [main] ehr.UserDao       ( UserDao.java:191)     - ---------------------
2019-08-19 15:17:01,903 DEBUG [main] ehr.UserDao       ( UserDao.java:196)     - =============================
2019-08-19 15:17:01,904 DEBUG [main] ehr.UserDao       ( UserDao.java:197)     - 단건 등록
2019-08-19 15:17:01,904 DEBUG [main] ehr.UserDao       ( UserDao.java:198)     - =============================
2019-08-19 15:17:02,147 DEBUG [main] ehr.UserDao       ( UserDao.java:45)     - ---------------------
2019-08-19 15:17:02,150 DEBUG [main] ehr.UserDao       ( UserDao.java:46)     - 01. conn : oracle.jdbc.driver.T4CConnection@1f89ab83
2019-08-19 15:17:02,150 DEBUG [main] ehr.UserDao       ( UserDao.java:47)     - ---------------------
2019-08-19 15:17:02,151 DEBUG [main] ehr.UserDao       ( UserDao.java:82)     - =============================
2019-08-19 15:17:02,151 DEBUG [main] ehr.UserDao       ( UserDao.java:83)     - 02. sql=
 INSERT INTO users (  
     u_id,            
     name,            
     passwd           
 ) VALUES (           
     ?,               
     ?,               
     ?                
 )                    

2019-08-19 15:17:02,151 DEBUG [main] ehr.UserDao       ( UserDao.java:84)     - =============================
2019-08-19 15:17:02,209 DEBUG [main] ehr.UserDao       ( UserDao.java:93)     - =============================
2019-08-19 15:17:02,209 DEBUG [main] ehr.UserDao       ( UserDao.java:94)     - 03. param=User [u_id=j01_125, name=노명진, passwd=1234]
2019-08-19 15:17:02,210 DEBUG [main] ehr.UserDao       ( UserDao.java:95)     - =============================
2019-08-19 15:17:02,215 DEBUG [main] ehr.UserDao       ( UserDao.java:101)     - =============================
2019-08-19 15:17:02,219 DEBUG [main] ehr.UserDao       ( UserDao.java:102)     - 03. Run flag=1
2019-08-19 15:17:02,220 DEBUG [main] ehr.UserDao       ( UserDao.java:103)     - =============================
2019-08-19 15:17:02,221 DEBUG [main] ehr.UserDao       ( UserDao.java:201)     - =============================
2019-08-19 15:17:02,221 DEBUG [main] ehr.UserDao       ( UserDao.java:202)     - 01. add flag=1
2019-08-19 15:17:02,222 DEBUG [main] ehr.UserDao       ( UserDao.java:203)     - =============================
2019-08-19 15:17:02,222 DEBUG [main] ehr.UserDao       ( UserDao.java:206)     - =============================
2019-08-19 15:17:02,222 DEBUG [main] ehr.UserDao       ( UserDao.java:207)     - 등록 성공j01_125
2019-08-19 15:17:02,222 DEBUG [main] ehr.UserDao       ( UserDao.java:208)     - =============================
2019-08-19 15:17:02,223 DEBUG [main] ehr.UserDao       ( UserDao.java:210)     - =============================
2019-08-19 15:17:02,223 DEBUG [main] ehr.UserDao       ( UserDao.java:211)     - 단건 조회
2019-08-19 15:17:02,223 DEBUG [main] ehr.UserDao       ( UserDao.java:212)     - =============================
2019-08-19 15:17:02,249 DEBUG [main] ehr.UserDao       ( UserDao.java:45)     - ---------------------
2019-08-19 15:17:02,250 DEBUG [main] ehr.UserDao       ( UserDao.java:46)     - 01. conn : oracle.jdbc.driver.T4CConnection@5025a98f
2019-08-19 15:17:02,250 DEBUG [main] ehr.UserDao       ( UserDao.java:47)     - ---------------------
2019-08-19 15:17:02,251 DEBUG [main] ehr.UserDao       ( UserDao.java:143)     - =============================
2019-08-19 15:17:02,251 DEBUG [main] ehr.UserDao       ( UserDao.java:144)     - 02. sql=
 SELECT         
     u_id,      
     name,      
     passwd     
 FROM users     
 WHERE u_id = ? 

2019-08-19 15:17:02,251 DEBUG [main] ehr.UserDao       ( UserDao.java:145)     - =============================
2019-08-19 15:17:02,252 DEBUG [main] ehr.UserDao       ( UserDao.java:152)     - =============================
2019-08-19 15:17:02,252 DEBUG [main] ehr.UserDao       ( UserDao.java:153)     - 03. param=j01_125
2019-08-19 15:17:02,252 DEBUG [main] ehr.UserDao       ( UserDao.java:154)     - =============================
2019-08-19 15:17:02,268 DEBUG [main] ehr.UserDao       ( UserDao.java:166)     - =============================
2019-08-19 15:17:02,269 DEBUG [main] ehr.UserDao       ( UserDao.java:167)     - 04. output=User [u_id=j01_125, name=노명진, passwd=1234]
2019-08-19 15:17:02,269 DEBUG [main] ehr.UserDao       ( UserDao.java:168)     - =============================
2019-08-19 15:17:02,270 DEBUG [main] ehr.UserDao       ( UserDao.java:219)     - =============================
2019-08-19 15:17:02,270 DEBUG [main] ehr.UserDao       ( UserDao.java:220)     - 조회 성공User [u_id=j01_125, name=노명진, passwd=1234]
2019-08-19 15:17:02,270 DEBUG [main] ehr.UserDao       ( UserDao.java:221)     - =============================
