2019-08-21 14:14:09 INFO  XmlBeanDefinitionReader:317 - Loading XML bean definitions from class path resource [applicationContext.xml]
2019-08-21 14:14:09 INFO  GenericXmlApplicationContext:583 - Refreshing org.springframework.context.support.GenericXmlApplicationContext@270421f5: startup date [Wed Aug 21 14:14:09 KST 2019]; root of context hierarchy
2019-08-21 14:14:36 INFO  XmlBeanDefinitionReader:317 - Loading XML bean definitions from class path resource [applicationContext.xml]
2019-08-21 14:14:36 INFO  GenericXmlApplicationContext:583 - Refreshing org.springframework.context.support.GenericXmlApplicationContext@270421f5: startup date [Wed Aug 21 14:14:36 KST 2019]; root of context hierarchy
2019-08-21 14:14:36 INFO  UserDaoJunit:23 - ==============================
2019-08-21 14:14:36 INFO  UserDaoJunit:24 - =01 삭제=
2019-08-21 14:14:36 INFO  UserDaoJunit:25 - ==============================
2019-08-21 14:14:36 INFO  UserDaoJunit:31 - ==============================
2019-08-21 14:14:36 INFO  UserDaoJunit:32 - =01.01 del flag=1
2019-08-21 14:14:36 INFO  UserDaoJunit:33 - ==============================
2019-08-21 14:14:36 INFO  UserDaoJunit:35 - ==============================
2019-08-21 14:14:36 INFO  UserDaoJunit:36 - =02 단건등록=
2019-08-21 14:14:36 INFO  UserDaoJunit:37 - ==============================
2019-08-21 14:14:36 INFO  UserDaoJunit:40 - ==============================
2019-08-21 14:14:36 INFO  UserDaoJunit:41 - =02.01 add flag=1
2019-08-21 14:14:36 INFO  UserDaoJunit:42 - ==============================
2019-08-21 14:14:36 INFO  UserDaoJunit:46 - ==============================
2019-08-21 14:14:36 INFO  UserDaoJunit:47 - =03 단건조회
2019-08-21 14:14:36 INFO  UserDaoJunit:48 - ==============================
2019-08-21 14:30:03 INFO  XmlBeanDefinitionReader:317 - Loading XML bean definitions from class path resource [applicationContext.xml]
2019-08-21 14:30:03 INFO  GenericXmlApplicationContext:583 - Refreshing org.springframework.context.support.GenericXmlApplicationContext@270421f5: startup date [Wed Aug 21 14:30:03 KST 2019]; root of context hierarchy
2019-08-21 14:30:03 INFO  UserDaoJunit:23 - ==============================
2019-08-21 14:30:03 INFO  UserDaoJunit:24 - =01 삭제=
2019-08-21 14:30:03 INFO  UserDaoJunit:25 - ==============================
2019-08-21 14:30:04 INFO  UserDaoJunit:38 - ==============================
2019-08-21 14:30:04 INFO  UserDaoJunit:39 - =02 단건등록=
2019-08-21 14:30:04 INFO  UserDaoJunit:40 - ==============================
2019-08-21 14:30:04 INFO  UserDaoJunit:43 - ==============================
2019-08-21 14:30:04 INFO  UserDaoJunit:44 - =02.01 add flag=1
2019-08-21 14:30:04 INFO  UserDaoJunit:45 - ==============================
2019-08-21 14:30:04 INFO  UserDaoJunit:49 - ==============================
2019-08-21 14:30:04 INFO  UserDaoJunit:50 - =03 단건조회
2019-08-21 14:30:04 INFO  UserDaoJunit:51 - ==============================
2019-08-21 14:31:06 INFO  XmlBeanDefinitionReader:317 - Loading XML bean definitions from class path resource [applicationContext.xml]
2019-08-21 14:31:07 INFO  GenericXmlApplicationContext:583 - Refreshing org.springframework.context.support.GenericXmlApplicationContext@270421f5: startup date [Wed Aug 21 14:31:07 KST 2019]; root of context hierarchy
2019-08-21 14:31:07 INFO  UserDaoJunit:23 - ==============================
2019-08-21 14:31:07 INFO  UserDaoJunit:24 - =01 삭제=
2019-08-21 14:31:07 INFO  UserDaoJunit:25 - ==============================
2019-08-21 14:31:07 INFO  UserDaoJunit:38 - ==============================
2019-08-21 14:31:07 INFO  UserDaoJunit:39 - =02 단건등록=
2019-08-21 14:31:07 INFO  UserDaoJunit:40 - ==============================
2019-08-21 14:31:07 INFO  UserDaoJunit:46 - ==============================
2019-08-21 14:31:07 INFO  UserDaoJunit:47 - =02.01 add flag=1
2019-08-21 14:31:07 INFO  UserDaoJunit:48 - ==============================
2019-08-21 14:31:07 INFO  UserDaoJunit:52 - ==============================
2019-08-21 14:31:07 INFO  UserDaoJunit:53 - =03 단건조회
2019-08-21 14:31:07 INFO  UserDaoJunit:54 - ==============================
2019-08-21 14:33:03 INFO  XmlBeanDefinitionReader:317 - Loading XML bean definitions from class path resource [applicationContext.xml]
2019-08-21 14:36:50 INFO  XmlBeanDefinitionReader:317 - Loading XML bean definitions from class path resource [applicationContext.xml]
2019-08-21 14:36:50 INFO  GenericXmlApplicationContext:583 - Refreshing org.springframework.context.support.GenericXmlApplicationContext@20aa3c52: startup date [Wed Aug 21 14:36:50 KST 2019]; root of context hierarchy
2019-08-21 14:36:50 INFO  UserDaoJunit:23 - ==============================
2019-08-21 14:36:50 INFO  UserDaoJunit:24 - =01 삭제=
2019-08-21 14:36:50 INFO  UserDaoJunit:25 - ==============================
2019-08-21 14:44:35 INFO  XmlBeanDefinitionReader:317 - Loading XML bean definitions from class path resource [applicationContext.xml]
2019-08-21 14:44:35 INFO  GenericXmlApplicationContext:583 - Refreshing org.springframework.context.support.GenericXmlApplicationContext@20aa3c52: startup date [Wed Aug 21 14:44:35 KST 2019]; root of context hierarchy
2019-08-21 14:44:35 INFO  UserDaoJunit:67 - ==============================
2019-08-21 14:44:35 INFO  UserDaoJunit:68 - =01 삭제=
2019-08-21 14:44:35 INFO  UserDaoJunit:69 - ==============================
2019-08-21 14:44:35 INFO  UserDaoJunit:82 - ==============================
2019-08-21 14:44:35 INFO  UserDaoJunit:83 - =02 단건등록=
2019-08-21 14:44:35 INFO  UserDaoJunit:84 - ==============================
2019-08-21 14:44:35 INFO  UserDaoJunit:90 - ==============================
2019-08-21 14:44:35 INFO  UserDaoJunit:91 - =02.01 add flag=1
2019-08-21 14:44:35 INFO  UserDaoJunit:92 - ==============================
2019-08-21 14:44:35 INFO  UserDaoJunit:96 - ==============================
2019-08-21 14:44:35 INFO  UserDaoJunit:97 - =03 단건조회
2019-08-21 14:44:35 INFO  UserDaoJunit:98 - ==============================
2019-08-21 14:44:35 INFO  XmlBeanDefinitionReader:317 - Loading XML bean definitions from class path resource [applicationContext.xml]
2019-08-21 14:44:35 INFO  GenericXmlApplicationContext:583 - Refreshing org.springframework.context.support.GenericXmlApplicationContext@39a054a5: startup date [Wed Aug 21 14:44:35 KST 2019]; root of context hierarchy
2019-08-21 14:46:29 INFO  XmlBeanDefinitionReader:317 - Loading XML bean definitions from class path resource [applicationContext.xml]
2019-08-21 14:46:29 INFO  GenericXmlApplicationContext:583 - Refreshing org.springframework.context.support.GenericXmlApplicationContext@18ef96: startup date [Wed Aug 21 14:46:29 KST 2019]; root of context hierarchy
2019-08-21 15:05:04 INFO  XmlBeanDefinitionReader:317 - Loading XML bean definitions from class path resource [applicationContext.xml]
2019-08-21 15:05:04 INFO  GenericXmlApplicationContext:583 - Refreshing org.springframework.context.support.GenericXmlApplicationContext@2471cca7: startup date [Wed Aug 21 15:05:04 KST 2019]; root of context hierarchy
2019-08-21 15:05:04 INFO  XmlBeanDefinitionReader:317 - Loading XML bean definitions from class path resource [applicationContext.xml]
2019-08-21 15:05:04 INFO  GenericXmlApplicationContext:583 - Refreshing org.springframework.context.support.GenericXmlApplicationContext@6aba2b86: startup date [Wed Aug 21 15:05:04 KST 2019]; root of context hierarchy
2019-08-21 15:05:25 INFO  XmlBeanDefinitionReader:317 - Loading XML bean definitions from class path resource [applicationContext.xml]
2019-08-21 15:05:25 INFO  GenericXmlApplicationContext:583 - Refreshing org.springframework.context.support.GenericXmlApplicationContext@18ef96: startup date [Wed Aug 21 15:05:25 KST 2019]; root of context hierarchy
2019-08-21 15:05:25 INFO  XmlBeanDefinitionReader:317 - Loading XML bean definitions from class path resource [applicationContext.xml]
2019-08-21 15:05:25 INFO  GenericXmlApplicationContext:583 - Refreshing org.springframework.context.support.GenericXmlApplicationContext@2e005c4b: startup date [Wed Aug 21 15:05:25 KST 2019]; root of context hierarchy
2019-08-21 15:19:06 INFO  UserDaoJunit02:27 - ^^^^^^^^^^^^^^^^^^^^^^^^^^^^^^
2019-08-21 15:19:06 INFO  UserDaoJunit02:28 - 0 setUp()=
2019-08-21 15:19:06 INFO  UserDaoJunit02:29 - ^^^^^^^^^^^^^^^^^^^^^^^^^^^^^^
2019-08-21 15:19:06 INFO  XmlBeanDefinitionReader:317 - Loading XML bean definitions from class path resource [applicationContext.xml]
2019-08-21 15:19:06 INFO  GenericXmlApplicationContext:583 - Refreshing org.springframework.context.support.GenericXmlApplicationContext@67117f44: startup date [Wed Aug 21 15:19:06 KST 2019]; root of context hierarchy
2019-08-21 15:19:07 INFO  UserDaoJunit02:37 - ==============================
2019-08-21 15:19:07 INFO  UserDaoJunit02:38 - =context=org.springframework.context.support.GenericXmlApplicationContext@67117f44: startup date [Wed Aug 21 15:19:06 KST 2019]; root of context hierarchy
2019-08-21 15:19:07 INFO  UserDaoJunit02:39 - =dao=com.ehr.UserDao@10d59286
2019-08-21 15:19:07 INFO  UserDaoJunit02:40 - ==============================
2019-08-21 15:19:07 INFO  UserDaoJunit02:45 - ^^^^^^^^^^^^^^^^^^^^^^^^^^^^^^
2019-08-21 15:19:07 INFO  UserDaoJunit02:46 - 99 tearDown()=
2019-08-21 15:19:07 INFO  UserDaoJunit02:47 - ^^^^^^^^^^^^^^^^^^^^^^^^^^^^^^
2019-08-21 15:19:07 INFO  UserDaoJunit02:27 - ^^^^^^^^^^^^^^^^^^^^^^^^^^^^^^
2019-08-21 15:19:07 INFO  UserDaoJunit02:28 - 0 setUp()=
2019-08-21 15:19:07 INFO  UserDaoJunit02:29 - ^^^^^^^^^^^^^^^^^^^^^^^^^^^^^^
2019-08-21 15:19:07 INFO  XmlBeanDefinitionReader:317 - Loading XML bean definitions from class path resource [applicationContext.xml]
2019-08-21 15:19:07 INFO  GenericXmlApplicationContext:583 - Refreshing org.springframework.context.support.GenericXmlApplicationContext@4f6ee6e4: startup date [Wed Aug 21 15:19:07 KST 2019]; root of context hierarchy
2019-08-21 15:19:07 INFO  UserDaoJunit02:37 - ==============================
2019-08-21 15:19:07 INFO  UserDaoJunit02:38 - =context=org.springframework.context.support.GenericXmlApplicationContext@4f6ee6e4: startup date [Wed Aug 21 15:19:07 KST 2019]; root of context hierarchy
2019-08-21 15:19:07 INFO  UserDaoJunit02:39 - =dao=com.ehr.UserDao@dd8ba08
2019-08-21 15:19:07 INFO  UserDaoJunit02:40 - ==============================
2019-08-21 15:19:07 INFO  UserDaoJunit02:45 - ^^^^^^^^^^^^^^^^^^^^^^^^^^^^^^
2019-08-21 15:19:07 INFO  UserDaoJunit02:46 - 99 tearDown()=
2019-08-21 15:19:07 INFO  UserDaoJunit02:47 - ^^^^^^^^^^^^^^^^^^^^^^^^^^^^^^
2019-08-21 15:19:35 INFO  UserDaoJunit02:27 - ^^^^^^^^^^^^^^^^^^^^^^^^^^^^^^
2019-08-21 15:19:35 INFO  UserDaoJunit02:28 - 0 setUp()=
2019-08-21 15:19:35 INFO  UserDaoJunit02:29 - ^^^^^^^^^^^^^^^^^^^^^^^^^^^^^^
2019-08-21 15:19:35 INFO  XmlBeanDefinitionReader:317 - Loading XML bean definitions from class path resource [applicationContext.xml]
2019-08-21 15:19:35 INFO  GenericXmlApplicationContext:583 - Refreshing org.springframework.context.support.GenericXmlApplicationContext@67117f44: startup date [Wed Aug 21 15:19:35 KST 2019]; root of context hierarchy
2019-08-21 15:19:35 INFO  UserDaoJunit02:37 - ==============================
2019-08-21 15:19:35 INFO  UserDaoJunit02:38 - =context=org.springframework.context.support.GenericXmlApplicationContext@67117f44: startup date [Wed Aug 21 15:19:35 KST 2019]; root of context hierarchy
2019-08-21 15:19:35 INFO  UserDaoJunit02:39 - =dao=com.ehr.UserDao@10d59286
2019-08-21 15:19:35 INFO  UserDaoJunit02:40 - ==============================
2019-08-21 15:19:35 INFO  UserDaoJunit02:45 - ^^^^^^^^^^^^^^^^^^^^^^^^^^^^^^
2019-08-21 15:19:35 INFO  UserDaoJunit02:46 - 99 tearDown()=
2019-08-21 15:19:35 INFO  UserDaoJunit02:47 - ^^^^^^^^^^^^^^^^^^^^^^^^^^^^^^
2019-08-21 15:20:19 INFO  UserDaoJunit02:27 - ^^^^^^^^^^^^^^^^^^^^^^^^^^^^^^
2019-08-21 15:20:19 INFO  UserDaoJunit02:28 - 0 setUp()=
2019-08-21 15:20:19 INFO  UserDaoJunit02:29 - ^^^^^^^^^^^^^^^^^^^^^^^^^^^^^^
2019-08-21 15:20:19 INFO  XmlBeanDefinitionReader:317 - Loading XML bean definitions from class path resource [applicationContext.xml]
2019-08-21 15:20:19 INFO  GenericXmlApplicationContext:583 - Refreshing org.springframework.context.support.GenericXmlApplicationContext@6979e8cb: startup date [Wed Aug 21 15:20:19 KST 2019]; root of context hierarchy
2019-08-21 15:20:19 INFO  UserDaoJunit02:37 - ==============================
2019-08-21 15:20:19 INFO  UserDaoJunit02:38 - =context=org.springframework.context.support.GenericXmlApplicationContext@6979e8cb: startup date [Wed Aug 21 15:20:19 KST 2019]; root of context hierarchy
2019-08-21 15:20:19 INFO  UserDaoJunit02:39 - =dao=com.ehr.UserDao@5123a213
2019-08-21 15:20:19 INFO  UserDaoJunit02:40 - ==============================
2019-08-21 15:20:19 INFO  UserDaoJunit02:104 - ==============================
2019-08-21 15:20:19 INFO  UserDaoJunit02:105 - =01 삭제=
2019-08-21 15:20:19 INFO  UserDaoJunit02:106 - ==============================
2019-08-21 15:20:19 INFO  UserDaoJunit02:114 - ==============================
2019-08-21 15:20:19 INFO  UserDaoJunit02:115 - =02 단건등록=
2019-08-21 15:20:19 INFO  UserDaoJunit02:116 - ==============================
2019-08-21 15:20:19 INFO  UserDaoJunit02:122 - ==============================
2019-08-21 15:20:19 INFO  UserDaoJunit02:123 - =02.01 add flag=1
2019-08-21 15:20:19 INFO  UserDaoJunit02:124 - ==============================
2019-08-21 15:20:19 INFO  UserDaoJunit02:128 - ==============================
2019-08-21 15:20:19 INFO  UserDaoJunit02:129 - =03 단건조회
2019-08-21 15:20:19 INFO  UserDaoJunit02:130 - ==============================
2019-08-21 15:20:19 INFO  UserDaoJunit02:45 - ^^^^^^^^^^^^^^^^^^^^^^^^^^^^^^
2019-08-21 15:20:19 INFO  UserDaoJunit02:46 - 99 tearDown()=
2019-08-21 15:20:19 INFO  UserDaoJunit02:47 - ^^^^^^^^^^^^^^^^^^^^^^^^^^^^^^
2019-08-21 15:20:19 INFO  UserDaoJunit02:27 - ^^^^^^^^^^^^^^^^^^^^^^^^^^^^^^
2019-08-21 15:20:19 INFO  UserDaoJunit02:28 - 0 setUp()=
2019-08-21 15:20:19 INFO  UserDaoJunit02:29 - ^^^^^^^^^^^^^^^^^^^^^^^^^^^^^^
2019-08-21 15:20:19 INFO  XmlBeanDefinitionReader:317 - Loading XML bean definitions from class path resource [applicationContext.xml]
2019-08-21 15:20:19 INFO  GenericXmlApplicationContext:583 - Refreshing org.springframework.context.support.GenericXmlApplicationContext@4516af24: startup date [Wed Aug 21 15:20:19 KST 2019]; root of context hierarchy
2019-08-21 15:20:19 INFO  UserDaoJunit02:37 - ==============================
2019-08-21 15:20:19 INFO  UserDaoJunit02:38 - =context=org.springframework.context.support.GenericXmlApplicationContext@4516af24: startup date [Wed Aug 21 15:20:19 KST 2019]; root of context hierarchy
2019-08-21 15:20:19 INFO  UserDaoJunit02:39 - =dao=com.ehr.UserDao@b9afc07
2019-08-21 15:20:19 INFO  UserDaoJunit02:40 - ==============================
2019-08-21 15:20:20 INFO  UserDaoJunit02:45 - ^^^^^^^^^^^^^^^^^^^^^^^^^^^^^^
2019-08-21 15:20:20 INFO  UserDaoJunit02:46 - 99 tearDown()=
2019-08-21 15:20:20 INFO  UserDaoJunit02:47 - ^^^^^^^^^^^^^^^^^^^^^^^^^^^^^^
2019-08-21 15:31:20 INFO  DefaultTestContextBootstrapper:260 - Loaded default TestExecutionListener class names from location [META-INF/spring.factories]: [org.springframework.test.context.web.ServletTestExecutionListener, org.springframework.test.context.support.DirtiesContextBeforeModesTestExecutionListener, org.springframework.test.context.support.DependencyInjectionTestExecutionListener, org.springframework.test.context.support.DirtiesContextTestExecutionListener, org.springframework.test.context.transaction.TransactionalTestExecutionListener, org.springframework.test.context.jdbc.SqlScriptsTestExecutionListener]
2019-08-21 15:31:20 INFO  DefaultTestContextBootstrapper:209 - Could not instantiate TestExecutionListener [org.springframework.test.context.web.ServletTestExecutionListener]. Specify custom listener classes or make the default listener classes (and their required dependencies) available. Offending class: [javax/servlet/ServletContext]
2019-08-21 15:31:20 INFO  DefaultTestContextBootstrapper:187 - Using TestExecutionListeners: [org.springframework.test.context.support.DirtiesContextBeforeModesTestExecutionListener@6b143ee9, org.springframework.test.context.support.DependencyInjectionTestExecutionListener@1936f0f5, org.springframework.test.context.support.DirtiesContextTestExecutionListener@6615435c, org.springframework.test.context.transaction.TransactionalTestExecutionListener@4909b8da, org.springframework.test.context.jdbc.SqlScriptsTestExecutionListener@3a03464]
2019-08-21 15:31:20 INFO  XmlBeanDefinitionReader:317 - Loading XML bean definitions from class path resource [applicationContext.xml]
2019-08-21 15:31:20 INFO  GenericApplicationContext:583 - Refreshing org.springframework.context.support.GenericApplicationContext@1593948d: startup date [Wed Aug 21 15:31:20 KST 2019]; root of context hierarchy
2019-08-21 15:31:20 INFO  UserDaoJunitContext:24 - 01 setUp()
2019-08-21 15:31:20 INFO  UserDaoJunitContext:39 - 02 addAndGet()
2019-08-21 15:31:20 INFO  UserDaoJunitContext:46 - 03 tearDown()
2019-08-21 15:31:20 INFO  UserDaoJunitContext:24 - 01 setUp()
2019-08-21 15:31:20 INFO  UserDaoJunitContext:31 - 02 count()
2019-08-21 15:31:20 INFO  UserDaoJunitContext:46 - 03 tearDown()
2019-08-21 15:31:20 INFO  GenericApplicationContext:984 - Closing org.springframework.context.support.GenericApplicationContext@1593948d: startup date [Wed Aug 21 15:31:20 KST 2019]; root of context hierarchy
2019-08-21 15:32:13 INFO  DefaultTestContextBootstrapper:260 - Loaded default TestExecutionListener class names from location [META-INF/spring.factories]: [org.springframework.test.context.web.ServletTestExecutionListener, org.springframework.test.context.support.DirtiesContextBeforeModesTestExecutionListener, org.springframework.test.context.support.DependencyInjectionTestExecutionListener, org.springframework.test.context.support.DirtiesContextTestExecutionListener, org.springframework.test.context.transaction.TransactionalTestExecutionListener, org.springframework.test.context.jdbc.SqlScriptsTestExecutionListener]
2019-08-21 15:32:13 INFO  DefaultTestContextBootstrapper:209 - Could not instantiate TestExecutionListener [org.springframework.test.context.web.ServletTestExecutionListener]. Specify custom listener classes or make the default listener classes (and their required dependencies) available. Offending class: [javax/servlet/ServletContext]
2019-08-21 15:32:13 INFO  DefaultTestContextBootstrapper:187 - Using TestExecutionListeners: [org.springframework.test.context.support.DirtiesContextBeforeModesTestExecutionListener@6b143ee9, org.springframework.test.context.support.DependencyInjectionTestExecutionListener@1936f0f5, org.springframework.test.context.support.DirtiesContextTestExecutionListener@6615435c, org.springframework.test.context.transaction.TransactionalTestExecutionListener@4909b8da, org.springframework.test.context.jdbc.SqlScriptsTestExecutionListener@3a03464]
2019-08-21 15:32:13 INFO  XmlBeanDefinitionReader:317 - Loading XML bean definitions from class path resource [applicationContext.xml]
2019-08-21 15:32:13 INFO  GenericApplicationContext:583 - Refreshing org.springframework.context.support.GenericApplicationContext@1593948d: startup date [Wed Aug 21 15:32:13 KST 2019]; root of context hierarchy
2019-08-21 15:32:13 INFO  UserDaoJunitContext:24 - context : org.springframework.context.support.GenericApplicationContext@1593948d: startup date [Wed Aug 21 15:32:13 KST 2019]; root of context hierarchy
2019-08-21 15:32:13 INFO  UserDaoJunitContext:25 - 01 setUp()
2019-08-21 15:32:13 INFO  UserDaoJunitContext:41 - context : org.springframework.context.support.GenericApplicationContext@1593948d: startup date [Wed Aug 21 15:32:13 KST 2019]; root of context hierarchy
2019-08-21 15:32:13 INFO  UserDaoJunitContext:42 - 02 addAndGet()
2019-08-21 15:32:13 INFO  UserDaoJunitContext:49 - context : org.springframework.context.support.GenericApplicationContext@1593948d: startup date [Wed Aug 21 15:32:13 KST 2019]; root of context hierarchy
2019-08-21 15:32:13 INFO  UserDaoJunitContext:50 - 03 tearDown()
2019-08-21 15:32:13 INFO  UserDaoJunitContext:24 - context : org.springframework.context.support.GenericApplicationContext@1593948d: startup date [Wed Aug 21 15:32:13 KST 2019]; root of context hierarchy
2019-08-21 15:32:13 INFO  UserDaoJunitContext:25 - 01 setUp()
2019-08-21 15:32:13 INFO  UserDaoJunitContext:32 - context : org.springframework.context.support.GenericApplicationContext@1593948d: startup date [Wed Aug 21 15:32:13 KST 2019]; root of context hierarchy
2019-08-21 15:32:13 INFO  UserDaoJunitContext:33 - 02 count()
2019-08-21 15:32:13 INFO  UserDaoJunitContext:49 - context : org.springframework.context.support.GenericApplicationContext@1593948d: startup date [Wed Aug 21 15:32:13 KST 2019]; root of context hierarchy
2019-08-21 15:32:13 INFO  UserDaoJunitContext:50 - 03 tearDown()
2019-08-21 15:32:13 INFO  GenericApplicationContext:984 - Closing org.springframework.context.support.GenericApplicationContext@1593948d: startup date [Wed Aug 21 15:32:13 KST 2019]; root of context hierarchy
2019-08-21 15:33:57 INFO  DefaultTestContextBootstrapper:260 - Loaded default TestExecutionListener class names from location [META-INF/spring.factories]: [org.springframework.test.context.web.ServletTestExecutionListener, org.springframework.test.context.support.DirtiesContextBeforeModesTestExecutionListener, org.springframework.test.context.support.DependencyInjectionTestExecutionListener, org.springframework.test.context.support.DirtiesContextTestExecutionListener, org.springframework.test.context.transaction.TransactionalTestExecutionListener, org.springframework.test.context.jdbc.SqlScriptsTestExecutionListener]
2019-08-21 15:33:57 INFO  DefaultTestContextBootstrapper:209 - Could not instantiate TestExecutionListener [org.springframework.test.context.web.ServletTestExecutionListener]. Specify custom listener classes or make the default listener classes (and their required dependencies) available. Offending class: [javax/servlet/ServletContext]
2019-08-21 15:33:57 INFO  DefaultTestContextBootstrapper:187 - Using TestExecutionListeners: [org.springframework.test.context.support.DirtiesContextBeforeModesTestExecutionListener@6b143ee9, org.springframework.test.context.support.DependencyInjectionTestExecutionListener@1936f0f5, org.springframework.test.context.support.DirtiesContextTestExecutionListener@6615435c, org.springframework.test.context.transaction.TransactionalTestExecutionListener@4909b8da, org.springframework.test.context.jdbc.SqlScriptsTestExecutionListener@3a03464]
2019-08-21 15:33:57 INFO  XmlBeanDefinitionReader:317 - Loading XML bean definitions from class path resource [applicationContext.xml]
2019-08-21 15:33:58 INFO  GenericApplicationContext:583 - Refreshing org.springframework.context.support.GenericApplicationContext@1593948d: startup date [Wed Aug 21 15:33:58 KST 2019]; root of context hierarchy
2019-08-21 15:33:58 INFO  UserDaoJunitContext:24 - context : org.springframework.context.support.GenericApplicationContext@1593948d: startup date [Wed Aug 21 15:33:58 KST 2019]; root of context hierarchy
2019-08-21 15:33:58 INFO  UserDaoJunitContext:25 - UserDaoJunitContext : com.ehr.UserDaoJunitContext@5e316c74
2019-08-21 15:33:58 INFO  UserDaoJunitContext:26 - 01 setUp()
2019-08-21 15:33:58 INFO  UserDaoJunitContext:41 - 02 addAndGet()
2019-08-21 15:33:58 INFO  UserDaoJunitContext:48 - 03 tearDown()
2019-08-21 15:33:58 INFO  UserDaoJunitContext:24 - context : org.springframework.context.support.GenericApplicationContext@1593948d: startup date [Wed Aug 21 15:33:58 KST 2019]; root of context hierarchy
2019-08-21 15:33:58 INFO  UserDaoJunitContext:25 - UserDaoJunitContext : com.ehr.UserDaoJunitContext@778d1062
2019-08-21 15:33:58 INFO  UserDaoJunitContext:26 - 01 setUp()
2019-08-21 15:33:58 INFO  UserDaoJunitContext:33 - 02 count()
2019-08-21 15:33:58 INFO  UserDaoJunitContext:48 - 03 tearDown()
2019-08-21 15:33:58 INFO  GenericApplicationContext:984 - Closing org.springframework.context.support.GenericApplicationContext@1593948d: startup date [Wed Aug 21 15:33:58 KST 2019]; root of context hierarchy
2019-08-21 15:35:17 INFO  DefaultTestContextBootstrapper:260 - Loaded default TestExecutionListener class names from location [META-INF/spring.factories]: [org.springframework.test.context.web.ServletTestExecutionListener, org.springframework.test.context.support.DirtiesContextBeforeModesTestExecutionListener, org.springframework.test.context.support.DependencyInjectionTestExecutionListener, org.springframework.test.context.support.DirtiesContextTestExecutionListener, org.springframework.test.context.transaction.TransactionalTestExecutionListener, org.springframework.test.context.jdbc.SqlScriptsTestExecutionListener]
2019-08-21 15:35:17 INFO  DefaultTestContextBootstrapper:209 - Could not instantiate TestExecutionListener [org.springframework.test.context.web.ServletTestExecutionListener]. Specify custom listener classes or make the default listener classes (and their required dependencies) available. Offending class: [javax/servlet/ServletContext]
2019-08-21 15:35:17 INFO  DefaultTestContextBootstrapper:187 - Using TestExecutionListeners: [org.springframework.test.context.support.DirtiesContextBeforeModesTestExecutionListener@234bef66, org.springframework.test.context.support.DependencyInjectionTestExecutionListener@737996a0, org.springframework.test.context.support.DirtiesContextTestExecutionListener@61dc03ce, org.springframework.test.context.transaction.TransactionalTestExecutionListener@50f8360d, org.springframework.test.context.jdbc.SqlScriptsTestExecutionListener@2cb4c3ab]
2019-08-21 15:35:17 INFO  XmlBeanDefinitionReader:317 - Loading XML bean definitions from class path resource [applicationContext.xml]
2019-08-21 15:35:17 INFO  GenericXmlApplicationContext:583 - Refreshing org.springframework.context.support.GenericXmlApplicationContext@55f3ddb1: startup date [Wed Aug 21 15:35:17 KST 2019]; root of context hierarchy
2019-08-21 15:35:17 INFO  XmlBeanDefinitionReader:317 - Loading XML bean definitions from class path resource [applicationContext.xml]
2019-08-21 15:35:17 INFO  GenericXmlApplicationContext:583 - Refreshing org.springframework.context.support.GenericXmlApplicationContext@7eac9008: startup date [Wed Aug 21 15:35:17 KST 2019]; root of context hierarchy
2019-08-21 15:35:18 INFO  UserDaoJunit02:27 - ^^^^^^^^^^^^^^^^^^^^^^^^^^^^^^
2019-08-21 15:35:18 INFO  UserDaoJunit02:28 - 0 setUp()=
2019-08-21 15:35:18 INFO  UserDaoJunit02:29 - ^^^^^^^^^^^^^^^^^^^^^^^^^^^^^^
2019-08-21 15:35:18 INFO  XmlBeanDefinitionReader:317 - Loading XML bean definitions from class path resource [applicationContext.xml]
2019-08-21 15:35:18 INFO  GenericXmlApplicationContext:583 - Refreshing org.springframework.context.support.GenericXmlApplicationContext@2925bf5b: startup date [Wed Aug 21 15:35:18 KST 2019]; root of context hierarchy
2019-08-21 15:35:18 INFO  UserDaoJunit02:37 - ==============================
2019-08-21 15:35:18 INFO  UserDaoJunit02:38 - =context=org.springframework.context.support.GenericXmlApplicationContext@2925bf5b: startup date [Wed Aug 21 15:35:18 KST 2019]; root of context hierarchy
2019-08-21 15:35:18 INFO  UserDaoJunit02:39 - =dao=com.ehr.UserDao@7bedc48a
2019-08-21 15:35:18 INFO  UserDaoJunit02:40 - ==============================
2019-08-21 15:35:18 INFO  UserDaoJunit02:104 - ==============================
2019-08-21 15:35:18 INFO  UserDaoJunit02:105 - =01 삭제=
2019-08-21 15:35:18 INFO  UserDaoJunit02:106 - ==============================
2019-08-21 15:35:18 INFO  UserDaoJunit02:114 - ==============================
2019-08-21 15:35:18 INFO  UserDaoJunit02:115 - =02 단건등록=
2019-08-21 15:35:18 INFO  UserDaoJunit02:116 - ==============================
2019-08-21 15:35:18 INFO  UserDaoJunit02:122 - ==============================
2019-08-21 15:35:18 INFO  UserDaoJunit02:123 - =02.01 add flag=1
2019-08-21 15:35:18 INFO  UserDaoJunit02:124 - ==============================
2019-08-21 15:35:18 INFO  UserDaoJunit02:128 - ==============================
2019-08-21 15:35:18 INFO  UserDaoJunit02:129 - =03 단건조회
2019-08-21 15:35:18 INFO  UserDaoJunit02:130 - ==============================
2019-08-21 15:35:18 INFO  UserDaoJunit02:45 - ^^^^^^^^^^^^^^^^^^^^^^^^^^^^^^
2019-08-21 15:35:18 INFO  UserDaoJunit02:46 - 99 tearDown()=
2019-08-21 15:35:18 INFO  UserDaoJunit02:47 - ^^^^^^^^^^^^^^^^^^^^^^^^^^^^^^
2019-08-21 15:35:18 INFO  UserDaoJunit02:27 - ^^^^^^^^^^^^^^^^^^^^^^^^^^^^^^
2019-08-21 15:35:18 INFO  UserDaoJunit02:28 - 0 setUp()=
2019-08-21 15:35:18 INFO  UserDaoJunit02:29 - ^^^^^^^^^^^^^^^^^^^^^^^^^^^^^^
2019-08-21 15:35:18 INFO  XmlBeanDefinitionReader:317 - Loading XML bean definitions from class path resource [applicationContext.xml]
2019-08-21 15:35:18 INFO  GenericXmlApplicationContext:583 - Refreshing org.springframework.context.support.GenericXmlApplicationContext@6200f9cb: startup date [Wed Aug 21 15:35:18 KST 2019]; root of context hierarchy
2019-08-21 15:35:18 INFO  UserDaoJunit02:37 - ==============================
2019-08-21 15:35:18 INFO  UserDaoJunit02:38 - =context=org.springframework.context.support.GenericXmlApplicationContext@6200f9cb: startup date [Wed Aug 21 15:35:18 KST 2019]; root of context hierarchy
2019-08-21 15:35:18 INFO  UserDaoJunit02:39 - =dao=com.ehr.UserDao@3c3d9b6b
2019-08-21 15:35:18 INFO  UserDaoJunit02:40 - ==============================
2019-08-21 15:35:18 INFO  UserDaoJunit02:45 - ^^^^^^^^^^^^^^^^^^^^^^^^^^^^^^
2019-08-21 15:35:18 INFO  UserDaoJunit02:46 - 99 tearDown()=
2019-08-21 15:35:18 INFO  UserDaoJunit02:47 - ^^^^^^^^^^^^^^^^^^^^^^^^^^^^^^
2019-08-21 15:35:18 INFO  XmlBeanDefinitionReader:317 - Loading XML bean definitions from class path resource [applicationContext.xml]
2019-08-21 15:35:18 INFO  GenericApplicationContext:583 - Refreshing org.springframework.context.support.GenericApplicationContext@399c4be1: startup date [Wed Aug 21 15:35:18 KST 2019]; root of context hierarchy
2019-08-21 15:35:18 INFO  UserDaoJunitContext:24 - context : org.springframework.context.support.GenericApplicationContext@399c4be1: startup date [Wed Aug 21 15:35:18 KST 2019]; root of context hierarchy
2019-08-21 15:35:18 INFO  UserDaoJunitContext:25 - UserDaoJunitContext : com.ehr.UserDaoJunitContext@759d26fb
2019-08-21 15:35:18 INFO  UserDaoJunitContext:26 - 01 setUp()
2019-08-21 15:35:18 INFO  UserDaoJunitContext:41 - 02 addAndGet()
2019-08-21 15:35:18 INFO  UserDaoJunitContext:48 - 03 tearDown()
2019-08-21 15:35:18 INFO  UserDaoJunitContext:24 - context : org.springframework.context.support.GenericApplicationContext@399c4be1: startup date [Wed Aug 21 15:35:18 KST 2019]; root of context hierarchy
2019-08-21 15:35:18 INFO  UserDaoJunitContext:25 - UserDaoJunitContext : com.ehr.UserDaoJunitContext@3d5c822d
2019-08-21 15:35:18 INFO  UserDaoJunitContext:26 - 01 setUp()
2019-08-21 15:35:18 INFO  UserDaoJunitContext:33 - 02 count()
2019-08-21 15:35:18 INFO  UserDaoJunitContext:48 - 03 tearDown()
2019-08-21 15:35:18 INFO  GenericApplicationContext:984 - Closing org.springframework.context.support.GenericApplicationContext@399c4be1: startup date [Wed Aug 21 15:35:18 KST 2019]; root of context hierarchy
2019-08-21 15:36:11 INFO  DefaultTestContextBootstrapper:260 - Loaded default TestExecutionListener class names from location [META-INF/spring.factories]: [org.springframework.test.context.web.ServletTestExecutionListener, org.springframework.test.context.support.DirtiesContextBeforeModesTestExecutionListener, org.springframework.test.context.support.DependencyInjectionTestExecutionListener, org.springframework.test.context.support.DirtiesContextTestExecutionListener, org.springframework.test.context.transaction.TransactionalTestExecutionListener, org.springframework.test.context.jdbc.SqlScriptsTestExecutionListener]
2019-08-21 15:36:11 INFO  DefaultTestContextBootstrapper:209 - Could not instantiate TestExecutionListener [org.springframework.test.context.web.ServletTestExecutionListener]. Specify custom listener classes or make the default listener classes (and their required dependencies) available. Offending class: [javax/servlet/ServletContext]
2019-08-21 15:36:11 INFO  DefaultTestContextBootstrapper:187 - Using TestExecutionListeners: [org.springframework.test.context.support.DirtiesContextBeforeModesTestExecutionListener@153f5a29, org.springframework.test.context.support.DependencyInjectionTestExecutionListener@7f560810, org.springframework.test.context.support.DirtiesContextTestExecutionListener@69d9c55, org.springframework.test.context.transaction.TransactionalTestExecutionListener@13a57a3b, org.springframework.test.context.jdbc.SqlScriptsTestExecutionListener@7ca48474]
2019-08-21 15:36:11 INFO  XmlBeanDefinitionReader:317 - Loading XML bean definitions from class path resource [applicationContext.xml]
2019-08-21 15:36:11 INFO  GenericXmlApplicationContext:583 - Refreshing org.springframework.context.support.GenericXmlApplicationContext@224edc67: startup date [Wed Aug 21 15:36:11 KST 2019]; root of context hierarchy
2019-08-21 15:36:12 INFO  XmlBeanDefinitionReader:317 - Loading XML bean definitions from class path resource [applicationContext.xml]
2019-08-21 15:36:12 INFO  GenericXmlApplicationContext:583 - Refreshing org.springframework.context.support.GenericXmlApplicationContext@233795b6: startup date [Wed Aug 21 15:36:12 KST 2019]; root of context hierarchy
2019-08-21 15:36:12 INFO  UserDaoJunit02:27 - ^^^^^^^^^^^^^^^^^^^^^^^^^^^^^^
2019-08-21 15:36:12 INFO  UserDaoJunit02:28 - 0 setUp()=
2019-08-21 15:36:12 INFO  UserDaoJunit02:29 - ^^^^^^^^^^^^^^^^^^^^^^^^^^^^^^
2019-08-21 15:36:12 INFO  XmlBeanDefinitionReader:317 - Loading XML bean definitions from class path resource [applicationContext.xml]
2019-08-21 15:36:12 INFO  GenericXmlApplicationContext:583 - Refreshing org.springframework.context.support.GenericXmlApplicationContext@24269709: startup date [Wed Aug 21 15:36:12 KST 2019]; root of context hierarchy
2019-08-21 15:36:12 INFO  UserDaoJunit02:37 - ==============================
2019-08-21 15:36:12 INFO  UserDaoJunit02:38 - =context=org.springframework.context.support.GenericXmlApplicationContext@24269709: startup date [Wed Aug 21 15:36:12 KST 2019]; root of context hierarchy
2019-08-21 15:36:12 INFO  UserDaoJunit02:39 - =dao=com.ehr.UserDao@247bddad
2019-08-21 15:36:12 INFO  UserDaoJunit02:40 - ==============================
2019-08-21 15:36:12 INFO  UserDaoJunit02:104 - ==============================
2019-08-21 15:36:12 INFO  UserDaoJunit02:105 - =01 삭제=
2019-08-21 15:36:12 INFO  UserDaoJunit02:106 - ==============================
2019-08-21 15:36:12 INFO  UserDaoJunit02:114 - ==============================
2019-08-21 15:36:12 INFO  UserDaoJunit02:115 - =02 단건등록=
2019-08-21 15:36:12 INFO  UserDaoJunit02:116 - ==============================
2019-08-21 15:36:12 INFO  UserDaoJunit02:122 - ==============================
2019-08-21 15:36:12 INFO  UserDaoJunit02:123 - =02.01 add flag=1
2019-08-21 15:36:12 INFO  UserDaoJunit02:124 - ==============================
2019-08-21 15:36:12 INFO  UserDaoJunit02:128 - ==============================
2019-08-21 15:36:12 INFO  UserDaoJunit02:129 - =03 단건조회
2019-08-21 15:36:12 INFO  UserDaoJunit02:130 - ==============================
2019-08-21 15:36:12 INFO  UserDaoJunit02:45 - ^^^^^^^^^^^^^^^^^^^^^^^^^^^^^^
2019-08-21 15:36:12 INFO  UserDaoJunit02:46 - 99 tearDown()=
2019-08-21 15:36:12 INFO  UserDaoJunit02:47 - ^^^^^^^^^^^^^^^^^^^^^^^^^^^^^^
2019-08-21 15:36:12 INFO  UserDaoJunit02:27 - ^^^^^^^^^^^^^^^^^^^^^^^^^^^^^^
2019-08-21 15:36:12 INFO  UserDaoJunit02:28 - 0 setUp()=
2019-08-21 15:36:12 INFO  UserDaoJunit02:29 - ^^^^^^^^^^^^^^^^^^^^^^^^^^^^^^
2019-08-21 15:36:12 INFO  XmlBeanDefinitionReader:317 - Loading XML bean definitions from class path resource [applicationContext.xml]
2019-08-21 15:36:12 INFO  GenericXmlApplicationContext:583 - Refreshing org.springframework.context.support.GenericXmlApplicationContext@131ef10: startup date [Wed Aug 21 15:36:12 KST 2019]; root of context hierarchy
2019-08-21 15:36:12 INFO  UserDaoJunit02:37 - ==============================
2019-08-21 15:36:12 INFO  UserDaoJunit02:38 - =context=org.springframework.context.support.GenericXmlApplicationContext@131ef10: startup date [Wed Aug 21 15:36:12 KST 2019]; root of context hierarchy
2019-08-21 15:36:12 INFO  UserDaoJunit02:39 - =dao=com.ehr.UserDao@305b7c14
2019-08-21 15:36:12 INFO  UserDaoJunit02:40 - ==============================
2019-08-21 15:36:12 INFO  UserDaoJunit02:45 - ^^^^^^^^^^^^^^^^^^^^^^^^^^^^^^
2019-08-21 15:36:12 INFO  UserDaoJunit02:46 - 99 tearDown()=
2019-08-21 15:36:12 INFO  UserDaoJunit02:47 - ^^^^^^^^^^^^^^^^^^^^^^^^^^^^^^
2019-08-21 15:36:12 INFO  XmlBeanDefinitionReader:317 - Loading XML bean definitions from class path resource [applicationContext.xml]
2019-08-21 15:36:12 INFO  GenericApplicationContext:583 - Refreshing org.springframework.context.support.GenericApplicationContext@4961f6af: startup date [Wed Aug 21 15:36:12 KST 2019]; root of context hierarchy
2019-08-21 15:36:13 INFO  UserDaoJunitContext:24 - context : org.springframework.context.support.GenericApplicationContext@4961f6af: startup date [Wed Aug 21 15:36:12 KST 2019]; root of context hierarchy
2019-08-21 15:36:13 INFO  UserDaoJunitContext:25 - UserDaoJunitContext : com.ehr.UserDaoJunitContext@3fb1549b
2019-08-21 15:36:13 INFO  UserDaoJunitContext:26 - 01 setUp()
2019-08-21 15:36:13 INFO  UserDaoJunitContext:41 - 02 addAndGet()
2019-08-21 15:36:13 INFO  UserDaoJunitContext:48 - 03 tearDown()
2019-08-21 15:36:13 INFO  UserDaoJunitContext:24 - context : org.springframework.context.support.GenericApplicationContext@4961f6af: startup date [Wed Aug 21 15:36:12 KST 2019]; root of context hierarchy
2019-08-21 15:36:13 INFO  UserDaoJunitContext:25 - UserDaoJunitContext : com.ehr.UserDaoJunitContext@4d02f94e
2019-08-21 15:36:13 INFO  UserDaoJunitContext:26 - 01 setUp()
2019-08-21 15:36:13 INFO  UserDaoJunitContext:33 - 02 count()
2019-08-21 15:36:13 INFO  UserDaoJunitContext:48 - 03 tearDown()
2019-08-21 15:36:13 INFO  GenericApplicationContext:984 - Closing org.springframework.context.support.GenericApplicationContext@4961f6af: startup date [Wed Aug 21 15:36:12 KST 2019]; root of context hierarchy
2019-08-21 15:37:16 INFO  DefaultTestContextBootstrapper:260 - Loaded default TestExecutionListener class names from location [META-INF/spring.factories]: [org.springframework.test.context.web.ServletTestExecutionListener, org.springframework.test.context.support.DirtiesContextBeforeModesTestExecutionListener, org.springframework.test.context.support.DependencyInjectionTestExecutionListener, org.springframework.test.context.support.DirtiesContextTestExecutionListener, org.springframework.test.context.transaction.TransactionalTestExecutionListener, org.springframework.test.context.jdbc.SqlScriptsTestExecutionListener]
2019-08-21 15:37:16 INFO  DefaultTestContextBootstrapper:209 - Could not instantiate TestExecutionListener [org.springframework.test.context.web.ServletTestExecutionListener]. Specify custom listener classes or make the default listener classes (and their required dependencies) available. Offending class: [javax/servlet/ServletContext]
2019-08-21 15:37:16 INFO  DefaultTestContextBootstrapper:187 - Using TestExecutionListeners: [org.springframework.test.context.support.DirtiesContextBeforeModesTestExecutionListener@4909b8da, org.springframework.test.context.support.DependencyInjectionTestExecutionListener@3a03464, org.springframework.test.context.support.DirtiesContextTestExecutionListener@2d3fcdbd, org.springframework.test.context.transaction.TransactionalTestExecutionListener@617c74e5, org.springframework.test.context.jdbc.SqlScriptsTestExecutionListener@6537cf78]
2019-08-21 15:37:17 INFO  XmlBeanDefinitionReader:317 - Loading XML bean definitions from class path resource [applicationContext.xml]
2019-08-21 15:37:17 INFO  GenericApplicationContext:583 - Refreshing org.springframework.context.support.GenericApplicationContext@7823a2f9: startup date [Wed Aug 21 15:37:17 KST 2019]; root of context hierarchy
2019-08-21 15:37:17 INFO  UserDaoJunit03:35 - ^^^^^^^^^^^^^^^^^^^^^^^^^^^^^^
2019-08-21 15:37:17 INFO  UserDaoJunit03:36 - 0 setUp()=
2019-08-21 15:37:17 INFO  UserDaoJunit03:37 - ^^^^^^^^^^^^^^^^^^^^^^^^^^^^^^
2019-08-21 15:37:17 INFO  XmlBeanDefinitionReader:317 - Loading XML bean definitions from class path resource [applicationContext.xml]
2019-08-21 15:37:17 INFO  GenericXmlApplicationContext:583 - Refreshing org.springframework.context.support.GenericXmlApplicationContext@70bdcd51: startup date [Wed Aug 21 15:37:17 KST 2019]; root of context hierarchy
2019-08-21 15:37:17 INFO  UserDaoJunit03:45 - ==============================
2019-08-21 15:37:17 INFO  UserDaoJunit03:46 - =context=org.springframework.context.support.GenericXmlApplicationContext@70bdcd51: startup date [Wed Aug 21 15:37:17 KST 2019]; root of context hierarchy
2019-08-21 15:37:17 INFO  UserDaoJunit03:47 - =dao=com.ehr.UserDao@e17f563
2019-08-21 15:37:17 INFO  UserDaoJunit03:48 - ==============================
2019-08-21 15:37:17 INFO  UserDaoJunit03:112 - ==============================
2019-08-21 15:37:17 INFO  UserDaoJunit03:113 - =01 삭제=
2019-08-21 15:37:17 INFO  UserDaoJunit03:114 - ==============================
2019-08-21 15:37:17 INFO  UserDaoJunit03:122 - ==============================
2019-08-21 15:37:17 INFO  UserDaoJunit03:123 - =02 단건등록=
2019-08-21 15:37:17 INFO  UserDaoJunit03:124 - ==============================
2019-08-21 15:37:17 INFO  UserDaoJunit03:130 - ==============================
2019-08-21 15:37:17 INFO  UserDaoJunit03:131 - =02.01 add flag=1
2019-08-21 15:37:17 INFO  UserDaoJunit03:132 - ==============================
2019-08-21 15:37:17 INFO  UserDaoJunit03:136 - ==============================
2019-08-21 15:37:17 INFO  UserDaoJunit03:137 - =03 단건조회
2019-08-21 15:37:17 INFO  UserDaoJunit03:138 - ==============================
2019-08-21 15:37:17 INFO  UserDaoJunit03:53 - ^^^^^^^^^^^^^^^^^^^^^^^^^^^^^^
2019-08-21 15:37:17 INFO  UserDaoJunit03:54 - 99 tearDown()=
2019-08-21 15:37:17 INFO  UserDaoJunit03:55 - ^^^^^^^^^^^^^^^^^^^^^^^^^^^^^^
2019-08-21 15:37:17 INFO  UserDaoJunit03:35 - ^^^^^^^^^^^^^^^^^^^^^^^^^^^^^^
2019-08-21 15:37:17 INFO  UserDaoJunit03:36 - 0 setUp()=
2019-08-21 15:37:17 INFO  UserDaoJunit03:37 - ^^^^^^^^^^^^^^^^^^^^^^^^^^^^^^
2019-08-21 15:37:17 INFO  XmlBeanDefinitionReader:317 - Loading XML bean definitions from class path resource [applicationContext.xml]
2019-08-21 15:37:17 INFO  GenericXmlApplicationContext:583 - Refreshing org.springframework.context.support.GenericXmlApplicationContext@12e61fe6: startup date [Wed Aug 21 15:37:17 KST 2019]; root of context hierarchy
2019-08-21 15:37:17 INFO  UserDaoJunit03:45 - ==============================
2019-08-21 15:37:17 INFO  UserDaoJunit03:46 - =context=org.springframework.context.support.GenericXmlApplicationContext@12e61fe6: startup date [Wed Aug 21 15:37:17 KST 2019]; root of context hierarchy
2019-08-21 15:37:17 INFO  UserDaoJunit03:47 - =dao=com.ehr.UserDao@4b5a5ed1
2019-08-21 15:37:17 INFO  UserDaoJunit03:48 - ==============================
2019-08-21 15:37:17 INFO  UserDaoJunit03:53 - ^^^^^^^^^^^^^^^^^^^^^^^^^^^^^^
2019-08-21 15:37:17 INFO  UserDaoJunit03:54 - 99 tearDown()=
2019-08-21 15:37:17 INFO  UserDaoJunit03:55 - ^^^^^^^^^^^^^^^^^^^^^^^^^^^^^^
2019-08-21 15:37:17 INFO  GenericApplicationContext:984 - Closing org.springframework.context.support.GenericApplicationContext@7823a2f9: startup date [Wed Aug 21 15:37:17 KST 2019]; root of context hierarchy
2019-08-21 15:37:57 INFO  DefaultTestContextBootstrapper:260 - Loaded default TestExecutionListener class names from location [META-INF/spring.factories]: [org.springframework.test.context.web.ServletTestExecutionListener, org.springframework.test.context.support.DirtiesContextBeforeModesTestExecutionListener, org.springframework.test.context.support.DependencyInjectionTestExecutionListener, org.springframework.test.context.support.DirtiesContextTestExecutionListener, org.springframework.test.context.transaction.TransactionalTestExecutionListener, org.springframework.test.context.jdbc.SqlScriptsTestExecutionListener]
2019-08-21 15:37:57 INFO  DefaultTestContextBootstrapper:209 - Could not instantiate TestExecutionListener [org.springframework.test.context.web.ServletTestExecutionListener]. Specify custom listener classes or make the default listener classes (and their required dependencies) available. Offending class: [javax/servlet/ServletContext]
2019-08-21 15:37:57 INFO  DefaultTestContextBootstrapper:187 - Using TestExecutionListeners: [org.springframework.test.context.support.DirtiesContextBeforeModesTestExecutionListener@4909b8da, org.springframework.test.context.support.DependencyInjectionTestExecutionListener@3a03464, org.springframework.test.context.support.DirtiesContextTestExecutionListener@2d3fcdbd, org.springframework.test.context.transaction.TransactionalTestExecutionListener@617c74e5, org.springframework.test.context.jdbc.SqlScriptsTestExecutionListener@6537cf78]
2019-08-21 15:37:57 INFO  XmlBeanDefinitionReader:317 - Loading XML bean definitions from class path resource [applicationContext.xml]
2019-08-21 15:37:57 INFO  GenericApplicationContext:583 - Refreshing org.springframework.context.support.GenericApplicationContext@7823a2f9: startup date [Wed Aug 21 15:37:57 KST 2019]; root of context hierarchy
2019-08-21 15:37:57 INFO  UserDaoJunit03:35 - ^^^^^^^^^^^^^^^^^^^^^^^^^^^^^^
2019-08-21 15:37:57 INFO  UserDaoJunit03:36 - 0 setUp()=
2019-08-21 15:37:57 INFO  UserDaoJunit03:37 - ^^^^^^^^^^^^^^^^^^^^^^^^^^^^^^
2019-08-21 15:37:57 INFO  UserDaoJunit03:43 - ==============================
2019-08-21 15:37:57 INFO  UserDaoJunit03:44 - =context=org.springframework.context.support.GenericApplicationContext@7823a2f9: startup date [Wed Aug 21 15:37:57 KST 2019]; root of context hierarchy
2019-08-21 15:37:57 INFO  UserDaoJunit03:45 - =dao=com.ehr.UserDao@369533e
2019-08-21 15:37:57 INFO  UserDaoJunit03:46 - ==============================
2019-08-21 15:37:57 INFO  UserDaoJunit03:110 - ==============================
2019-08-21 15:37:57 INFO  UserDaoJunit03:111 - =01 삭제=
2019-08-21 15:37:57 INFO  UserDaoJunit03:112 - ==============================
2019-08-21 15:37:58 INFO  UserDaoJunit03:120 - ==============================
2019-08-21 15:37:58 INFO  UserDaoJunit03:121 - =02 단건등록=
2019-08-21 15:37:58 INFO  UserDaoJunit03:122 - ==============================
2019-08-21 15:37:58 INFO  UserDaoJunit03:128 - ==============================
2019-08-21 15:37:58 INFO  UserDaoJunit03:129 - =02.01 add flag=1
2019-08-21 15:37:58 INFO  UserDaoJunit03:130 - ==============================
2019-08-21 15:37:58 INFO  UserDaoJunit03:134 - ==============================
2019-08-21 15:37:58 INFO  UserDaoJunit03:135 - =03 단건조회
2019-08-21 15:37:58 INFO  UserDaoJunit03:136 - ==============================
2019-08-21 15:37:58 INFO  UserDaoJunit03:51 - ^^^^^^^^^^^^^^^^^^^^^^^^^^^^^^
2019-08-21 15:37:58 INFO  UserDaoJunit03:52 - 99 tearDown()=
2019-08-21 15:37:58 INFO  UserDaoJunit03:53 - ^^^^^^^^^^^^^^^^^^^^^^^^^^^^^^
2019-08-21 15:37:58 INFO  UserDaoJunit03:35 - ^^^^^^^^^^^^^^^^^^^^^^^^^^^^^^
2019-08-21 15:37:58 INFO  UserDaoJunit03:36 - 0 setUp()=
2019-08-21 15:37:58 INFO  UserDaoJunit03:37 - ^^^^^^^^^^^^^^^^^^^^^^^^^^^^^^
2019-08-21 15:37:58 INFO  UserDaoJunit03:43 - ==============================
2019-08-21 15:37:58 INFO  UserDaoJunit03:44 - =context=org.springframework.context.support.GenericApplicationContext@7823a2f9: startup date [Wed Aug 21 15:37:57 KST 2019]; root of context hierarchy
2019-08-21 15:37:58 INFO  UserDaoJunit03:45 - =dao=com.ehr.UserDao@369533e
2019-08-21 15:37:58 INFO  UserDaoJunit03:46 - ==============================
2019-08-21 15:37:58 INFO  UserDaoJunit03:51 - ^^^^^^^^^^^^^^^^^^^^^^^^^^^^^^
2019-08-21 15:37:58 INFO  UserDaoJunit03:52 - 99 tearDown()=
2019-08-21 15:37:58 INFO  UserDaoJunit03:53 - ^^^^^^^^^^^^^^^^^^^^^^^^^^^^^^
2019-08-21 15:37:58 INFO  GenericApplicationContext:984 - Closing org.springframework.context.support.GenericApplicationContext@7823a2f9: startup date [Wed Aug 21 15:37:57 KST 2019]; root of context hierarchy
2019-08-21 15:53:16 INFO  XmlBeanDefinitionReader:317 - Loading XML bean definitions from class path resource [applicationContext.xml]
2019-08-21 15:53:16 INFO  GenericXmlApplicationContext:583 - Refreshing org.springframework.context.support.GenericXmlApplicationContext@2471cca7: startup date [Wed Aug 21 15:53:16 KST 2019]; root of context hierarchy
2019-08-21 15:53:17 INFO  XmlBeanDefinitionReader:317 - Loading XML bean definitions from class path resource [applicationContext.xml]
2019-08-21 15:53:17 INFO  GenericXmlApplicationContext:583 - Refreshing org.springframework.context.support.GenericXmlApplicationContext@6aba2b86: startup date [Wed Aug 21 15:53:17 KST 2019]; root of context hierarchy
2019-08-21 15:53:28 INFO  XmlBeanDefinitionReader:317 - Loading XML bean definitions from class path resource [applicationContext.xml]
2019-08-21 15:53:29 INFO  GenericXmlApplicationContext:583 - Refreshing org.springframework.context.support.GenericXmlApplicationContext@13481216: startup date [Wed Aug 21 15:53:29 KST 2019]; root of context hierarchy
2019-08-21 15:53:29 INFO  UserDaoJunit:93 - ==============================
2019-08-21 15:53:29 INFO  UserDaoJunit:94 - =01 삭제=
2019-08-21 15:53:29 INFO  UserDaoJunit:95 - ==============================
2019-08-21 15:53:29 INFO  UserDaoJunit:108 - ==============================
2019-08-21 15:53:29 INFO  UserDaoJunit:109 - =02 단건등록=
2019-08-21 15:53:29 INFO  UserDaoJunit:110 - ==============================
2019-08-21 15:53:29 INFO  UserDaoJunit:116 - ==============================
2019-08-21 15:53:29 INFO  UserDaoJunit:117 - =02.01 add flag=1
2019-08-21 15:53:29 INFO  UserDaoJunit:118 - ==============================
2019-08-21 15:53:29 INFO  UserDaoJunit:122 - ==============================
2019-08-21 15:53:29 INFO  UserDaoJunit:123 - =03 단건조회
2019-08-21 15:53:29 INFO  UserDaoJunit:124 - ==============================
2019-08-21 15:53:29 INFO  GenericXmlApplicationContext:984 - Closing org.springframework.context.support.GenericXmlApplicationContext@13481216: startup date [Wed Aug 21 15:53:29 KST 2019]; root of context hierarchy
2019-08-21 15:53:29 INFO  XmlBeanDefinitionReader:317 - Loading XML bean definitions from class path resource [applicationContext.xml]
2019-08-21 15:53:29 INFO  GenericXmlApplicationContext:583 - Refreshing org.springframework.context.support.GenericXmlApplicationContext@1055e4af: startup date [Wed Aug 21 15:53:29 KST 2019]; root of context hierarchy
2019-08-21 15:53:29 INFO  XmlBeanDefinitionReader:317 - Loading XML bean definitions from class path resource [applicationContext.xml]
2019-08-21 15:53:29 INFO  GenericXmlApplicationContext:583 - Refreshing org.springframework.context.support.GenericXmlApplicationContext@3a4afd8d: startup date [Wed Aug 21 15:53:29 KST 2019]; root of context hierarchy
2019-08-21 15:53:42 INFO  XmlBeanDefinitionReader:317 - Loading XML bean definitions from class path resource [applicationContext.xml]
2019-08-21 15:53:42 INFO  GenericXmlApplicationContext:583 - Refreshing org.springframework.context.support.GenericXmlApplicationContext@13481216: startup date [Wed Aug 21 15:53:42 KST 2019]; root of context hierarchy
2019-08-21 15:53:42 INFO  UserDaoJunit:93 - ==============================
2019-08-21 15:53:42 INFO  UserDaoJunit:94 - =01 삭제=
2019-08-21 15:53:42 INFO  UserDaoJunit:95 - ==============================
2019-08-21 15:53:43 INFO  UserDaoJunit:108 - ==============================
2019-08-21 15:53:43 INFO  UserDaoJunit:109 - =02 단건등록=
2019-08-21 15:53:43 INFO  UserDaoJunit:110 - ==============================
2019-08-21 15:53:43 INFO  UserDaoJunit:116 - ==============================
2019-08-21 15:53:43 INFO  UserDaoJunit:117 - =02.01 add flag=1
2019-08-21 15:53:43 INFO  UserDaoJunit:118 - ==============================
2019-08-21 15:53:43 INFO  UserDaoJunit:122 - ==============================
2019-08-21 15:53:43 INFO  UserDaoJunit:123 - =03 단건조회
2019-08-21 15:53:43 INFO  UserDaoJunit:124 - ==============================
2019-08-21 15:53:43 INFO  XmlBeanDefinitionReader:317 - Loading XML bean definitions from class path resource [applicationContext.xml]
2019-08-21 15:53:43 INFO  GenericXmlApplicationContext:583 - Refreshing org.springframework.context.support.GenericXmlApplicationContext@1055e4af: startup date [Wed Aug 21 15:53:43 KST 2019]; root of context hierarchy
2019-08-21 15:53:43 INFO  XmlBeanDefinitionReader:317 - Loading XML bean definitions from class path resource [applicationContext.xml]
2019-08-21 15:53:43 INFO  GenericXmlApplicationContext:583 - Refreshing org.springframework.context.support.GenericXmlApplicationContext@3a4afd8d: startup date [Wed Aug 21 15:53:43 KST 2019]; root of context hierarchy
2019-08-21 16:01:00 INFO  DefaultTestContextBootstrapper:260 - Loaded default TestExecutionListener class names from location [META-INF/spring.factories]: [org.springframework.test.context.web.ServletTestExecutionListener, org.springframework.test.context.support.DirtiesContextBeforeModesTestExecutionListener, org.springframework.test.context.support.DependencyInjectionTestExecutionListener, org.springframework.test.context.support.DirtiesContextTestExecutionListener, org.springframework.test.context.transaction.TransactionalTestExecutionListener, org.springframework.test.context.jdbc.SqlScriptsTestExecutionListener]
2019-08-21 16:01:00 INFO  DefaultTestContextBootstrapper:209 - Could not instantiate TestExecutionListener [org.springframework.test.context.web.ServletTestExecutionListener]. Specify custom listener classes or make the default listener classes (and their required dependencies) available. Offending class: [javax/servlet/ServletContext]
2019-08-21 16:01:00 INFO  DefaultTestContextBootstrapper:187 - Using TestExecutionListeners: [org.springframework.test.context.support.DirtiesContextBeforeModesTestExecutionListener@4909b8da, org.springframework.test.context.support.DependencyInjectionTestExecutionListener@3a03464, org.springframework.test.context.support.DirtiesContextTestExecutionListener@2d3fcdbd, org.springframework.test.context.transaction.TransactionalTestExecutionListener@617c74e5, org.springframework.test.context.jdbc.SqlScriptsTestExecutionListener@6537cf78]
2019-08-21 16:01:00 INFO  XmlBeanDefinitionReader:317 - Loading XML bean definitions from class path resource [applicationContext.xml]
2019-08-21 16:01:00 INFO  GenericApplicationContext:583 - Refreshing org.springframework.context.support.GenericApplicationContext@7823a2f9: startup date [Wed Aug 21 16:01:00 KST 2019]; root of context hierarchy
2019-08-21 16:01:01 INFO  UserDaoJunit03:35 - ^^^^^^^^^^^^^^^^^^^^^^^^^^^^^^
2019-08-21 16:01:01 INFO  UserDaoJunit03:36 - 0 setUp()=
2019-08-21 16:01:01 INFO  UserDaoJunit03:37 - ^^^^^^^^^^^^^^^^^^^^^^^^^^^^^^
2019-08-21 16:01:01 INFO  UserDaoJunit03:43 - ==============================
2019-08-21 16:01:01 INFO  UserDaoJunit03:44 - =context=org.springframework.context.support.GenericApplicationContext@7823a2f9: startup date [Wed Aug 21 16:01:00 KST 2019]; root of context hierarchy
2019-08-21 16:01:01 INFO  UserDaoJunit03:45 - =dao=com.ehr.UserDao@4bc11bc8
2019-08-21 16:01:01 INFO  UserDaoJunit03:46 - ==============================
2019-08-21 16:01:01 INFO  UserDaoJunit03:110 - ==============================
2019-08-21 16:01:01 INFO  UserDaoJunit03:111 - =01 삭제=
2019-08-21 16:01:01 INFO  UserDaoJunit03:112 - ==============================
2019-08-21 16:01:01 INFO  UserDaoJunit03:120 - ==============================
2019-08-21 16:01:01 INFO  UserDaoJunit03:121 - =02 단건등록=
2019-08-21 16:01:01 INFO  UserDaoJunit03:122 - ==============================
2019-08-21 16:01:01 INFO  UserDaoJunit03:128 - ==============================
2019-08-21 16:01:01 INFO  UserDaoJunit03:129 - =02.01 add flag=1
2019-08-21 16:01:01 INFO  UserDaoJunit03:130 - ==============================
2019-08-21 16:01:01 INFO  UserDaoJunit03:134 - ==============================
2019-08-21 16:01:01 INFO  UserDaoJunit03:135 - =03 단건조회
2019-08-21 16:01:01 INFO  UserDaoJunit03:136 - ==============================
2019-08-21 16:01:01 INFO  UserDaoJunit03:51 - ^^^^^^^^^^^^^^^^^^^^^^^^^^^^^^
2019-08-21 16:01:01 INFO  UserDaoJunit03:52 - 99 tearDown()=
2019-08-21 16:01:01 INFO  UserDaoJunit03:53 - ^^^^^^^^^^^^^^^^^^^^^^^^^^^^^^
2019-08-21 16:01:01 INFO  UserDaoJunit03:35 - ^^^^^^^^^^^^^^^^^^^^^^^^^^^^^^
2019-08-21 16:01:01 INFO  UserDaoJunit03:36 - 0 setUp()=
2019-08-21 16:01:01 INFO  UserDaoJunit03:37 - ^^^^^^^^^^^^^^^^^^^^^^^^^^^^^^
2019-08-21 16:01:01 INFO  UserDaoJunit03:43 - ==============================
2019-08-21 16:01:01 INFO  UserDaoJunit03:44 - =context=org.springframework.context.support.GenericApplicationContext@7823a2f9: startup date [Wed Aug 21 16:01:00 KST 2019]; root of context hierarchy
2019-08-21 16:01:01 INFO  UserDaoJunit03:45 - =dao=com.ehr.UserDao@4bc11bc8
2019-08-21 16:01:01 INFO  UserDaoJunit03:46 - ==============================
2019-08-21 16:01:01 INFO  UserDaoJunit03:51 - ^^^^^^^^^^^^^^^^^^^^^^^^^^^^^^
2019-08-21 16:01:01 INFO  UserDaoJunit03:52 - 99 tearDown()=
2019-08-21 16:01:01 INFO  UserDaoJunit03:53 - ^^^^^^^^^^^^^^^^^^^^^^^^^^^^^^
2019-08-21 16:01:01 INFO  GenericApplicationContext:984 - Closing org.springframework.context.support.GenericApplicationContext@7823a2f9: startup date [Wed Aug 21 16:01:00 KST 2019]; root of context hierarchy
2019-08-21 16:03:00 INFO  DefaultTestContextBootstrapper:260 - Loaded default TestExecutionListener class names from location [META-INF/spring.factories]: [org.springframework.test.context.web.ServletTestExecutionListener, org.springframework.test.context.support.DirtiesContextBeforeModesTestExecutionListener, org.springframework.test.context.support.DependencyInjectionTestExecutionListener, org.springframework.test.context.support.DirtiesContextTestExecutionListener, org.springframework.test.context.transaction.TransactionalTestExecutionListener, org.springframework.test.context.jdbc.SqlScriptsTestExecutionListener]
2019-08-21 16:03:00 INFO  DefaultTestContextBootstrapper:209 - Could not instantiate TestExecutionListener [org.springframework.test.context.web.ServletTestExecutionListener]. Specify custom listener classes or make the default listener classes (and their required dependencies) available. Offending class: [javax/servlet/ServletContext]
2019-08-21 16:03:00 INFO  DefaultTestContextBootstrapper:187 - Using TestExecutionListeners: [org.springframework.test.context.support.DirtiesContextBeforeModesTestExecutionListener@4909b8da, org.springframework.test.context.support.DependencyInjectionTestExecutionListener@3a03464, org.springframework.test.context.support.DirtiesContextTestExecutionListener@2d3fcdbd, org.springframework.test.context.transaction.TransactionalTestExecutionListener@617c74e5, org.springframework.test.context.jdbc.SqlScriptsTestExecutionListener@6537cf78]
2019-08-21 16:03:00 INFO  XmlBeanDefinitionReader:317 - Loading XML bean definitions from class path resource [applicationContext.xml]
2019-08-21 16:03:00 INFO  GenericApplicationContext:583 - Refreshing org.springframework.context.support.GenericApplicationContext@7823a2f9: startup date [Wed Aug 21 16:03:00 KST 2019]; root of context hierarchy
2019-08-21 16:03:00 INFO  UserDaoJunit03:35 - ^^^^^^^^^^^^^^^^^^^^^^^^^^^^^^
2019-08-21 16:03:00 INFO  UserDaoJunit03:36 - 0 setUp()=
2019-08-21 16:03:00 INFO  UserDaoJunit03:37 - ^^^^^^^^^^^^^^^^^^^^^^^^^^^^^^
2019-08-21 16:03:00 INFO  UserDaoJunit03:43 - ==============================
2019-08-21 16:03:00 INFO  UserDaoJunit03:44 - =context=org.springframework.context.support.GenericApplicationContext@7823a2f9: startup date [Wed Aug 21 16:03:00 KST 2019]; root of context hierarchy
2019-08-21 16:03:00 INFO  UserDaoJunit03:45 - =dao=com.ehr.UserDao@5bddf18c
2019-08-21 16:03:00 INFO  UserDaoJunit03:46 - ==============================
2019-08-21 16:03:00 INFO  UserDaoJunit03:110 - -------------------------------------------
2019-08-21 16:03:00 INFO  UserDaoJunit03:111 - =01 addAndGet()=
2019-08-21 16:03:00 INFO  UserDaoJunit03:112 - -------------------------------------------
2019-08-21 16:03:00 INFO  UserDaoJunit03:114 - ==============================
2019-08-21 16:03:00 INFO  UserDaoJunit03:115 - =01 삭제=
2019-08-21 16:03:00 INFO  UserDaoJunit03:116 - ==============================
2019-08-21 16:03:00 INFO  UserDaoJunit03:124 - ==============================
2019-08-21 16:03:00 INFO  UserDaoJunit03:125 - =02 단건등록=
2019-08-21 16:03:00 INFO  UserDaoJunit03:126 - ==============================
2019-08-21 16:03:00 INFO  UserDaoJunit03:132 - ==============================
2019-08-21 16:03:00 INFO  UserDaoJunit03:133 - =02.01 add flag=1
2019-08-21 16:03:00 INFO  UserDaoJunit03:134 - ==============================
2019-08-21 16:03:00 INFO  UserDaoJunit03:138 - ==============================
2019-08-21 16:03:00 INFO  UserDaoJunit03:139 - =03 단건조회
2019-08-21 16:03:00 INFO  UserDaoJunit03:140 - ==============================
2019-08-21 16:03:01 INFO  UserDaoJunit03:51 - ^^^^^^^^^^^^^^^^^^^^^^^^^^^^^^
2019-08-21 16:03:01 INFO  UserDaoJunit03:52 - 99 tearDown()=
2019-08-21 16:03:01 INFO  UserDaoJunit03:53 - ^^^^^^^^^^^^^^^^^^^^^^^^^^^^^^
2019-08-21 16:03:01 INFO  UserDaoJunit03:35 - ^^^^^^^^^^^^^^^^^^^^^^^^^^^^^^
2019-08-21 16:03:01 INFO  UserDaoJunit03:36 - 0 setUp()=
2019-08-21 16:03:01 INFO  UserDaoJunit03:37 - ^^^^^^^^^^^^^^^^^^^^^^^^^^^^^^
2019-08-21 16:03:01 INFO  UserDaoJunit03:43 - ==============================
2019-08-21 16:03:01 INFO  UserDaoJunit03:44 - =context=org.springframework.context.support.GenericApplicationContext@7823a2f9: startup date [Wed Aug 21 16:03:00 KST 2019]; root of context hierarchy
2019-08-21 16:03:01 INFO  UserDaoJunit03:45 - =dao=com.ehr.UserDao@5bddf18c
2019-08-21 16:03:01 INFO  UserDaoJunit03:46 - ==============================
2019-08-21 16:03:01 INFO  UserDaoJunit03:73 - -------------------------------------------
2019-08-21 16:03:01 INFO  UserDaoJunit03:74 - =01 count()=
2019-08-21 16:03:01 INFO  UserDaoJunit03:75 - -------------------------------------------
2019-08-21 16:03:01 INFO  UserDaoJunit03:51 - ^^^^^^^^^^^^^^^^^^^^^^^^^^^^^^
2019-08-21 16:03:01 INFO  UserDaoJunit03:52 - 99 tearDown()=
2019-08-21 16:03:01 INFO  UserDaoJunit03:53 - ^^^^^^^^^^^^^^^^^^^^^^^^^^^^^^
2019-08-21 16:03:01 INFO  GenericApplicationContext:984 - Closing org.springframework.context.support.GenericApplicationContext@7823a2f9: startup date [Wed Aug 21 16:03:00 KST 2019]; root of context hierarchy
2019-08-21 16:04:20 INFO  DefaultTestContextBootstrapper:260 - Loaded default TestExecutionListener class names from location [META-INF/spring.factories]: [org.springframework.test.context.web.ServletTestExecutionListener, org.springframework.test.context.support.DirtiesContextBeforeModesTestExecutionListener, org.springframework.test.context.support.DependencyInjectionTestExecutionListener, org.springframework.test.context.support.DirtiesContextTestExecutionListener, org.springframework.test.context.transaction.TransactionalTestExecutionListener, org.springframework.test.context.jdbc.SqlScriptsTestExecutionListener]
2019-08-21 16:04:20 INFO  DefaultTestContextBootstrapper:209 - Could not instantiate TestExecutionListener [org.springframework.test.context.web.ServletTestExecutionListener]. Specify custom listener classes or make the default listener classes (and their required dependencies) available. Offending class: [javax/servlet/ServletContext]
2019-08-21 16:04:20 INFO  DefaultTestContextBootstrapper:187 - Using TestExecutionListeners: [org.springframework.test.context.support.DirtiesContextBeforeModesTestExecutionListener@6df97b55, org.springframework.test.context.support.DependencyInjectionTestExecutionListener@3cbbc1e0, org.springframework.test.context.support.DirtiesContextTestExecutionListener@35fb3008, org.springframework.test.context.transaction.TransactionalTestExecutionListener@7225790e, org.springframework.test.context.jdbc.SqlScriptsTestExecutionListener@54a097cc]
2019-08-21 16:04:20 INFO  XmlBeanDefinitionReader:317 - Loading XML bean definitions from class path resource [applicationContext.xml]
2019-08-21 16:04:20 INFO  GenericApplicationContext:583 - Refreshing org.springframework.context.support.GenericApplicationContext@c038203: startup date [Wed Aug 21 16:04:20 KST 2019]; root of context hierarchy
2019-08-21 16:04:20 INFO  UserDaoJunit03:36 - ^^^^^^^^^^^^^^^^^^^^^^^^^^^^^^
2019-08-21 16:04:20 INFO  UserDaoJunit03:37 - 0 setUp()=
2019-08-21 16:04:20 INFO  UserDaoJunit03:38 - ^^^^^^^^^^^^^^^^^^^^^^^^^^^^^^
2019-08-21 16:04:20 INFO  UserDaoJunit03:44 - ==============================
2019-08-21 16:04:20 INFO  UserDaoJunit03:45 - =context=org.springframework.context.support.GenericApplicationContext@c038203: startup date [Wed Aug 21 16:04:20 KST 2019]; root of context hierarchy
2019-08-21 16:04:20 INFO  UserDaoJunit03:46 - =dao=com.ehr.UserDao@c0363d1
2019-08-21 16:04:20 INFO  UserDaoJunit03:47 - ==============================
2019-08-21 16:04:20 INFO  UserDaoJunit03:110 - -------------------------------------------
2019-08-21 16:04:20 INFO  UserDaoJunit03:111 - =01 addAndGet()=
2019-08-21 16:04:20 INFO  UserDaoJunit03:112 - -------------------------------------------
2019-08-21 16:04:20 INFO  UserDaoJunit03:114 - ==============================
2019-08-21 16:04:20 INFO  UserDaoJunit03:115 - =01 삭제=
2019-08-21 16:04:20 INFO  UserDaoJunit03:116 - ==============================
2019-08-21 16:04:20 INFO  UserDaoJunit03:124 - ==============================
2019-08-21 16:04:20 INFO  UserDaoJunit03:125 - =02 단건등록=
2019-08-21 16:04:20 INFO  UserDaoJunit03:126 - ==============================
2019-08-21 16:04:20 INFO  UserDaoJunit03:132 - ==============================
2019-08-21 16:04:20 INFO  UserDaoJunit03:133 - =02.01 add flag=1
2019-08-21 16:04:20 INFO  UserDaoJunit03:134 - ==============================
2019-08-21 16:04:20 INFO  UserDaoJunit03:138 - ==============================
2019-08-21 16:04:20 INFO  UserDaoJunit03:139 - =03 단건조회
2019-08-21 16:04:20 INFO  UserDaoJunit03:140 - ==============================
2019-08-21 16:04:20 INFO  UserDaoJunit03:52 - ^^^^^^^^^^^^^^^^^^^^^^^^^^^^^^
2019-08-21 16:04:20 INFO  UserDaoJunit03:53 - 99 tearDown()=
2019-08-21 16:04:20 INFO  UserDaoJunit03:54 - ^^^^^^^^^^^^^^^^^^^^^^^^^^^^^^
2019-08-21 16:04:20 INFO  UserDaoJunit03:36 - ^^^^^^^^^^^^^^^^^^^^^^^^^^^^^^
2019-08-21 16:04:20 INFO  UserDaoJunit03:37 - 0 setUp()=
2019-08-21 16:04:20 INFO  UserDaoJunit03:38 - ^^^^^^^^^^^^^^^^^^^^^^^^^^^^^^
2019-08-21 16:04:20 INFO  UserDaoJunit03:44 - ==============================
2019-08-21 16:04:20 INFO  UserDaoJunit03:45 - =context=org.springframework.context.support.GenericApplicationContext@c038203: startup date [Wed Aug 21 16:04:20 KST 2019]; root of context hierarchy
2019-08-21 16:04:20 INFO  UserDaoJunit03:46 - =dao=com.ehr.UserDao@c0363d1
2019-08-21 16:04:20 INFO  UserDaoJunit03:47 - ==============================
2019-08-21 16:04:20 INFO  UserDaoJunit03:59 - -------------------------------------------
2019-08-21 16:04:20 INFO  UserDaoJunit03:60 - =01 getFailure()=
2019-08-21 16:04:20 INFO  UserDaoJunit03:61 - -------------------------------------------
2019-08-21 16:04:21 INFO  UserDaoJunit03:52 - ^^^^^^^^^^^^^^^^^^^^^^^^^^^^^^
2019-08-21 16:04:21 INFO  UserDaoJunit03:53 - 99 tearDown()=
2019-08-21 16:04:21 INFO  UserDaoJunit03:54 - ^^^^^^^^^^^^^^^^^^^^^^^^^^^^^^
2019-08-21 16:04:21 INFO  UserDaoJunit03:36 - ^^^^^^^^^^^^^^^^^^^^^^^^^^^^^^
2019-08-21 16:04:21 INFO  UserDaoJunit03:37 - 0 setUp()=
2019-08-21 16:04:21 INFO  UserDaoJunit03:38 - ^^^^^^^^^^^^^^^^^^^^^^^^^^^^^^
2019-08-21 16:04:21 INFO  UserDaoJunit03:44 - ==============================
2019-08-21 16:04:21 INFO  UserDaoJunit03:45 - =context=org.springframework.context.support.GenericApplicationContext@c038203: startup date [Wed Aug 21 16:04:20 KST 2019]; root of context hierarchy
2019-08-21 16:04:21 INFO  UserDaoJunit03:46 - =dao=com.ehr.UserDao@c0363d1
2019-08-21 16:04:21 INFO  UserDaoJunit03:47 - ==============================
2019-08-21 16:04:21 INFO  UserDaoJunit03:73 - -------------------------------------------
2019-08-21 16:04:21 INFO  UserDaoJunit03:74 - =01 count()=
2019-08-21 16:04:21 INFO  UserDaoJunit03:75 - -------------------------------------------
2019-08-21 16:04:21 INFO  UserDaoJunit03:52 - ^^^^^^^^^^^^^^^^^^^^^^^^^^^^^^
2019-08-21 16:04:21 INFO  UserDaoJunit03:53 - 99 tearDown()=
2019-08-21 16:04:21 INFO  UserDaoJunit03:54 - ^^^^^^^^^^^^^^^^^^^^^^^^^^^^^^
2019-08-21 16:04:21 INFO  GenericApplicationContext:984 - Closing org.springframework.context.support.GenericApplicationContext@c038203: startup date [Wed Aug 21 16:04:20 KST 2019]; root of context hierarchy
