2019-08-20 10:43:48 DEBUG UserDaoTest:11 - ---------------------
2019-08-20 10:43:48 DEBUG UserDaoTest:12 - Main
2019-08-20 10:43:48 DEBUG UserDaoTest:13 - ---------------------
2019-08-20 10:43:48 DEBUG UserDaoTest:22 - =============================
2019-08-20 10:43:48 DEBUG UserDaoTest:23 - 단건 등록
2019-08-20 10:43:48 DEBUG UserDaoTest:24 - =============================
2019-08-20 10:43:48 DEBUG DUserDao:21 - ---------------------
2019-08-20 10:43:48 DEBUG DUserDao:22 - 01. conn : oracle.jdbc.driver.T4CConnection@1f89ab83
2019-08-20 10:43:48 DEBUG DUserDao:23 - ---------------------
2019-08-20 10:43:48 DEBUG UserDao:72 - =============================
2019-08-20 10:43:48 DEBUG UserDao:73 - 02. sql=
 INSERT INTO users (  
     u_id,            
     name,            
     passwd           
 ) VALUES (           
     ?,               
     ?,               
     ?                
 )                    

2019-08-20 10:43:48 DEBUG UserDao:74 - =============================
2019-08-20 10:43:48 DEBUG UserDao:83 - =============================
2019-08-20 10:43:48 DEBUG UserDao:84 - 03. param=User [u_id=j01_125, name=노명진, passwd=1234]
2019-08-20 10:43:48 DEBUG UserDao:85 - =============================
2019-08-20 10:43:48 DEBUG UserDao:91 - =============================
2019-08-20 10:43:48 DEBUG UserDao:92 - 03. Run flag=1
2019-08-20 10:43:48 DEBUG UserDao:93 - =============================
2019-08-20 10:43:48 DEBUG UserDaoTest:27 - =============================
2019-08-20 10:43:48 DEBUG UserDaoTest:28 - 01. add flag=1
2019-08-20 10:43:48 DEBUG UserDaoTest:29 - =============================
2019-08-20 10:43:48 DEBUG UserDaoTest:32 - =============================
2019-08-20 10:43:48 DEBUG UserDaoTest:33 - 등록 성공j01_125
2019-08-20 10:43:48 DEBUG UserDaoTest:34 - =============================
2019-08-20 10:43:48 DEBUG UserDaoTest:36 - =============================
2019-08-20 10:43:48 DEBUG UserDaoTest:37 - 단건 조회
2019-08-20 10:43:48 DEBUG UserDaoTest:38 - =============================
2019-08-20 10:43:48 DEBUG DUserDao:21 - ---------------------
2019-08-20 10:43:48 DEBUG DUserDao:22 - 01. conn : oracle.jdbc.driver.T4CConnection@5025a98f
2019-08-20 10:43:48 DEBUG DUserDao:23 - ---------------------
2019-08-20 10:43:48 DEBUG UserDao:133 - =============================
2019-08-20 10:43:48 DEBUG UserDao:134 - 02. sql=
 SELECT         
     u_id,      
     name,      
     passwd     
 FROM users     
 WHERE u_id = ? 

2019-08-20 10:43:48 DEBUG UserDao:135 - =============================
2019-08-20 10:43:48 DEBUG UserDao:142 - =============================
2019-08-20 10:43:48 DEBUG UserDao:143 - 03. param=j01_125
2019-08-20 10:43:48 DEBUG UserDao:144 - =============================
2019-08-20 10:43:48 DEBUG UserDao:156 - =============================
2019-08-20 10:43:48 DEBUG UserDao:157 - 04. output=User [u_id=j01_125, name=노명진, passwd=1234]
2019-08-20 10:43:48 DEBUG UserDao:158 - =============================
2019-08-20 10:43:48 DEBUG UserDaoTest:45 - =============================
2019-08-20 10:43:48 DEBUG UserDaoTest:46 - 조회 성공User [u_id=j01_125, name=노명진, passwd=1234]
2019-08-20 10:43:48 DEBUG UserDaoTest:47 - =============================
