2019-08-19 16:11:08 DEBUG UserDao:169 - ---------------------
2019-08-19 16:11:08 DEBUG UserDao:170 - Main
2019-08-19 16:11:08 DEBUG UserDao:171 - ---------------------
2019-08-19 16:11:08 DEBUG UserDao:176 - =============================
2019-08-19 16:11:08 DEBUG UserDao:177 - 단건 등록
2019-08-19 16:11:08 DEBUG UserDao:178 - =============================
2019-08-19 16:11:09 DEBUG UserDao:17 - ---------------------
2019-08-19 16:11:09 DEBUG UserDao:18 - 01. conn : oracle.jdbc.driver.T4CConnection@1f89ab83
2019-08-19 16:11:09 DEBUG UserDao:19 - ---------------------
2019-08-19 16:11:09 DEBUG UserDao:70 - =============================
2019-08-19 16:11:09 DEBUG UserDao:71 - 02. sql=
 INSERT INTO users (  
     u_id,            
     name,            
     passwd           
 ) VALUES (           
     ?,               
     ?,               
     ?                
 )                    

2019-08-19 16:11:09 DEBUG UserDao:72 - =============================
2019-08-19 16:11:09 DEBUG UserDao:81 - =============================
2019-08-19 16:11:09 DEBUG UserDao:82 - 03. param=User [u_id=j01_125, name=노명진, passwd=1234]
2019-08-19 16:11:09 DEBUG UserDao:83 - =============================
2019-08-19 16:11:09 DEBUG UserDao:89 - =============================
2019-08-19 16:11:09 DEBUG UserDao:90 - 03. Run flag=1
2019-08-19 16:11:09 DEBUG UserDao:91 - =============================
2019-08-19 16:11:09 DEBUG UserDao:181 - =============================
2019-08-19 16:11:09 DEBUG UserDao:182 - 01. add flag=1
2019-08-19 16:11:09 DEBUG UserDao:183 - =============================
2019-08-19 16:11:09 DEBUG UserDao:186 - =============================
2019-08-19 16:11:09 DEBUG UserDao:187 - 등록 성공j01_125
2019-08-19 16:11:09 DEBUG UserDao:188 - =============================
2019-08-19 16:11:09 DEBUG UserDao:190 - =============================
2019-08-19 16:11:09 DEBUG UserDao:191 - 단건 조회
2019-08-19 16:11:09 DEBUG UserDao:192 - =============================
2019-08-19 16:11:09 DEBUG UserDao:17 - ---------------------
2019-08-19 16:11:09 DEBUG UserDao:18 - 01. conn : oracle.jdbc.driver.T4CConnection@5025a98f
2019-08-19 16:11:09 DEBUG UserDao:19 - ---------------------
2019-08-19 16:11:09 DEBUG UserDao:131 - =============================
2019-08-19 16:11:09 DEBUG UserDao:132 - 02. sql=
 SELECT         
     u_id,      
     name,      
     passwd     
 FROM users     
 WHERE u_id = ? 

2019-08-19 16:11:09 DEBUG UserDao:133 - =============================
2019-08-19 16:11:09 DEBUG UserDao:140 - =============================
2019-08-19 16:11:09 DEBUG UserDao:141 - 03. param=j01_125
2019-08-19 16:11:09 DEBUG UserDao:142 - =============================
2019-08-19 16:11:09 DEBUG UserDao:154 - =============================
2019-08-19 16:11:09 DEBUG UserDao:155 - 04. output=User [u_id=j01_125, name=노명진, passwd=1234]
2019-08-19 16:11:09 DEBUG UserDao:156 - =============================
2019-08-19 16:11:09 DEBUG UserDao:199 - =============================
2019-08-19 16:11:09 DEBUG UserDao:200 - 조회 성공User [u_id=j01_125, name=노명진, passwd=1234]
2019-08-19 16:11:09 DEBUG UserDao:201 - =============================
